{
    "info": {
        "added": 1647711727.887345, 
        "started": 1647724834.73182, 
        "duration": 613, 
        "ended": 1647725448.317784, 
        "owner": null, 
        "score": 0.1, 
        "id": 2869976, 
        "category": "file", 
        "git": {
            "head": "e8f6317b4b3ef806085a1e99e64c6ff01f26948f", 
            "fetch_head": "e8f6317b4b3ef806085a1e99e64c6ff01f26948f"
        }, 
        "monitor": "2deb9ccd75d5a7a3fe05b2625b03a8639d6ee36b", 
        "package": "", 
        "route": "internet", 
        "custom": null, 
        "machine": {
            "status": "stopped", 
            "name": "win7x6425", 
            "label": "win7x6425", 
            "platform": "windows", 
            "manager": "VirtualBox", 
            "started_on": "2022-03-19 21:20:36", 
            "shutdown_on": "2022-03-19 21:30:47"
        }, 
        "platform": null, 
        "version": "2.0.7", 
        "options": "procmemdump=yes,route=internet"
    }, 
    "extracted": [
        {
            "category": "script", 
            "yara": [], 
            "info": {}, 
            "pid": 2636, 
            "raw": "/srv/cuckoo/cwd/storage/analyses/2869976/extracted/0.bat", 
            "program": "cmd", 
            "first_seen": 1647711728.328125
        }
    ], 
    "signatures": [
        {
            "families": [], 
            "description": "Checks if process is being debugged by a debugger", 
            "severity": 1, 
            "ttp": {}, 
            "markcount": 1, 
            "references": [], 
            "marks": [
                {
                    "call": {
                        "category": "system", 
                        "status": 0, 
                        "stacktrace": [], 
                        "last_error": 0, 
                        "nt_status": -1073741685, 
                        "api": "IsDebuggerPresent", 
                        "return_value": 0, 
                        "arguments": {}, 
                        "time": 1647711306.565519, 
                        "tid": 1448, 
                        "flags": {}
                    }, 
                    "pid": 2640, 
                    "type": "call", 
                    "cid": 27
                }
            ], 
            "name": "checks_debugger"
        }
    ], 
    "target": {
        "category": "file", 
        "file": {
            "mimetype": "application/x-chrome-extension", 
            "yara": [], 
            "sha1": "c0827acb8043d60ef07e40dafd32ab86d2ac6f29", 
            "name": "extension_0_1_4_0 (2).crx", 
            "type": "Google Chrome extension, version 3", 
            "sha256": "bf5d37c27261a5bd682008cebc64303143489df46a17b4e0ba1ed695b2999a73", 
            "urls": [], 
            "crc32": "A998CCF0", 
            "path": "/srv/cuckoo/cwd/storage/binaries/bf5d37c27261a5bd682008cebc64303143489df46a17b4e0ba1ed695b2999a73", 
            "ssdeep": "6144:q2iediIHVHvuJ6U+Jh4WH1P2gJSPyf63D:qx7AVHvuJ40zgm", 
            "size": 228613, 
            "sha512": "812ea710ffd2b20774942f98dc79b8afd8b5ea863b3d55ee0ebe84a60e102ba282d903178428aea64c7a77fb63682e95e378c641fba8dd03e606f22e4bc60324", 
            "md5": "1155bba302d99c0694c327483d0d9720"
        }, 
        "custom": null
    }, 
    "irma": {
        "status": 0, 
        "probes_finished": 16, 
        "scan_id": "e0f001da-189a-4841-b373-158c608942f6", 
        "parent_file_sha256": null, 
        "probes_total": 16, 
        "scan_date": 1647718249, 
        "name": "bf5d37c27261a5bd682008cebc64303143489df46a17b4e0ba1ed695b2999a73", 
        "other_results": [], 
        "submitter": "cli", 
        "file_infos": {
            "mimetype": "Google Chrome extension, version 3", 
            "sha1": "c0827acb8043d60ef07e40dafd32ab86d2ac6f29", 
            "tags": [], 
            "timestamp_first_scan": 1647163691.6, 
            "timestamp_last_scan": 1647718259.36, 
            "sha256": "bf5d37c27261a5bd682008cebc64303143489df46a17b4e0ba1ed695b2999a73", 
            "md5": "1155bba302d99c0694c327483d0d9720", 
            "size": 228613
        }, 
        "probe_results": {
            "antivirus": {
                "Avast Core Security (Linux)": {
                    "status": 0, 
                    "duration": 0.02, 
                    "version": "3.0.3", 
                    "results": null, 
                    "virus_database_version": "unavailable"
                }, 
                "F-Secure Antivirus (Linux)": {
                    "status": 0, 
                    "duration": 0.47, 
                    "version": "11.10", 
                    "results": null, 
                    "virus_database_version": "2022-02-04_03"
                }, 
                "Windows Defender (Windows)": {
                    "status": 0, 
                    "duration": 0.19, 
                    "version": "1.1.18900.3", 
                    "results": null, 
                    "virus_database_version": "1.359.1348.0"
                }, 
                "Comodo Antivirus (Linux)": {
                    "status": 0, 
                    "duration": 2.12, 
                    "version": "1.1.268025.1", 
                    "results": null, 
                    "virus_database_version": "2021-12-31"
                }, 
                "Kaspersky Antivirus (Win)": {
                    "status": 0, 
                    "duration": 0.77, 
                    "version": "21.3", 
                    "results": null, 
                    "virus_database_version": "2022-03-11 01:06:00 (full)"
                }, 
                "ESET NOD32 Antivirus (Linux)": {
                    "status": 0, 
                    "duration": 5.16, 
                    "version": "4.0.96", 
                    "results": null, 
                    "virus_database_version": "61ad92b8-1e6f6 (2022-02-04)"
                }, 
                "GData (Windows)": {
                    "status": 0, 
                    "duration": 0.25, 
                    "version": "5.5.20197.1358", 
                    "results": null, 
                    "virus_database_version": "unavailable"
                }, 
                "Forticlient (Linux)": {
                    "status": 0, 
                    "duration": 3.04, 
                    "version": "unavailable", 
                    "results": null, 
                    "virus_database_version": "unavailable"
                }, 
                "Avira (Windows)": {
                    "status": 0, 
                    "duration": 3.92, 
                    "version": "8.3.64.66", 
                    "results": null, 
                    "virus_database_version": "8.19.1.122"
                }, 
                "eScan Antivirus (Linux)": {
                    "status": 0, 
                    "duration": 4.29, 
                    "version": "7.0.21", 
                    "results": null, 
                    "virus_database_version": "7.91093 (04/02/2022)"
                }, 
                "McAfee CLI scanner (Linux)": {
                    "status": 0, 
                    "duration": 4.61, 
                    "version": "6.0.6.653", 
                    "results": null, 
                    "virus_database_version": "10247"
                }, 
                "Sophos Anti-Virus (Linux)": {
                    "status": 0, 
                    "duration": 6.53, 
                    "version": "5.85.0", 
                    "results": null, 
                    "virus_database_version": "5.90 (01 February 2022)"
                }, 
                "DrWeb Antivirus (Linux)": {
                    "status": 0, 
                    "duration": 0.27, 
                    "version": "11.1.11.2110182032", 
                    "results": null, 
                    "virus_database_version": "unavailable"
                }, 
                "ClamAV (Linux)": {
                    "status": 0, 
                    "duration": 0.05, 
                    "version": "0.103.5", 
                    "results": null, 
                    "virus_database_version": "26474"
                }, 
                "Bitdefender Antivirus (Linux)": {
                    "status": 0, 
                    "duration": 6.81, 
                    "version": "7.90123", 
                    "results": null, 
                    "virus_database_version": null
                }, 
                "Emsisoft Commandline Scanner (Windows)": {
                    "status": 0, 
                    "duration": 0.61, 
                    "version": "2021.10.0.11201", 
                    "results": null, 
                    "virus_database_version": "unavailable"
                }
            }
        }, 
        "path": "", 
        "result_id": "de3c7c0e-f484-4c8a-89ce-7cb84d0fac89", 
        "file_sha256": "bf5d37c27261a5bd682008cebc64303143489df46a17b4e0ba1ed695b2999a73"
    }, 
    "suricata": {
        "tls": [], 
        "files": [], 
        "alerts": [], 
        "http": [
            {
                "status": "200", 
                "timestamp": "2022-03-19T21:25:00.559211+0200", 
                "referer": null, 
                "content_type": "application/pkix-crl", 
                "src_port": 49233, 
                "url": "/pki/crl/products/microsoftrootcert.crl", 
                "hostname": "crl.microsoft.com", 
                "src_ip": "192.168.168.225", 
                "length": 767, 
                "dst_port": 80, 
                "dst_ip": "83.255.218.17", 
                "method": "GET", 
                "user_agent": "Microsoft-CryptoAPI/6.1"
            }, 
            {
                "status": "200", 
                "timestamp": "2022-03-19T21:25:05.718632+0200", 
                "referer": null, 
                "content_type": "application/octet-stream", 
                "src_port": 49233, 
                "url": "/pki/crl/products/MicrosoftTimeStampPCA.crl", 
                "hostname": "crl.microsoft.com", 
                "src_ip": "192.168.168.225", 
                "length": 519, 
                "dst_port": 80, 
                "dst_ip": "83.255.218.17", 
                "method": "GET", 
                "user_agent": "Microsoft-CryptoAPI/6.1"
            }, 
            {
                "status": "200", 
                "timestamp": "2022-03-19T21:25:12.249520+0200", 
                "referer": null, 
                "content_type": "application/octet-stream", 
                "src_port": 49233, 
                "url": "/pki/crl/products/MicCodSigPCA_08-31-2010.crl", 
                "hostname": "crl.microsoft.com", 
                "src_ip": "192.168.168.225", 
                "length": 564, 
                "dst_port": 80, 
                "dst_ip": "83.255.218.17", 
                "method": "GET", 
                "user_agent": "Microsoft-CryptoAPI/6.1"
            }, 
            {
                "status": "200", 
                "timestamp": "2022-03-19T21:25:17.436939+0200", 
                "referer": null, 
                "content_type": "application/ocsp-response", 
                "src_port": 49236, 
                "url": "/MFEwTzBNMEswSTAJBgUrDgMCGgUABBT3xL4LQLXDRDM9P665TW442vrsUQQUReuir%2FSSy4IxLVGLp6chnfNtyA8CEA%2BoSQYV1wCgviF2%2FcXsbb0%3D", 
                "hostname": "ocsp.digicert.com", 
                "src_ip": "192.168.168.225", 
                "length": 471, 
                "dst_port": 80, 
                "dst_ip": "93.184.220.29", 
                "method": "GET", 
                "user_agent": "Microsoft-CryptoAPI/6.1"
            }, 
            {
                "status": "200", 
                "timestamp": "2022-03-19T21:25:22.608868+0200", 
                "referer": null, 
                "content_type": "application/ocsp-response", 
                "src_port": 49236, 
                "url": "/MFEwTzBNMEswSTAJBgUrDgMCGgUABBSYagvY3tfizDNoybzVSPFZmSEm0wQUe2jOKarAF75JeuHlP9an90WPNTICEAUR6vhXniZivmIt5a4M1Ag%3D", 
                "hostname": "ocsp.digicert.com", 
                "src_ip": "192.168.168.225", 
                "length": 471, 
                "dst_port": 80, 
                "dst_ip": "93.184.220.29", 
                "method": "GET", 
                "user_agent": "Microsoft-CryptoAPI/6.1"
            }, 
            {
                "status": "200", 
                "timestamp": "2022-03-19T21:25:27.639124+0200", 
                "referer": null, 
                "content_type": "application/pkix-crl", 
                "src_port": 49237, 
                "url": "/pca3.crl", 
                "hostname": "crl.verisign.com", 
                "src_ip": "192.168.168.225", 
                "length": 1482, 
                "dst_port": 80, 
                "dst_ip": "93.184.220.29", 
                "method": "GET", 
                "user_agent": "Microsoft-CryptoAPI/6.1"
            }, 
            {
                "status": "200", 
                "timestamp": "2022-03-19T21:25:28.432684+0200", 
                "referer": null, 
                "content_type": "application/pkix-crl", 
                "src_port": 49238, 
                "url": "/pca3.crl", 
                "hostname": "crl.verisign.com", 
                "src_ip": "192.168.168.225", 
                "length": 1482, 
                "dst_port": 80, 
                "dst_ip": "93.184.220.29", 
                "method": "GET", 
                "user_agent": "Microsoft-CryptoAPI/6.1"
            }, 
            {
                "status": "200", 
                "timestamp": "2022-03-19T21:25:33.186738+0200", 
                "referer": null, 
                "content_type": "application/ocsp-response", 
                "src_port": 49239, 
                "url": "/MFEwTzBNMEswSTAJBgUrDgMCGgUABBS56bKHAoUD%2BOyl%2B0LhPg9JxyQm4gQUf9Nlp8Ld7LvwMAnzQzn6Aq8zMTMCEFIA5aolVvwahu2WydRLM8c%3D", 
                "hostname": "ocsp.verisign.com", 
                "src_ip": "192.168.168.225", 
                "length": 5, 
                "dst_port": 80, 
                "dst_ip": "23.52.27.27", 
                "method": "GET", 
                "user_agent": "Microsoft-CryptoAPI/6.1"
            }, 
            {
                "status": "200", 
                "timestamp": "2022-03-19T21:25:33.968106+0200", 
                "referer": null, 
                "content_type": "application/ocsp-response", 
                "src_port": 49240, 
                "url": "/MFEwTzBNMEswSTAJBgUrDgMCGgUABBQ%2FxkCfyHfJr7GQ6M658NRZ4SHo%2FAQUCPVR6Pv%2BPT1kNnxoz1t4qN%2B5xTcCECcNdVyfWsO322H1CZgocHg%3D", 
                "hostname": "ocsp.verisign.com", 
                "src_ip": "192.168.168.225", 
                "length": 5, 
                "dst_port": 80, 
                "dst_ip": "23.52.27.27", 
                "method": "GET", 
                "user_agent": "Microsoft-CryptoAPI/6.1"
            }, 
            {
                "status": "200", 
                "timestamp": "2022-03-19T21:25:38.123436+0200", 
                "referer": null, 
                "content_type": "application/ocsp-response", 
                "src_port": 49239, 
                "url": "/MFEwTzBNMEswSTAJBgUrDgMCGgUABBTSqZMG5M8TA9rdzkbCnNwuMAd5VgQUz5mp6nsm9EvJjo%2FX8AUm7%2BPSp50CEApPmHp2nko1OyaHijvT094%3D", 
                "hostname": "ocsp.verisign.com", 
                "src_ip": "192.168.168.225", 
                "length": 1551, 
                "dst_port": 80, 
                "dst_ip": "23.52.27.27", 
                "method": "GET", 
                "user_agent": "Microsoft-CryptoAPI/6.1"
            }, 
            {
                "status": "200", 
                "timestamp": "2022-03-19T21:25:39.264990+0200", 
                "referer": null, 
                "content_type": "application/ocsp-response", 
                "src_port": 49240, 
                "url": "/MFEwTzBNMEswSTAJBgUrDgMCGgUABBQ%2FxkCfyHfJr7GQ6M658NRZ4SHo%2FAQUCPVR6Pv%2BPT1kNnxoz1t4qN%2B5xTcCECcNdVyfWsO322H1CZgocHg%3D", 
                "hostname": "ocsp.verisign.com", 
                "src_ip": "192.168.168.225", 
                "length": 5, 
                "dst_port": 80, 
                "dst_ip": "23.52.27.27", 
                "method": "GET", 
                "user_agent": "Microsoft-CryptoAPI/6.1"
            }, 
            {
                "status": "200", 
                "timestamp": "2022-03-19T21:25:43.331599+0200", 
                "referer": null, 
                "content_type": "application/ocsp-response", 
                "src_port": 49241, 
                "url": "/MFEwTzBNMEswSTAJBgUrDgMCGgUABBQckPwgwK2Thdm9JYVwXQ4ERz3XDQQUo47PGUI9MeGrIYmEbcvZeaKysloCEFDtZ0JVYUv07T7UI8yTyn0%3D", 
                "hostname": "evcs-ocsp.ws.symantec.com", 
                "src_ip": "192.168.168.225", 
                "length": 1517, 
                "dst_port": 80, 
                "dst_ip": "23.52.27.27", 
                "method": "GET", 
                "user_agent": "Microsoft-CryptoAPI/6.1"
            }, 
            {
                "status": "200", 
                "timestamp": "2022-03-19T21:25:48.481853+0200", 
                "referer": null, 
                "content_type": "application/ocsp-response", 
                "src_port": 49239, 
                "url": "/MFEwTzBNMEswSTAJBgUrDgMCGgUABBS56bKHAoUD%2BOyl%2B0LhPg9JxyQm4gQUf9Nlp8Ld7LvwMAnzQzn6Aq8zMTMCEGxZ76nhAOEO4wa6j%2BApJVk%3D", 
                "hostname": "ocsp.verisign.com", 
                "src_ip": "192.168.168.225", 
                "length": 1560, 
                "dst_port": 80, 
                "dst_ip": "23.52.27.27", 
                "method": "GET", 
                "user_agent": "Microsoft-CryptoAPI/6.1"
            }, 
            {
                "status": "200", 
                "timestamp": "2022-03-19T21:25:53.996247+0200", 
                "referer": null, 
                "content_type": "application/ocsp-response", 
                "src_port": 49239, 
                "url": "/MFEwTzBNMEswSTAJBgUrDgMCGgUABBQ%2FxkCfyHfJr7GQ6M658NRZ4SHo%2FAQUCPVR6Pv%2BPT1kNnxoz1t4qN%2B5xTcCECcNdVyfWsO322H1CZgocHg%3D", 
                "hostname": "ocsp.verisign.com", 
                "src_ip": "192.168.168.225", 
                "length": 5, 
                "dst_port": 80, 
                "dst_ip": "23.52.27.27", 
                "method": "GET", 
                "user_agent": "Microsoft-CryptoAPI/6.1"
            }
        ]
    }, 
    "virustotal": {
        "summary": {
            "error": "resource has not been scanned yet"
        }
    }, 
    "sysmon": [
        {
            "@xmlns": "http://schemas.microsoft.com/win/2004/08/events/event", 
            "System": {
                "Provider": {
                    "@Name": "Microsoft-Windows-Sysmon", 
                    "@Guid": "{5770385F-C22A-43E0-BF4C-06F5698FFBD9}"
                }, 
                "EventID": "3", 
                "Version": "5", 
                "Level": "4", 
                "Task": "3", 
                "Opcode": "0", 
                "Keywords": "0x8000000000000000", 
                "TimeCreated": {
                    "@SystemTime": "2022-03-19T19:25:53.647875000Z"
                }, 
                "EventRecordID": "9850", 
                "Correlation": null, 
                "Execution": {
                    "@ProcessID": "1236", 
                    "@ThreadID": "1868"
                }, 
                "Channel": "Microsoft-Windows-Sysmon/Operational", 
                "Computer": "hQVHvOLTD", 
                "Security": {
                    "@UserID": "S-1-5-18"
                }
            }, 
            "EventData": {
                "Data": [
                    {
                        "@Name": "RuleName"
                    }, 
                    {
                        "@Name": "UtcTime", 
                        "#text": "2020-06-16 02:58:35.325"
                    }, 
                    {
                        "@Name": "ProcessGuid", 
                        "#text": "{7EA2F8B5-32C5-5EE8-0000-001093E50000}"
                    }, 
                    {
                        "@Name": "ProcessId", 
                        "#text": "348"
                    }, 
                    {
                        "@Name": "Image", 
                        "#text": "C:\\Windows\\System32\\svchost.exe"
                    }, 
                    {
                        "@Name": "User", 
                        "#text": "NT AUTHORITY\\NETWORK SERVICE"
                    }, 
                    {
                        "@Name": "Protocol", 
                        "#text": "udp"
                    }, 
                    {
                        "@Name": "Initiated", 
                        "#text": "false"
                    }, 
                    {
                        "@Name": "SourceIsIpv6", 
                        "#text": "false"
                    }, 
                    {
                        "@Name": "SourceIp", 
                        "#text": "224.0.0.252"
                    }, 
                    {
                        "@Name": "SourceHostname"
                    }, 
                    {
                        "@Name": "SourcePort", 
                        "#text": "5355"
                    }, 
                    {
                        "@Name": "SourcePortName", 
                        "#text": "llmnr"
                    }, 
                    {
                        "@Name": "DestinationIsIpv6", 
                        "#text": "false"
                    }, 
                    {
                        "@Name": "DestinationIp", 
                        "#text": "192.168.168.226"
                    }, 
                    {
                        "@Name": "DestinationHostname", 
                        "#text": "cGjrIYxyrJbQOjyI"
                    }, 
                    {
                        "@Name": "DestinationPort", 
                        "#text": "61733"
                    }, 
                    {
                        "@Name": "DestinationPortName"
                    }
                ]
            }
        }, 
        {
            "@xmlns": "http://schemas.microsoft.com/win/2004/08/events/event", 
            "System": {
                "Provider": {
                    "@Name": "Microsoft-Windows-Sysmon", 
                    "@Guid": "{5770385F-C22A-43E0-BF4C-06F5698FFBD9}"
                }, 
                "EventID": "3", 
                "Version": "5", 
                "Level": "4", 
                "Task": "3", 
                "Opcode": "0", 
                "Keywords": "0x8000000000000000", 
                "TimeCreated": {
                    "@SystemTime": "2022-03-19T19:25:53.647875000Z"
                }, 
                "EventRecordID": "9849", 
                "Correlation": null, 
                "Execution": {
                    "@ProcessID": "1236", 
                    "@ThreadID": "1868"
                }, 
                "Channel": "Microsoft-Windows-Sysmon/Operational", 
                "Computer": "hQVHvOLTD", 
                "Security": {
                    "@UserID": "S-1-5-18"
                }
            }, 
            "EventData": {
                "Data": [
                    {
                        "@Name": "RuleName"
                    }, 
                    {
                        "@Name": "UtcTime", 
                        "#text": "2020-06-16 02:58:35.325"
                    }, 
                    {
                        "@Name": "ProcessGuid", 
                        "#text": "{7EA2F8B5-32C5-5EE8-0000-001093E50000}"
                    }, 
                    {
                        "@Name": "ProcessId", 
                        "#text": "348"
                    }, 
                    {
                        "@Name": "Image", 
                        "#text": "C:\\Windows\\System32\\svchost.exe"
                    }, 
                    {
                        "@Name": "User", 
                        "#text": "NT AUTHORITY\\NETWORK SERVICE"
                    }, 
                    {
                        "@Name": "Protocol", 
                        "#text": "udp"
                    }, 
                    {
                        "@Name": "Initiated", 
                        "#text": "false"
                    }, 
                    {
                        "@Name": "SourceIsIpv6", 
                        "#text": "true"
                    }, 
                    {
                        "@Name": "SourceIp", 
                        "#text": "ff02:0:0:0:0:0:1:3"
                    }, 
                    {
                        "@Name": "SourceHostname"
                    }, 
                    {
                        "@Name": "SourcePort", 
                        "#text": "5355"
                    }, 
                    {
                        "@Name": "SourcePortName", 
                        "#text": "llmnr"
                    }, 
                    {
                        "@Name": "DestinationIsIpv6", 
                        "#text": "true"
                    }, 
                    {
                        "@Name": "DestinationIp", 
                        "#text": "fe80:0:0:0:cc37:f144:74b6:9c90"
                    }, 
                    {
                        "@Name": "DestinationHostname", 
                        "#text": "cGjrIYxyrJbQOjyI"
                    }, 
                    {
                        "@Name": "DestinationPort", 
                        "#text": "60158"
                    }, 
                    {
                        "@Name": "DestinationPortName"
                    }
                ]
            }
        }, 
        {
            "@xmlns": "http://schemas.microsoft.com/win/2004/08/events/event", 
            "System": {
                "Provider": {
                    "@Name": "Microsoft-Windows-Sysmon", 
                    "@Guid": "{5770385F-C22A-43E0-BF4C-06F5698FFBD9}"
                }, 
                "EventID": "3", 
                "Version": "5", 
                "Level": "4", 
                "Task": "3", 
                "Opcode": "0", 
                "Keywords": "0x8000000000000000", 
                "TimeCreated": {
                    "@SystemTime": "2022-03-19T19:25:53.647875000Z"
                }, 
                "EventRecordID": "9848", 
                "Correlation": null, 
                "Execution": {
                    "@ProcessID": "1236", 
                    "@ThreadID": "1868"
                }, 
                "Channel": "Microsoft-Windows-Sysmon/Operational", 
                "Computer": "hQVHvOLTD", 
                "Security": {
                    "@UserID": "S-1-5-18"
                }
            }, 
            "EventData": {
                "Data": [
                    {
                        "@Name": "RuleName"
                    }, 
                    {
                        "@Name": "UtcTime", 
                        "#text": "2020-06-16 02:58:35.137"
                    }, 
                    {
                        "@Name": "ProcessGuid", 
                        "#text": "{7EA2F8B5-32C6-5EE8-0000-001063460200}"
                    }, 
                    {
                        "@Name": "ProcessId", 
                        "#text": "880"
                    }, 
                    {
                        "@Name": "Image", 
                        "#text": "C:\\Python27\\pythonw.exe"
                    }, 
                    {
                        "@Name": "User", 
                        "#text": "HQVHVOLTD\\Administrator"
                    }, 
                    {
                        "@Name": "Protocol", 
                        "#text": "tcp"
                    }, 
                    {
                        "@Name": "Initiated", 
                        "#text": "false"
                    }, 
                    {
                        "@Name": "SourceIsIpv6", 
                        "#text": "false"
                    }, 
                    {
                        "@Name": "SourceIp", 
                        "#text": "192.168.168.225"
                    }, 
                    {
                        "@Name": "SourceHostname", 
                        "#text": "hQVHvOLTD"
                    }, 
                    {
                        "@Name": "SourcePort", 
                        "#text": "8000"
                    }, 
                    {
                        "@Name": "SourcePortName"
                    }, 
                    {
                        "@Name": "DestinationIsIpv6", 
                        "#text": "false"
                    }, 
                    {
                        "@Name": "DestinationIp", 
                        "#text": "192.168.168.1"
                    }, 
                    {
                        "@Name": "DestinationHostname"
                    }, 
                    {
                        "@Name": "DestinationPort", 
                        "#text": "55824"
                    }, 
                    {
                        "@Name": "DestinationPortName"
                    }
                ]
            }
        }, 
        {
            "@xmlns": "http://schemas.microsoft.com/win/2004/08/events/event", 
            "System": {
                "Provider": {
                    "@Name": "Microsoft-Windows-Sysmon", 
                    "@Guid": "{5770385F-C22A-43E0-BF4C-06F5698FFBD9}"
                }, 
                "EventID": "3", 
                "Version": "5", 
                "Level": "4", 
                "Task": "3", 
                "Opcode": "0", 
                "Keywords": "0x8000000000000000", 
                "TimeCreated": {
                    "@SystemTime": "2022-03-19T19:25:53.647875000Z"
                }, 
                "EventRecordID": "9847", 
                "Correlation": null, 
                "Execution": {
                    "@ProcessID": "1236", 
                    "@ThreadID": "1868"
                }, 
                "Channel": "Microsoft-Windows-Sysmon/Operational", 
                "Computer": "hQVHvOLTD", 
                "Security": {
                    "@UserID": "S-1-5-18"
                }
            }, 
            "EventData": {
                "Data": [
                    {
                        "@Name": "RuleName"
                    }, 
                    {
                        "@Name": "UtcTime", 
                        "#text": "2020-06-16 02:58:34.833"
                    }, 
                    {
                        "@Name": "ProcessGuid", 
                        "#text": "{7EA2F8B5-32C5-5EE8-0000-001093E50000}"
                    }, 
                    {
                        "@Name": "ProcessId", 
                        "#text": "348"
                    }, 
                    {
                        "@Name": "Image", 
                        "#text": "C:\\Windows\\System32\\svchost.exe"
                    }, 
                    {
                        "@Name": "User", 
                        "#text": "NT AUTHORITY\\NETWORK SERVICE"
                    }, 
                    {
                        "@Name": "Protocol", 
                        "#text": "udp"
                    }, 
                    {
                        "@Name": "Initiated", 
                        "#text": "false"
                    }, 
                    {
                        "@Name": "SourceIsIpv6", 
                        "#text": "true"
                    }, 
                    {
                        "@Name": "SourceIp", 
                        "#text": "ff02:0:0:0:0:0:1:3"
                    }, 
                    {
                        "@Name": "SourceHostname"
                    }, 
                    {
                        "@Name": "SourcePort", 
                        "#text": "5355"
                    }, 
                    {
                        "@Name": "SourcePortName", 
                        "#text": "llmnr"
                    }, 
                    {
                        "@Name": "DestinationIsIpv6", 
                        "#text": "true"
                    }, 
                    {
                        "@Name": "DestinationIp", 
                        "#text": "fe80:0:0:0:fdc5:32e5:3d54:5626"
                    }, 
                    {
                        "@Name": "DestinationHostname", 
                        "#text": "hQVHvOLTD"
                    }, 
                    {
                        "@Name": "DestinationPort", 
                        "#text": "60211"
                    }, 
                    {
                        "@Name": "DestinationPortName"
                    }
                ]
            }
        }, 
        {
            "@xmlns": "http://schemas.microsoft.com/win/2004/08/events/event", 
            "System": {
                "Provider": {
                    "@Name": "Microsoft-Windows-Sysmon", 
                    "@Guid": "{5770385F-C22A-43E0-BF4C-06F5698FFBD9}"
                }, 
                "EventID": "3", 
                "Version": "5", 
                "Level": "4", 
                "Task": "3", 
                "Opcode": "0", 
                "Keywords": "0x8000000000000000", 
                "TimeCreated": {
                    "@SystemTime": "2022-03-19T19:25:53.647875000Z"
                }, 
                "EventRecordID": "9846", 
                "Correlation": null, 
                "Execution": {
                    "@ProcessID": "1236", 
                    "@ThreadID": "1868"
                }, 
                "Channel": "Microsoft-Windows-Sysmon/Operational", 
                "Computer": "hQVHvOLTD", 
                "Security": {
                    "@UserID": "S-1-5-18"
                }
            }, 
            "EventData": {
                "Data": [
                    {
                        "@Name": "RuleName"
                    }, 
                    {
                        "@Name": "UtcTime", 
                        "#text": "2020-06-16 02:58:34.458"
                    }, 
                    {
                        "@Name": "ProcessGuid", 
                        "#text": "{7EA2F8B5-32C5-5EE8-0000-001093E50000}"
                    }, 
                    {
                        "@Name": "ProcessId", 
                        "#text": "348"
                    }, 
                    {
                        "@Name": "Image", 
                        "#text": "C:\\Windows\\System32\\svchost.exe"
                    }, 
                    {
                        "@Name": "User", 
                        "#text": "NT AUTHORITY\\NETWORK SERVICE"
                    }, 
                    {
                        "@Name": "Protocol", 
                        "#text": "udp"
                    }, 
                    {
                        "@Name": "Initiated", 
                        "#text": "false"
                    }, 
                    {
                        "@Name": "SourceIsIpv6", 
                        "#text": "true"
                    }, 
                    {
                        "@Name": "SourceIp", 
                        "#text": "ff02:0:0:0:0:0:1:3"
                    }, 
                    {
                        "@Name": "SourceHostname"
                    }, 
                    {
                        "@Name": "SourcePort", 
                        "#text": "5355"
                    }, 
                    {
                        "@Name": "SourcePortName", 
                        "#text": "llmnr"
                    }, 
                    {
                        "@Name": "DestinationIsIpv6", 
                        "#text": "true"
                    }, 
                    {
                        "@Name": "DestinationIp", 
                        "#text": "fe80:0:0:0:fdc5:32e5:3d54:5626"
                    }, 
                    {
                        "@Name": "DestinationHostname", 
                        "#text": "hQVHvOLTD"
                    }, 
                    {
                        "@Name": "DestinationPort", 
                        "#text": "49890"
                    }, 
                    {
                        "@Name": "DestinationPortName"
                    }
                ]
            }
        }, 
        {
            "@xmlns": "http://schemas.microsoft.com/win/2004/08/events/event", 
            "System": {
                "Provider": {
                    "@Name": "Microsoft-Windows-Sysmon", 
                    "@Guid": "{5770385F-C22A-43E0-BF4C-06F5698FFBD9}"
                }, 
                "EventID": "3", 
                "Version": "5", 
                "Level": "4", 
                "Task": "3", 
                "Opcode": "0", 
                "Keywords": "0x8000000000000000", 
                "TimeCreated": {
                    "@SystemTime": "2022-03-19T19:25:52.147875000Z"
                }, 
                "EventRecordID": "9845", 
                "Correlation": null, 
                "Execution": {
                    "@ProcessID": "1236", 
                    "@ThreadID": "1868"
                }, 
                "Channel": "Microsoft-Windows-Sysmon/Operational", 
                "Computer": "hQVHvOLTD", 
                "Security": {
                    "@UserID": "S-1-5-18"
                }
            }, 
            "EventData": {
                "Data": [
                    {
                        "@Name": "RuleName"
                    }, 
                    {
                        "@Name": "UtcTime", 
                        "#text": "2020-06-16 02:58:34.371"
                    }, 
                    {
                        "@Name": "ProcessGuid", 
                        "#text": "{7EA2F8B5-32C0-5EE8-0000-0010EB030000}"
                    }, 
                    {
                        "@Name": "ProcessId", 
                        "#text": "4"
                    }, 
                    {
                        "@Name": "Image", 
                        "#text": "System"
                    }, 
                    {
                        "@Name": "User", 
                        "#text": "NT AUTHORITY\\SYSTEM"
                    }, 
                    {
                        "@Name": "Protocol", 
                        "#text": "udp"
                    }, 
                    {
                        "@Name": "Initiated", 
                        "#text": "false"
                    }, 
                    {
                        "@Name": "SourceIsIpv6", 
                        "#text": "false"
                    }, 
                    {
                        "@Name": "SourceIp", 
                        "#text": "192.168.168.255"
                    }, 
                    {
                        "@Name": "SourceHostname"
                    }, 
                    {
                        "@Name": "SourcePort", 
                        "#text": "138"
                    }, 
                    {
                        "@Name": "SourcePortName", 
                        "#text": "netbios-dgm"
                    }, 
                    {
                        "@Name": "DestinationIsIpv6", 
                        "#text": "false"
                    }, 
                    {
                        "@Name": "DestinationIp", 
                        "#text": "192.168.168.227"
                    }, 
                    {
                        "@Name": "DestinationHostname", 
                        "#text": "WCYrgrkiiNso"
                    }, 
                    {
                        "@Name": "DestinationPort", 
                        "#text": "138"
                    }, 
                    {
                        "@Name": "DestinationPortName", 
                        "#text": "netbios-dgm"
                    }
                ]
            }
        }, 
        {
            "@xmlns": "http://schemas.microsoft.com/win/2004/08/events/event", 
            "System": {
                "Provider": {
                    "@Name": "Microsoft-Windows-Sysmon", 
                    "@Guid": "{5770385F-C22A-43E0-BF4C-06F5698FFBD9}"
                }, 
                "EventID": "3", 
                "Version": "5", 
                "Level": "4", 
                "Task": "3", 
                "Opcode": "0", 
                "Keywords": "0x8000000000000000", 
                "TimeCreated": {
                    "@SystemTime": "2022-03-19T19:25:51.897875000Z"
                }, 
                "EventRecordID": "9844", 
                "Correlation": null, 
                "Execution": {
                    "@ProcessID": "1236", 
                    "@ThreadID": "1868"
                }, 
                "Channel": "Microsoft-Windows-Sysmon/Operational", 
                "Computer": "hQVHvOLTD", 
                "Security": {
                    "@UserID": "S-1-5-18"
                }
            }, 
            "EventData": {
                "Data": [
                    {
                        "@Name": "RuleName"
                    }, 
                    {
                        "@Name": "UtcTime", 
                        "#text": "2020-06-16 02:58:34.122"
                    }, 
                    {
                        "@Name": "ProcessGuid", 
                        "#text": "{7EA2F8B5-32C5-5EE8-0000-001093E50000}"
                    }, 
                    {
                        "@Name": "ProcessId", 
                        "#text": "348"
                    }, 
                    {
                        "@Name": "Image", 
                        "#text": "C:\\Windows\\System32\\svchost.exe"
                    }, 
                    {
                        "@Name": "User", 
                        "#text": "NT AUTHORITY\\NETWORK SERVICE"
                    }, 
                    {
                        "@Name": "Protocol", 
                        "#text": "udp"
                    }, 
                    {
                        "@Name": "Initiated", 
                        "#text": "false"
                    }, 
                    {
                        "@Name": "SourceIsIpv6", 
                        "#text": "false"
                    }, 
                    {
                        "@Name": "SourceIp", 
                        "#text": "224.0.0.252"
                    }, 
                    {
                        "@Name": "SourceHostname"
                    }, 
                    {
                        "@Name": "SourcePort", 
                        "#text": "5355"
                    }, 
                    {
                        "@Name": "SourcePortName", 
                        "#text": "llmnr"
                    }, 
                    {
                        "@Name": "DestinationIsIpv6", 
                        "#text": "false"
                    }, 
                    {
                        "@Name": "DestinationIp", 
                        "#text": "192.168.168.226"
                    }, 
                    {
                        "@Name": "DestinationHostname", 
                        "#text": "cGjrIYxyrJbQOjyI"
                    }, 
                    {
                        "@Name": "DestinationPort", 
                        "#text": "56670"
                    }, 
                    {
                        "@Name": "DestinationPortName"
                    }
                ]
            }
        }, 
        {
            "@xmlns": "http://schemas.microsoft.com/win/2004/08/events/event", 
            "System": {
                "Provider": {
                    "@Name": "Microsoft-Windows-Sysmon", 
                    "@Guid": "{5770385F-C22A-43E0-BF4C-06F5698FFBD9}"
                }, 
                "EventID": "3", 
                "Version": "5", 
                "Level": "4", 
                "Task": "3", 
                "Opcode": "0", 
                "Keywords": "0x8000000000000000", 
                "TimeCreated": {
                    "@SystemTime": "2022-03-19T19:25:51.897875000Z"
                }, 
                "EventRecordID": "9843", 
                "Correlation": null, 
                "Execution": {
                    "@ProcessID": "1236", 
                    "@ThreadID": "1868"
                }, 
                "Channel": "Microsoft-Windows-Sysmon/Operational", 
                "Computer": "hQVHvOLTD", 
                "Security": {
                    "@UserID": "S-1-5-18"
                }
            }, 
            "EventData": {
                "Data": [
                    {
                        "@Name": "RuleName"
                    }, 
                    {
                        "@Name": "UtcTime", 
                        "#text": "2020-06-16 02:58:34.121"
                    }, 
                    {
                        "@Name": "ProcessGuid", 
                        "#text": "{7EA2F8B5-32C5-5EE8-0000-001093E50000}"
                    }, 
                    {
                        "@Name": "ProcessId", 
                        "#text": "348"
                    }, 
                    {
                        "@Name": "Image", 
                        "#text": "C:\\Windows\\System32\\svchost.exe"
                    }, 
                    {
                        "@Name": "User", 
                        "#text": "NT AUTHORITY\\NETWORK SERVICE"
                    }, 
                    {
                        "@Name": "Protocol", 
                        "#text": "udp"
                    }, 
                    {
                        "@Name": "Initiated", 
                        "#text": "false"
                    }, 
                    {
                        "@Name": "SourceIsIpv6", 
                        "#text": "true"
                    }, 
                    {
                        "@Name": "SourceIp", 
                        "#text": "ff02:0:0:0:0:0:1:3"
                    }, 
                    {
                        "@Name": "SourceHostname"
                    }, 
                    {
                        "@Name": "SourcePort", 
                        "#text": "5355"
                    }, 
                    {
                        "@Name": "SourcePortName", 
                        "#text": "llmnr"
                    }, 
                    {
                        "@Name": "DestinationIsIpv6", 
                        "#text": "true"
                    }, 
                    {
                        "@Name": "DestinationIp", 
                        "#text": "fe80:0:0:0:cc37:f144:74b6:9c90"
                    }, 
                    {
                        "@Name": "DestinationHostname", 
                        "#text": "cGjrIYxyrJbQOjyI"
                    }, 
                    {
                        "@Name": "DestinationPort", 
                        "#text": "56400"
                    }, 
                    {
                        "@Name": "DestinationPortName"
                    }
                ]
            }
        }, 
