        {
            "@xmlns": "http://schemas.microsoft.com/win/2004/08/events/event", 
            "System": {
                "Provider": {
                    "@Name": "Microsoft-Windows-Sysmon", 
                    "@Guid": "{5770385F-C22A-43E0-BF4C-06F5698FFBD9}"
                }, 
                "EventID": "3", 
                "Version": "5", 
                "Level": "4", 
                "Task": "3", 
                "Opcode": "0", 
                "Keywords": "0x8000000000000000", 
                "TimeCreated": {
                    "@SystemTime": "2022-03-19T18:12:25.548250000Z"
                }, 
                "EventRecordID": "10222", 
                "Correlation": null, 
                "Execution": {
                    "@ProcessID": "1248", 
                    "@ThreadID": "1852"
                }, 
                "Channel": "Microsoft-Windows-Sysmon/Operational", 
                "Computer": "eUigbspVtnrdyDo", 
                "Security": {
                    "@UserID": "S-1-5-18"
                }
            }, 
            "EventData": {
                "Data": [
                    {
                        "@Name": "RuleName"
                    }, 
                    {
                        "@Name": "UtcTime", 
                        "#text": "2020-06-16 01:50:48.866"
                    }, 
                    {
                        "@Name": "ProcessGuid", 
                        "#text": "{7EA2F8B5-2169-5EE8-0000-0010EB030000}"
                    }, 
                    {
                        "@Name": "ProcessId", 
                        "#text": "4"
                    }, 
                    {
                        "@Name": "Image", 
                        "#text": "System"
                    }, 
                    {
                        "@Name": "User", 
                        "#text": "NT AUTHORITY\\SYSTEM"
                    }, 
                    {
                        "@Name": "Protocol", 
                        "#text": "udp"
                    }, 
                    {
                        "@Name": "Initiated", 
                        "#text": "false"
                    }, 
                    {
                        "@Name": "SourceIsIpv6", 
                        "#text": "false"
                    }, 
                    {
                        "@Name": "SourceIp", 
                        "#text": "192.168.168.255"
                    }, 
                    {
                        "@Name": "SourceHostname"
                    }, 
                    {
                        "@Name": "SourcePort", 
                        "#text": "137"
                    }, 
                    {
                        "@Name": "SourcePortName", 
                        "#text": "netbios-ns"
                    }, 
                    {
                        "@Name": "DestinationIsIpv6", 
                        "#text": "false"
                    }, 
                    {
                        "@Name": "DestinationIp", 
                        "#text": "192.168.168.202"
                    }, 
                    {
                        "@Name": "DestinationHostname", 
                        "#text": "eUigbspVtnrdyDo"
                    }, 
                    {
                        "@Name": "DestinationPort", 
                        "#text": "137"
                    }, 
                    {
                        "@Name": "DestinationPortName", 
                        "#text": "netbios-ns"
                    }
                ]
            }
        }, 
        {
            "@xmlns": "http://schemas.microsoft.com/win/2004/08/events/event", 
            "System": {
                "Provider": {
                    "@Name": "Microsoft-Windows-Sysmon", 
                    "@Guid": "{5770385F-C22A-43E0-BF4C-06F5698FFBD9}"
                }, 
                "EventID": "3", 
                "Version": "5", 
                "Level": "4", 
                "Task": "3", 
                "Opcode": "0", 
                "Keywords": "0x8000000000000000", 
                "TimeCreated": {
                    "@SystemTime": "2022-03-19T18:12:25.548250000Z"
                }, 
                "EventRecordID": "10221", 
                "Correlation": null, 
                "Execution": {
                    "@ProcessID": "1248", 
                    "@ThreadID": "1852"
                }, 
                "Channel": "Microsoft-Windows-Sysmon/Operational", 
                "Computer": "eUigbspVtnrdyDo", 
                "Security": {
                    "@UserID": "S-1-5-18"
                }
            }, 
            "EventData": {
                "Data": [
                    {
                        "@Name": "RuleName"
                    }, 
                    {
                        "@Name": "UtcTime", 
                        "#text": "2020-06-16 01:50:48.866"
                    }, 
                    {
                        "@Name": "ProcessGuid", 
                        "#text": "{7EA2F8B5-2169-5EE8-0000-0010EB030000}"
                    }, 
                    {
                        "@Name": "ProcessId", 
                        "#text": "4"
                    }, 
                    {
                        "@Name": "Image", 
                        "#text": "System"
                    }, 
                    {
                        "@Name": "User", 
                        "#text": "NT AUTHORITY\\SYSTEM"
                    }, 
                    {
                        "@Name": "Protocol", 
                        "#text": "udp"
                    }, 
                    {
                        "@Name": "Initiated", 
                        "#text": "true"
                    }, 
                    {
                        "@Name": "SourceIsIpv6", 
                        "#text": "false"
                    }, 
                    {
                        "@Name": "SourceIp", 
                        "#text": "192.168.168.202"
                    }, 
                    {
                        "@Name": "SourceHostname", 
                        "#text": "eUigbspVtnrdyDo"
                    }, 
                    {
                        "@Name": "SourcePort", 
                        "#text": "137"
                    }, 
                    {
                        "@Name": "SourcePortName", 
                        "#text": "netbios-ns"
                    }, 
                    {
                        "@Name": "DestinationIsIpv6", 
                        "#text": "false"
                    }, 
                    {
                        "@Name": "DestinationIp", 
                        "#text": "192.168.168.255"
                    }, 
                    {
                        "@Name": "DestinationHostname"
                    }, 
                    {
                        "@Name": "DestinationPort", 
                        "#text": "137"
                    }, 
                    {
                        "@Name": "DestinationPortName", 
                        "#text": "netbios-ns"
                    }
                ]
            }
        }, 
        {
            "@xmlns": "http://schemas.microsoft.com/win/2004/08/events/event", 
            "System": {
                "Provider": {
                    "@Name": "Microsoft-Windows-Sysmon", 
                    "@Guid": "{5770385F-C22A-43E0-BF4C-06F5698FFBD9}"
                }, 
                "EventID": "3", 
                "Version": "5", 
                "Level": "4", 
                "Task": "3", 
                "Opcode": "0", 
                "Keywords": "0x8000000000000000", 
                "TimeCreated": {
                    "@SystemTime": "2022-03-19T18:12:25.548250000Z"
                }, 
                "EventRecordID": "10220", 
                "Correlation": null, 
                "Execution": {
                    "@ProcessID": "1248", 
                    "@ThreadID": "1852"
                }, 
                "Channel": "Microsoft-Windows-Sysmon/Operational", 
                "Computer": "eUigbspVtnrdyDo", 
                "Security": {
                    "@UserID": "S-1-5-18"
                }
            }, 
            "EventData": {
                "Data": [
                    {
                        "@Name": "RuleName"
                    }, 
                    {
                        "@Name": "UtcTime", 
                        "#text": "2020-06-16 01:50:48.643"
                    }, 
                    {
                        "@Name": "ProcessGuid", 
                        "#text": "{7EA2F8B5-216C-5EE8-0000-001018E70000}"
                    }, 
                    {
                        "@Name": "ProcessId", 
                        "#text": "580"
                    }, 
                    {
                        "@Name": "Image", 
                        "#text": "C:\\Windows\\System32\\svchost.exe"
                    }, 
                    {
                        "@Name": "User", 
                        "#text": "NT AUTHORITY\\NETWORK SERVICE"
                    }, 
                    {
                        "@Name": "Protocol", 
                        "#text": "udp"
                    }, 
                    {
                        "@Name": "Initiated", 
                        "#text": "false"
                    }, 
                    {
                        "@Name": "SourceIsIpv6", 
                        "#text": "false"
                    }, 
                    {
                        "@Name": "SourceIp", 
                        "#text": "224.0.0.252"
                    }, 
                    {
                        "@Name": "SourceHostname"
                    }, 
                    {
                        "@Name": "SourcePort", 
                        "#text": "5355"
                    }, 
                    {
                        "@Name": "SourcePortName", 
                        "#text": "llmnr"
                    }, 
                    {
                        "@Name": "DestinationIsIpv6", 
                        "#text": "false"
                    }, 
                    {
                        "@Name": "DestinationIp", 
                        "#text": "192.168.168.222"
                    }, 
                    {
                        "@Name": "DestinationHostname", 
                        "#text": "rTdRUobvHnbTxI"
                    }, 
                    {
                        "@Name": "DestinationPort", 
                        "#text": "60657"
                    }, 
                    {
                        "@Name": "DestinationPortName"
                    }
                ]
            }
        }, 
        {
            "@xmlns": "http://schemas.microsoft.com/win/2004/08/events/event", 
            "System": {
                "Provider": {
                    "@Name": "Microsoft-Windows-Sysmon", 
                    "@Guid": "{5770385F-C22A-43E0-BF4C-06F5698FFBD9}"
                }, 
                "EventID": "3", 
                "Version": "5", 
                "Level": "4", 
                "Task": "3", 
                "Opcode": "0", 
                "Keywords": "0x8000000000000000", 
                "TimeCreated": {
                    "@SystemTime": "2022-03-19T18:12:25.548250000Z"
                }, 
                "EventRecordID": "10219", 
                "Correlation": null, 
                "Execution": {
                    "@ProcessID": "1248", 
                    "@ThreadID": "1852"
                }, 
                "Channel": "Microsoft-Windows-Sysmon/Operational", 
                "Computer": "eUigbspVtnrdyDo", 
                "Security": {
                    "@UserID": "S-1-5-18"
                }
            }, 
            "EventData": {
                "Data": [
                    {
                        "@Name": "RuleName"
                    }, 
                    {
                        "@Name": "UtcTime", 
                        "#text": "2020-06-16 01:50:48.643"
                    }, 
                    {
                        "@Name": "ProcessGuid", 
                        "#text": "{7EA2F8B5-216C-5EE8-0000-001018E70000}"
                    }, 
                    {
                        "@Name": "ProcessId", 
                        "#text": "580"
                    }, 
                    {
                        "@Name": "Image", 
                        "#text": "C:\\Windows\\System32\\svchost.exe"
                    }, 
                    {
                        "@Name": "User", 
                        "#text": "NT AUTHORITY\\NETWORK SERVICE"
                    }, 
                    {
                        "@Name": "Protocol", 
                        "#text": "udp"
                    }, 
                    {
                        "@Name": "Initiated", 
                        "#text": "false"
                    }, 
                    {
                        "@Name": "SourceIsIpv6", 
                        "#text": "true"
                    }, 
                    {
                        "@Name": "SourceIp", 
                        "#text": "ff02:0:0:0:0:0:1:3"
                    }, 
                    {
                        "@Name": "SourceHostname"
                    }, 
                    {
                        "@Name": "SourcePort", 
                        "#text": "5355"
                    }, 
                    {
                        "@Name": "SourcePortName", 
                        "#text": "llmnr"
                    }, 
                    {
                        "@Name": "DestinationIsIpv6", 
                        "#text": "true"
                    }, 
                    {
                        "@Name": "DestinationIp", 
                        "#text": "fe80:0:0:0:f1d5:f4bf:dbdc:a492"
                    }, 
                    {
                        "@Name": "DestinationHostname", 
                        "#text": "rTdRUobvHnbTxI"
                    }, 
                    {
                        "@Name": "DestinationPort", 
                        "#text": "63482"
                    }, 
                    {
                        "@Name": "DestinationPortName"
                    }
                ]
            }
        }, 
        {
            "@xmlns": "http://schemas.microsoft.com/win/2004/08/events/event", 
            "System": {
                "Provider": {
                    "@Name": "Microsoft-Windows-Sysmon", 
                    "@Guid": "{5770385F-C22A-43E0-BF4C-06F5698FFBD9}"
                }, 
                "EventID": "3", 
                "Version": "5", 
                "Level": "4", 
                "Task": "3", 
                "Opcode": "0", 
                "Keywords": "0x8000000000000000", 
                "TimeCreated": {
                    "@SystemTime": "2022-03-19T18:12:25.548250000Z"
                }, 
                "EventRecordID": "10218", 
                "Correlation": null, 
                "Execution": {
                    "@ProcessID": "1248", 
                    "@ThreadID": "1852"
                }, 
                "Channel": "Microsoft-Windows-Sysmon/Operational", 
                "Computer": "eUigbspVtnrdyDo", 
                "Security": {
                    "@UserID": "S-1-5-18"
                }
            }, 
            "EventData": {
                "Data": [
                    {
                        "@Name": "RuleName"
                    }, 
                    {
                        "@Name": "UtcTime", 
                        "#text": "2020-06-16 01:50:48.560"
                    }, 
                    {
                        "@Name": "ProcessGuid", 
                        "#text": "{7EA2F8B5-216C-5EE8-0000-001018E70000}"
                    }, 
                    {
                        "@Name": "ProcessId", 
                        "#text": "580"
                    }, 
                    {
                        "@Name": "Image", 
                        "#text": "C:\\Windows\\System32\\svchost.exe"
                    }, 
                    {
                        "@Name": "User", 
                        "#text": "NT AUTHORITY\\NETWORK SERVICE"
                    }, 
                    {
                        "@Name": "Protocol", 
                        "#text": "udp"
                    }, 
                    {
                        "@Name": "Initiated", 
                        "#text": "true"
                    }, 
                    {
                        "@Name": "SourceIsIpv6", 
                        "#text": "false"
                    }, 
                    {
                        "@Name": "SourceIp", 
                        "#text": "192.168.168.202"
                    }, 
                    {
                        "@Name": "SourceHostname", 
                        "#text": "eUigbspVtnrdyDo"
                    }, 
                    {
                        "@Name": "SourcePort", 
                        "#text": "63073"
                    }, 
                    {
                        "@Name": "SourcePortName"
                    }, 
                    {
                        "@Name": "DestinationIsIpv6", 
                        "#text": "false"
                    }, 
                    {
                        "@Name": "DestinationIp", 
                        "#text": "224.0.0.252"
                    }, 
                    {
                        "@Name": "DestinationHostname"
                    }, 
                    {
                        "@Name": "DestinationPort", 
                        "#text": "5355"
                    }, 
                    {
                        "@Name": "DestinationPortName", 
                        "#text": "llmnr"
                    }
                ]
            }
        }, 
        {
            "@xmlns": "http://schemas.microsoft.com/win/2004/08/events/event", 
            "System": {
                "Provider": {
                    "@Name": "Microsoft-Windows-Sysmon", 
                    "@Guid": "{5770385F-C22A-43E0-BF4C-06F5698FFBD9}"
                }, 
                "EventID": "3", 
                "Version": "5", 
                "Level": "4", 
                "Task": "3", 
                "Opcode": "0", 
                "Keywords": "0x8000000000000000", 
                "TimeCreated": {
                    "@SystemTime": "2022-03-19T18:12:25.548250000Z"
                }, 
                "EventRecordID": "10217", 
                "Correlation": null, 
                "Execution": {
                    "@ProcessID": "1248", 
                    "@ThreadID": "1852"
                }, 
                "Channel": "Microsoft-Windows-Sysmon/Operational", 
                "Computer": "eUigbspVtnrdyDo", 
                "Security": {
                    "@UserID": "S-1-5-18"
                }
            }, 
            "EventData": {
                "Data": [
                    {
                        "@Name": "RuleName"
                    }, 
                    {
                        "@Name": "UtcTime", 
                        "#text": "2020-06-16 01:50:48.560"
                    }, 
                    {
                        "@Name": "ProcessGuid", 
                        "#text": "{7EA2F8B5-216C-5EE8-0000-001018E70000}"
                    }, 
                    {
                        "@Name": "ProcessId", 
                        "#text": "580"
                    }, 
                    {
                        "@Name": "Image", 
                        "#text": "C:\\Windows\\System32\\svchost.exe"
                    }, 
                    {
                        "@Name": "User", 
                        "#text": "NT AUTHORITY\\NETWORK SERVICE"
                    }, 
                    {
                        "@Name": "Protocol", 
                        "#text": "udp"
                    }, 
                    {
                        "@Name": "Initiated", 
                        "#text": "false"
                    }, 
                    {
                        "@Name": "SourceIsIpv6", 
                        "#text": "true"
                    }, 
                    {
                        "@Name": "SourceIp", 
                        "#text": "ff02:0:0:0:0:0:1:3"
                    }, 
                    {
                        "@Name": "SourceHostname"
                    }, 
                    {
                        "@Name": "SourcePort", 
                        "#text": "5355"
                    }, 
                    {
                        "@Name": "SourcePortName", 
                        "#text": "llmnr"
                    }, 
                    {
                        "@Name": "DestinationIsIpv6", 
                        "#text": "true"
                    }, 
                    {
                        "@Name": "DestinationIp", 
                        "#text": "fe80:0:0:0:38ef:b101:b0d8:5230"
                    }, 
                    {
                        "@Name": "DestinationHostname", 
                        "#text": "eUigbspVtnrdyDo"
                    }, 
                    {
                        "@Name": "DestinationPort", 
                        "#text": "64949"
                    }, 
                    {
                        "@Name": "DestinationPortName"
                    }
                ]
            }
        }, 
        {
            "@xmlns": "http://schemas.microsoft.com/win/2004/08/events/event", 
            "System": {
                "Provider": {
                    "@Name": "Microsoft-Windows-Sysmon", 
                    "@Guid": "{5770385F-C22A-43E0-BF4C-06F5698FFBD9}"
                }, 
                "EventID": "1", 
                "Version": "5", 
                "Level": "4", 
                "Task": "1", 
                "Opcode": "0", 
                "Keywords": "0x8000000000000000", 
                "TimeCreated": {
                    "@SystemTime": "2022-03-19T18:12:25.470125000Z"
                }, 
                "EventRecordID": "10216", 
                "Correlation": null, 
                "Execution": {
                    "@ProcessID": "1248", 
                    "@ThreadID": "1848"
                }, 
                "Channel": "Microsoft-Windows-Sysmon/Operational", 
                "Computer": "eUigbspVtnrdyDo", 
                "Security": {
                    "@UserID": "S-1-5-18"
                }
            }, 
            "EventData": {
                "Data": [
                    {
                        "@Name": "RuleName"
                    }, 
                    {
                        "@Name": "UtcTime", 
                        "#text": "2020-06-16 01:50:22.166"
                    }, 
                    {
                        "@Name": "ProcessGuid", 
                        "#text": "{7EA2F8B5-255E-5EE8-0000-001041B4E301}"
                    }, 
                    {
                        "@Name": "ProcessId", 
                        "#text": "1296"
                    }, 
                    {
                        "@Name": "Image", 
                        "#text": "C:\\Windows\\System32\\mobsync.exe"
                    }, 
                    {
                        "@Name": "FileVersion", 
                        "#text": "6.1.7601.17514 (win7sp1_rtm.101119-1850)"
                    }, 
                    {
                        "@Name": "Description", 
                        "#text": "Microsoft Sync Center"
                    }, 
                    {
                        "@Name": "Product", 
                        "#text": "Microsoft\u00ae Windows\u00ae Operating System"
                    }, 
                    {
                        "@Name": "Company", 
                        "#text": "Microsoft Corporation"
                    }, 
                    {
                        "@Name": "CommandLine", 
                        "#text": "C:\\Windows\\System32\\mobsync.exe -Embedding"
                    }, 
                    {
                        "@Name": "CurrentDirectory", 
                        "#text": "C:\\Windows\\system32\\"
                    }, 
                    {
                        "@Name": "User", 
                        "#text": "EUIGBSPVTNRDYDO\\Administrator"
                    }, 
                    {
                        "@Name": "LogonGuid", 
                        "#text": "{7EA2F8B5-216C-5EE8-0000-0020A4240100}"
                    }, 
                    {
                        "@Name": "LogonId", 
                        "#text": "0x124a4"
                    }, 
                    {
                        "@Name": "TerminalSessionId", 
                        "#text": "1"
                    }, 
                    {
                        "@Name": "IntegrityLevel", 
                        "#text": "High"
                    }, 
                    {
                        "@Name": "Hashes", 
                        "#text": "SHA1=FA3AD1D38856416077D53C0BEBE26E42EEFE7554"
                    }, 
                    {
                        "@Name": "ParentProcessGuid", 
                        "#text": "{7EA2F8B5-216B-5EE8-0000-0010CF740000}"
                    }, 
                    {
                        "@Name": "ParentProcessId", 
                        "#text": "628"
                    }, 
                    {
                        "@Name": "ParentImage", 
                        "#text": "C:\\Windows\\System32\\svchost.exe"
                    }, 
                    {
                        "@Name": "ParentCommandLine", 
                        "#text": "C:\\Windows\\system32\\svchost.exe -k DcomLaunch"
                    }
                ]
            }
        }, 
        {
            "@xmlns": "http://schemas.microsoft.com/win/2004/08/events/event", 
            "System": {
                "Provider": {
                    "@Name": "Microsoft-Windows-Sysmon", 
                    "@Guid": "{5770385F-C22A-43E0-BF4C-06F5698FFBD9}"
                }, 
                "EventID": "3", 
                "Version": "5", 
                "Level": "4", 
                "Task": "3", 
                "Opcode": "0", 
                "Keywords": "0x8000000000000000", 
                "TimeCreated": {
                    "@SystemTime": "2022-03-19T18:12:24.048250000Z"
                }, 
                "EventRecordID": "10215", 
                "Correlation": null, 
                "Execution": {
                    "@ProcessID": "1248", 
                    "@ThreadID": "1852"
                }, 
                "Channel": "Microsoft-Windows-Sysmon/Operational", 
                "Computer": "eUigbspVtnrdyDo", 
                "Security": {
                    "@UserID": "S-1-5-18"
                }
            }, 
            "EventData": {
                "Data": [
                    {
                        "@Name": "RuleName"
                    }, 
                    {
                        "@Name": "UtcTime", 
                        "#text": "2020-06-16 01:50:48.533"
                    }, 
                    {
                        "@Name": "ProcessGuid", 
                        "#text": "{7EA2F8B5-216C-5EE8-0000-001018E70000}"
                    }, 
                    {
                        "@Name": "ProcessId", 
                        "#text": "580"
                    }, 
                    {
                        "@Name": "Image", 
                        "#text": "C:\\Windows\\System32\\svchost.exe"
                    }, 
                    {
                        "@Name": "User", 
                        "#text": "NT AUTHORITY\\NETWORK SERVICE"
                    }, 
                    {
                        "@Name": "Protocol", 
                        "#text": "udp"
                    }, 
                    {
                        "@Name": "Initiated", 
                        "#text": "true"
                    }, 
                    {
                        "@Name": "SourceIsIpv6", 
                        "#text": "false"
                    }, 
                    {
                        "@Name": "SourceIp", 
                        "#text": "192.168.168.202"
                    }, 
                    {
                        "@Name": "SourceHostname", 
                        "#text": "eUigbspVtnrdyDo"
                    }, 
                    {
                        "@Name": "SourcePort", 
                        "#text": "5355"
                    }, 
                    {
                        "@Name": "SourcePortName", 
                        "#text": "llmnr"
                    }, 
                    {
                        "@Name": "DestinationIsIpv6", 
                        "#text": "false"
                    }, 
                    {
                        "@Name": "DestinationIp", 
                        "#text": "192.168.168.226"
                    }, 
                    {
                        "@Name": "DestinationHostname", 
                        "#text": "cGjrIYxyrJbQOjyI"
                    }, 
                    {
                        "@Name": "DestinationPort", 
                        "#text": "55932"
                    }, 
                    {
                        "@Name": "DestinationPortName"
                    }
                ]
            }
        }, 
        {
            "@xmlns": "http://schemas.microsoft.com/win/2004/08/events/event", 
            "System": {
                "Provider": {
                    "@Name": "Microsoft-Windows-Sysmon", 
                    "@Guid": "{5770385F-C22A-43E0-BF4C-06F5698FFBD9}"
                }, 
                "EventID": "3", 
                "Version": "5", 
                "Level": "4", 
                "Task": "3", 
                "Opcode": "0", 
                "Keywords": "0x8000000000000000", 
                "TimeCreated": {
                    "@SystemTime": "2022-03-19T18:12:24.048250000Z"
                }, 
                "EventRecordID": "10214", 
                "Correlation": null, 
                "Execution": {
                    "@ProcessID": "1248", 
                    "@ThreadID": "1852"
                }, 
                "Channel": "Microsoft-Windows-Sysmon/Operational", 
                "Computer": "eUigbspVtnrdyDo", 
                "Security": {
                    "@UserID": "S-1-5-18"
                }
            }, 
            "EventData": {
                "Data": [
                    {
                        "@Name": "RuleName"
                    }, 
                    {
                        "@Name": "UtcTime", 
                        "#text": "2020-06-16 01:50:48.532"
                    }, 
                    {
                        "@Name": "ProcessGuid", 
                        "#text": "{7EA2F8B5-216C-5EE8-0000-001018E70000}"
                    }, 
                    {
                        "@Name": "ProcessId", 
                        "#text": "580"
                    }, 
                    {
                        "@Name": "Image", 
                        "#text": "C:\\Windows\\System32\\svchost.exe"
                    }, 
                    {
                        "@Name": "User", 
                        "#text": "NT AUTHORITY\\NETWORK SERVICE"
                    }, 
                    {
                        "@Name": "Protocol", 
                        "#text": "udp"
                    }, 
                    {
                        "@Name": "Initiated", 
                        "#text": "false"
                    }, 
                    {
                        "@Name": "SourceIsIpv6", 
                        "#text": "false"
                    }, 
                    {
                        "@Name": "SourceIp", 
                        "#text": "224.0.0.252"
                    }, 
                    {
                        "@Name": "SourceHostname"
                    }, 
                    {
                        "@Name": "SourcePort", 
                        "#text": "5355"
                    }, 
                    {
                        "@Name": "SourcePortName", 
                        "#text": "llmnr"
                    }, 
                    {
                        "@Name": "DestinationIsIpv6", 
                        "#text": "false"
                    }, 
                    {
                        "@Name": "DestinationIp", 
                        "#text": "192.168.168.226"
                    }, 
                    {
                        "@Name": "DestinationHostname", 
                        "#text": "cGjrIYxyrJbQOjyI"
                    }, 
                    {
                        "@Name": "DestinationPort", 
                        "#text": "55932"
                    }, 
                    {
                        "@Name": "DestinationPortName"
                    }
                ]
            }
        }, 
        {
            "@xmlns": "http://schemas.microsoft.com/win/2004/08/events/event", 
            "System": {
                "Provider": {
                    "@Name": "Microsoft-Windows-Sysmon", 
                    "@Guid": "{5770385F-C22A-43E0-BF4C-06F5698FFBD9}"
                }, 
                "EventID": "3", 
                "Version": "5", 
                "Level": "4", 
                "Task": "3", 
                "Opcode": "0", 
                "Keywords": "0x8000000000000000", 
                "TimeCreated": {
                    "@SystemTime": "2022-03-19T18:12:24.048250000Z"
                }, 
                "EventRecordID": "10213", 
                "Correlation": null, 
                "Execution": {
                    "@ProcessID": "1248", 
                    "@ThreadID": "1852"
                }, 
                "Channel": "Microsoft-Windows-Sysmon/Operational", 
                "Computer": "eUigbspVtnrdyDo", 
                "Security": {
                    "@UserID": "S-1-5-18"
                }
            }, 
            "EventData": {
                "Data": [
                    {
                        "@Name": "RuleName"
                    }, 
                    {
                        "@Name": "UtcTime", 
                        "#text": "2020-06-16 01:50:48.532"
                    }, 
                    {
                        "@Name": "ProcessGuid", 
                        "#text": "{7EA2F8B5-216C-5EE8-0000-001018E70000}"
                    }, 
                    {
                        "@Name": "ProcessId", 
                        "#text": "580"
                    }, 
                    {
                        "@Name": "Image", 
                        "#text": "C:\\Windows\\System32\\svchost.exe"
                    }, 
                    {
                        "@Name": "User", 
                        "#text": "NT AUTHORITY\\NETWORK SERVICE"
                    }, 
                    {
                        "@Name": "Protocol", 
                        "#text": "udp"
                    }, 
                    {
                        "@Name": "Initiated", 
                        "#text": "false"
                    }, 
                    {
                        "@Name": "SourceIsIpv6", 
                        "#text": "true"
                    }, 
                    {
                        "@Name": "SourceIp", 
                        "#text": "ff02:0:0:0:0:0:1:3"
                    }, 
                    {
                        "@Name": "SourceHostname"
                    }, 
                    {
                        "@Name": "SourcePort", 
                        "#text": "5355"
                    }, 
                    {
                        "@Name": "SourcePortName", 
                        "#text": "llmnr"
                    }, 
                    {
                        "@Name": "DestinationIsIpv6", 
                        "#text": "true"
                    }, 
                    {
                        "@Name": "DestinationIp", 
                        "#text": "fe80:0:0:0:cc37:f144:74b6:9c90"
                    }, 
                    {
                        "@Name": "DestinationHostname", 
                        "#text": "cGjrIYxyrJbQOjyI"
                    }, 
                    {
                        "@Name": "DestinationPort", 
                        "#text": "64703"
                    }, 
                    {
                        "@Name": "DestinationPortName"
                    }
                ]
            }
        }, 
        {
            "@xmlns": "http://schemas.microsoft.com/win/2004/08/events/event", 
            "System": {
                "Provider": {
                    "@Name": "Microsoft-Windows-Sysmon", 
                    "@Guid": "{5770385F-C22A-43E0-BF4C-06F5698FFBD9}"
                }, 
                "EventID": "3", 
                "Version": "5", 
                "Level": "4", 
                "Task": "3", 
                "Opcode": "0", 
                "Keywords": "0x8000000000000000", 
                "TimeCreated": {
                    "@SystemTime": "2022-03-19T18:12:24.048250000Z"
                }, 
                "EventRecordID": "10212", 
                "Correlation": null, 
                "Execution": {
                    "@ProcessID": "1248", 
                    "@ThreadID": "1852"
                }, 
                "Channel": "Microsoft-Windows-Sysmon/Operational", 
                "Computer": "eUigbspVtnrdyDo", 
                "Security": {
                    "@UserID": "S-1-5-18"
                }
            }, 
            "EventData": {
                "Data": [
                    {
                        "@Name": "RuleName"
                    }, 
                    {
                        "@Name": "UtcTime", 
                        "#text": "2020-06-16 01:50:48.529"
                    }, 
                    {
                        "@Name": "ProcessGuid", 
                        "#text": "{7EA2F8B5-216C-5EE8-0000-001018E70000}"
                    }, 
                    {
                        "@Name": "ProcessId", 
                        "#text": "580"
                    }, 
                    {
                        "@Name": "Image", 
                        "#text": "C:\\Windows\\System32\\svchost.exe"
                    }, 
                    {
                        "@Name": "User", 
                        "#text": "NT AUTHORITY\\NETWORK SERVICE"
                    }, 
                    {
                        "@Name": "Protocol", 
                        "#text": "udp"
                    }, 
                    {
                        "@Name": "Initiated", 
                        "#text": "true"
                    }, 
                    {
                        "@Name": "SourceIsIpv6", 
                        "#text": "false"
                    }, 
                    {
                        "@Name": "SourceIp", 
                        "#text": "192.168.168.202"
                    }, 
                    {
                        "@Name": "SourceHostname", 
                        "#text": "eUigbspVtnrdyDo"
                    }, 
                    {
                        "@Name": "SourcePort", 
                        "#text": "5355"
                    }, 
                    {
                        "@Name": "SourcePortName", 
                        "#text": "llmnr"
                    }, 
                    {
                        "@Name": "DestinationIsIpv6", 
                        "#text": "false"
                    }, 
                    {
                        "@Name": "DestinationIp", 
                        "#text": "192.168.168.226"
                    }, 
                    {
                        "@Name": "DestinationHostname", 
                        "#text": "cGjrIYxyrJbQOjyI"
                    }, 
                    {
                        "@Name": "DestinationPort", 
                        "#text": "56690"
                    }, 
                    {
                        "@Name": "DestinationPortName"
                    }
                ]
            }
        }, 
        {
            "@xmlns": "http://schemas.microsoft.com/win/2004/08/events/event", 
            "System": {
                "Provider": {
                    "@Name": "Microsoft-Windows-Sysmon", 
                    "@Guid": "{5770385F-C22A-43E0-BF4C-06F5698FFBD9}"
                }, 
                "EventID": "3", 
                "Version": "5", 
                "Level": "4", 
                "Task": "3", 
                "Opcode": "0", 
                "Keywords": "0x8000000000000000", 
                "TimeCreated": {
                    "@SystemTime": "2022-03-19T18:12:24.048250000Z"
                }, 
                "EventRecordID": "10211", 
                "Correlation": null, 
                "Execution": {
                    "@ProcessID": "1248", 
                    "@ThreadID": "1852"
                }, 
                "Channel": "Microsoft-Windows-Sysmon/Operational", 
                "Computer": "eUigbspVtnrdyDo", 
                "Security": {
                    "@UserID": "S-1-5-18"
                }
            }, 
            "EventData": {
                "Data": [
                    {
                        "@Name": "RuleName"
                    }, 
                    {
                        "@Name": "UtcTime", 
                        "#text": "2020-06-16 01:50:48.529"
                    }, 
                    {
                        "@Name": "ProcessGuid", 
                        "#text": "{7EA2F8B5-216C-5EE8-0000-001018E70000}"
                    }, 
                    {
                        "@Name": "ProcessId", 
                        "#text": "580"
                    }, 
                    {
                        "@Name": "Image", 
                        "#text": "C:\\Windows\\System32\\svchost.exe"
                    }, 
                    {
                        "@Name": "User", 
                        "#text": "NT AUTHORITY\\NETWORK SERVICE"
                    }, 
                    {
                        "@Name": "Protocol", 
                        "#text": "udp"
                    }, 
                    {
                        "@Name": "Initiated", 
                        "#text": "false"
                    }, 
                    {
                        "@Name": "SourceIsIpv6", 
                        "#text": "true"
                    }, 
                    {
                        "@Name": "SourceIp", 
                        "#text": "fe80:0:0:0:cc37:f144:74b6:9c90"
                    }, 
                    {
                        "@Name": "SourceHostname", 
                        "#text": "cGjrIYxyrJbQOjyI"
                    }, 
                    {
                        "@Name": "SourcePort", 
                        "#text": "58894"
                    }, 
                    {
                        "@Name": "SourcePortName"
                    }, 
                    {
                        "@Name": "DestinationIsIpv6", 
                        "#text": "true"
                    }, 
                    {
                        "@Name": "DestinationIp", 
                        "#text": "fe80:0:0:0:38ef:b101:b0d8:5230"
                    }, 
                    {
                        "@Name": "DestinationHostname", 
                        "#text": "eUigbspVtnrdyDo"
                    }, 
                    {
                        "@Name": "DestinationPort", 
                        "#text": "5355"
                    }, 
                    {
                        "@Name": "DestinationPortName", 
                        "#text": "llmnr"
                    }
                ]
            }
        }, 
        {
            "@xmlns": "http://schemas.microsoft.com/win/2004/08/events/event", 
            "System": {
                "Provider": {
                    "@Name": "Microsoft-Windows-Sysmon", 
                    "@Guid": "{5770385F-C22A-43E0-BF4C-06F5698FFBD9}"
                }, 
                "EventID": "3", 
                "Version": "5", 
                "Level": "4", 
                "Task": "3", 
                "Opcode": "0", 
                "Keywords": "0x8000000000000000", 
                "TimeCreated": {
                    "@SystemTime": "2022-03-19T18:12:24.048250000Z"
                }, 
                "EventRecordID": "10210", 
                "Correlation": null, 
                "Execution": {
                    "@ProcessID": "1248", 
                    "@ThreadID": "1852"
                }, 
                "Channel": "Microsoft-Windows-Sysmon/Operational", 
                "Computer": "eUigbspVtnrdyDo", 
                "Security": {
                    "@UserID": "S-1-5-18"
                }
            }, 
            "EventData": {
                "Data": [
                    {
                        "@Name": "RuleName"
                    }, 
                    {
                        "@Name": "UtcTime", 
                        "#text": "2020-06-16 01:50:48.529"
                    }, 
                    {
                        "@Name": "ProcessGuid", 
                        "#text": "{7EA2F8B5-216C-5EE8-0000-001018E70000}"
                    }, 
                    {
                        "@Name": "ProcessId", 
                        "#text": "580"
                    }, 
                    {
                        "@Name": "Image", 
                        "#text": "C:\\Windows\\System32\\svchost.exe"
                    }, 
                    {
                        "@Name": "User", 
                        "#text": "NT AUTHORITY\\NETWORK SERVICE"
                    }, 
                    {
                        "@Name": "Protocol", 
                        "#text": "udp"
                    }, 
                    {
                        "@Name": "Initiated", 
                        "#text": "false"
                    }, 
                    {
                        "@Name": "SourceIsIpv6", 
                        "#text": "false"
                    }, 
                    {
                        "@Name": "SourceIp", 
                        "#text": "224.0.0.252"
                    }, 
                    {
                        "@Name": "SourceHostname"
                    }, 
                    {
                        "@Name": "SourcePort", 
                        "#text": "5355"
                    }, 
                    {
                        "@Name": "SourcePortName", 
                        "#text": "llmnr"
                    }, 
                    {
                        "@Name": "DestinationIsIpv6", 
                        "#text": "false"
                    }, 
                    {
                        "@Name": "DestinationIp", 
                        "#text": "192.168.168.226"
                    }, 
                    {
                        "@Name": "DestinationHostname", 
                        "#text": "cGjrIYxyrJbQOjyI"
                    }, 
                    {
                        "@Name": "DestinationPort", 
                        "#text": "56690"
                    }, 
                    {
                        "@Name": "DestinationPortName"
                    }
                ]
            }
        }, 
