        {
            "@xmlns": "http://schemas.microsoft.com/win/2004/08/events/event", 
            "System": {
                "Provider": {
                    "@Name": "Microsoft-Windows-Sysmon", 
                    "@Guid": "{5770385F-C22A-43E0-BF4C-06F5698FFBD9}"
                }, 
                "EventID": "1", 
                "Version": "5", 
                "Level": "4", 
                "Task": "1", 
                "Opcode": "0", 
                "Keywords": "0x8000000000000000", 
                "TimeCreated": {
                    "@SystemTime": "2022-03-19T20:18:19.981000000Z"
                }, 
                "EventRecordID": "9510", 
                "Correlation": null, 
                "Execution": {
                    "@ProcessID": "1244", 
                    "@ThreadID": "1848"
                }, 
                "Channel": "Microsoft-Windows-Sysmon/Operational", 
                "Computer": "kgtsfIwCnV", 
                "Security": {
                    "@UserID": "S-1-5-18"
                }
            }, 
            "EventData": {
                "Data": [
                    {
                        "@Name": "RuleName"
                    }, 
                    {
                        "@Name": "UtcTime", 
                        "#text": "2022-03-19 15:48:11.031"
                    }, 
                    {
                        "@Name": "ProcessGuid", 
                        "#text": "{7EA2F8B5-FB3B-6235-0000-0010B96D0101}"
                    }, 
                    {
                        "@Name": "ProcessId", 
                        "#text": "292"
                    }, 
                    {
                        "@Name": "Image", 
                        "#text": "C:\\Windows\\System32\\conhost.exe"
                    }, 
                    {
                        "@Name": "FileVersion", 
                        "#text": "6.1.7600.16385 (win7_rtm.090713-1255)"
                    }, 
                    {
                        "@Name": "Description", 
                        "#text": "Console Window Host"
                    }, 
                    {
                        "@Name": "Product", 
                        "#text": "Microsoft\u00ae Windows\u00ae Operating System"
                    }, 
                    {
                        "@Name": "Company", 
                        "#text": "Microsoft Corporation"
                    }, 
                    {
                        "@Name": "CommandLine", 
                        "#text": "\\??\\C:\\Windows\\system32\\conhost.exe \"14089416491940747915-67008094318131330931009404696-807763314735446394-499185438\""
                    }, 
                    {
                        "@Name": "CurrentDirectory", 
                        "#text": "C:\\Windows\\system32\\"
                    }, 
                    {
                        "@Name": "User", 
                        "#text": "KGTSFIWCNV\\Administrator"
                    }, 
                    {
                        "@Name": "LogonGuid", 
                        "#text": "{7EA2F8B5-2EFE-5EE8-0000-0020F5230100}"
                    }, 
                    {
                        "@Name": "LogonId", 
                        "#text": "0x123f5"
                    }, 
                    {
                        "@Name": "TerminalSessionId", 
                        "#text": "1"
                    }, 
                    {
                        "@Name": "IntegrityLevel", 
                        "#text": "High"
                    }, 
                    {
                        "@Name": "Hashes", 
                        "#text": "SHA1=D836FCE5EE3175E5178DADD40E1FEC98A83FBCE9"
                    }, 
                    {
                        "@Name": "ParentProcessGuid", 
                        "#text": "{7EA2F8B5-2EFC-5EE8-0000-0010F74F0000}"
                    }, 
                    {
                        "@Name": "ParentProcessId", 
                        "#text": "408"
                    }, 
                    {
                        "@Name": "ParentImage", 
                        "#text": "C:\\Windows\\System32\\csrss.exe"
                    }, 
                    {
                        "@Name": "ParentCommandLine", 
                        "#text": "%SystemRoot%\\system32\\csrss.exe ObjectDirectory=\\Windows SharedSection=1024,20480,768 Windows=On SubSystemType=Windows ServerDll=basesrv,1 ServerDll=winsrv:UserServerDllInitialization,3 ServerDll=winsrv:ConServerDllInitialization,2 ServerDll=sxssrv,4 ProfileControl=Off MaxRequestThreads=16"
                    }
                ]
            }
        }, 
        {
            "@xmlns": "http://schemas.microsoft.com/win/2004/08/events/event", 
            "System": {
                "Provider": {
                    "@Name": "Microsoft-Windows-Sysmon", 
                    "@Guid": "{5770385F-C22A-43E0-BF4C-06F5698FFBD9}"
                }, 
                "EventID": "5", 
                "Version": "3", 
                "Level": "4", 
                "Task": "5", 
                "Opcode": "0", 
                "Keywords": "0x8000000000000000", 
                "TimeCreated": {
                    "@SystemTime": "2022-03-19T20:18:19.887250000Z"
                }, 
                "EventRecordID": "9508", 
                "Correlation": null, 
                "Execution": {
                    "@ProcessID": "1244", 
                    "@ThreadID": "1848"
                }, 
                "Channel": "Microsoft-Windows-Sysmon/Operational", 
                "Computer": "kgtsfIwCnV", 
                "Security": {
                    "@UserID": "S-1-5-18"
                }
            }, 
            "EventData": {
                "Data": [
                    {
                        "@Name": "RuleName"
                    }, 
                    {
                        "@Name": "UtcTime", 
                        "#text": "2022-03-19 15:48:10.953"
                    }, 
                    {
                        "@Name": "ProcessGuid", 
                        "#text": "{7EA2F8B5-FB3A-6235-0000-00106A440101}"
                    }, 
                    {
                        "@Name": "ProcessId", 
                        "#text": "580"
                    }, 
                    {
                        "@Name": "Image", 
                        "#text": "C:\\tmp4hzt0l\\bin\\inject-x64.exe"
                    }
                ]
            }
        }, 
        {
            "@xmlns": "http://schemas.microsoft.com/win/2004/08/events/event", 
            "System": {
                "Provider": {
                    "@Name": "Microsoft-Windows-Sysmon", 
                    "@Guid": "{5770385F-C22A-43E0-BF4C-06F5698FFBD9}"
                }, 
                "EventID": "5", 
                "Version": "3", 
                "Level": "4", 
                "Task": "5", 
                "Opcode": "0", 
                "Keywords": "0x8000000000000000", 
                "TimeCreated": {
                    "@SystemTime": "2022-03-19T20:18:19.715375000Z"
                }, 
                "EventRecordID": "9506", 
                "Correlation": null, 
                "Execution": {
                    "@ProcessID": "1244", 
                    "@ThreadID": "1848"
                }, 
                "Channel": "Microsoft-Windows-Sysmon/Operational", 
                "Computer": "kgtsfIwCnV", 
                "Security": {
                    "@UserID": "S-1-5-18"
                }
            }, 
            "EventData": {
                "Data": [
                    {
                        "@Name": "RuleName"
                    }, 
                    {
                        "@Name": "UtcTime", 
                        "#text": "2022-03-19 15:48:10.765"
                    }, 
                    {
                        "@Name": "ProcessGuid", 
                        "#text": "{7EA2F8B5-FB3A-6235-0000-00106A3D0101}"
                    }, 
                    {
                        "@Name": "ProcessId", 
                        "#text": "624"
                    }, 
                    {
                        "@Name": "Image", 
                        "#text": "C:\\tmp4hzt0l\\bin\\is32bit.exe"
                    }
                ]
            }
        }, 
        {
            "@xmlns": "http://schemas.microsoft.com/win/2004/08/events/event", 
            "System": {
                "Provider": {
                    "@Name": "Microsoft-Windows-Sysmon", 
                    "@Guid": "{5770385F-C22A-43E0-BF4C-06F5698FFBD9}"
                }, 
                "EventID": "3", 
                "Version": "5", 
                "Level": "4", 
                "Task": "3", 
                "Opcode": "0", 
                "Keywords": "0x8000000000000000", 
                "TimeCreated": {
                    "@SystemTime": "2022-03-19T20:18:19.699750000Z"
                }, 
                "EventRecordID": "9505", 
                "Correlation": null, 
                "Execution": {
                    "@ProcessID": "1244", 
                    "@ThreadID": "1860"
                }, 
                "Channel": "Microsoft-Windows-Sysmon/Operational", 
                "Computer": "kgtsfIwCnV", 
                "Security": {
                    "@UserID": "S-1-5-18"
                }
            }, 
            "EventData": {
                "Data": [
                    {
                        "@Name": "RuleName"
                    }, 
                    {
                        "@Name": "UtcTime", 
                        "#text": "2020-06-16 02:41:12.063"
                    }, 
                    {
                        "@Name": "ProcessGuid", 
                        "#text": "{7EA2F8B5-2EFE-5EE8-0000-001043E60000}"
                    }, 
                    {
                        "@Name": "ProcessId", 
                        "#text": "352"
                    }, 
                    {
                        "@Name": "Image", 
                        "#text": "C:\\Windows\\System32\\svchost.exe"
                    }, 
                    {
                        "@Name": "User", 
                        "#text": "NT AUTHORITY\\NETWORK SERVICE"
                    }, 
                    {
                        "@Name": "Protocol", 
                        "#text": "udp"
                    }, 
                    {
                        "@Name": "Initiated", 
                        "#text": "false"
                    }, 
                    {
                        "@Name": "SourceIsIpv6", 
                        "#text": "true"
                    }, 
                    {
                        "@Name": "SourceIp", 
                        "#text": "ff02:0:0:0:0:0:1:3"
                    }, 
                    {
                        "@Name": "SourceHostname"
                    }, 
                    {
                        "@Name": "SourcePort", 
                        "#text": "5355"
                    }, 
                    {
                        "@Name": "SourcePortName", 
                        "#text": "llmnr"
                    }, 
                    {
                        "@Name": "DestinationIsIpv6", 
                        "#text": "true"
                    }, 
                    {
                        "@Name": "DestinationIp", 
                        "#text": "fe80:0:0:0:dd61:abd9:e98b:730"
                    }, 
                    {
                        "@Name": "DestinationHostname", 
                        "#text": "kgtsfIwCnV"
                    }, 
                    {
                        "@Name": "DestinationPort", 
                        "#text": "51852"
                    }, 
                    {
                        "@Name": "DestinationPortName"
                    }
                ]
            }
        }, 
        {
            "@xmlns": "http://schemas.microsoft.com/win/2004/08/events/event", 
            "System": {
                "Provider": {
                    "@Name": "Microsoft-Windows-Sysmon", 
                    "@Guid": "{5770385F-C22A-43E0-BF4C-06F5698FFBD9}"
                }, 
                "EventID": "3", 
                "Version": "5", 
                "Level": "4", 
                "Task": "3", 
                "Opcode": "0", 
                "Keywords": "0x8000000000000000", 
                "TimeCreated": {
                    "@SystemTime": "2022-03-19T20:18:19.699750000Z"
                }, 
                "EventRecordID": "9504", 
                "Correlation": null, 
                "Execution": {
                    "@ProcessID": "1244", 
                    "@ThreadID": "1860"
                }, 
                "Channel": "Microsoft-Windows-Sysmon/Operational", 
                "Computer": "kgtsfIwCnV", 
                "Security": {
                    "@UserID": "S-1-5-18"
                }
            }, 
            "EventData": {
                "Data": [
                    {
                        "@Name": "RuleName"
                    }, 
                    {
                        "@Name": "UtcTime", 
                        "#text": "2020-06-16 02:41:10.187"
                    }, 
                    {
                        "@Name": "ProcessGuid", 
                        "#text": "{7EA2F8B5-2EFE-5EE8-0000-001043E60000}"
                    }, 
                    {
                        "@Name": "ProcessId", 
                        "#text": "352"
                    }, 
                    {
                        "@Name": "Image", 
                        "#text": "C:\\Windows\\System32\\svchost.exe"
                    }, 
                    {
                        "@Name": "User", 
                        "#text": "NT AUTHORITY\\NETWORK SERVICE"
                    }, 
                    {
                        "@Name": "Protocol", 
                        "#text": "udp"
                    }, 
                    {
                        "@Name": "Initiated", 
                        "#text": "false"
                    }, 
                    {
                        "@Name": "SourceIsIpv6", 
                        "#text": "false"
                    }, 
                    {
                        "@Name": "SourceIp", 
                        "#text": "224.0.0.252"
                    }, 
                    {
                        "@Name": "SourceHostname"
                    }, 
                    {
                        "@Name": "SourcePort", 
                        "#text": "5355"
                    }, 
                    {
                        "@Name": "SourcePortName", 
                        "#text": "llmnr"
                    }, 
                    {
                        "@Name": "DestinationIsIpv6", 
                        "#text": "false"
                    }, 
                    {
                        "@Name": "DestinationIp", 
                        "#text": "192.168.168.219"
                    }, 
                    {
                        "@Name": "DestinationHostname", 
                        "#text": "SiaaSYwJttfyyWN"
                    }, 
                    {
                        "@Name": "DestinationPort", 
                        "#text": "51506"
                    }, 
                    {
                        "@Name": "DestinationPortName"
                    }
                ]
            }
        }, 
        {
            "@xmlns": "http://schemas.microsoft.com/win/2004/08/events/event", 
            "System": {
                "Provider": {
                    "@Name": "Microsoft-Windows-Sysmon", 
                    "@Guid": "{5770385F-C22A-43E0-BF4C-06F5698FFBD9}"
                }, 
                "EventID": "3", 
                "Version": "5", 
                "Level": "4", 
                "Task": "3", 
                "Opcode": "0", 
                "Keywords": "0x8000000000000000", 
                "TimeCreated": {
                    "@SystemTime": "2022-03-19T20:18:19.699750000Z"
                }, 
                "EventRecordID": "9503", 
                "Correlation": null, 
                "Execution": {
                    "@ProcessID": "1244", 
                    "@ThreadID": "1860"
                }, 
                "Channel": "Microsoft-Windows-Sysmon/Operational", 
                "Computer": "kgtsfIwCnV", 
                "Security": {
                    "@UserID": "S-1-5-18"
                }
            }, 
            "EventData": {
                "Data": [
                    {
                        "@Name": "RuleName"
                    }, 
                    {
                        "@Name": "UtcTime", 
                        "#text": "2020-06-16 02:41:10.187"
                    }, 
                    {
                        "@Name": "ProcessGuid", 
                        "#text": "{7EA2F8B5-2EFE-5EE8-0000-001043E60000}"
                    }, 
                    {
                        "@Name": "ProcessId", 
                        "#text": "352"
                    }, 
                    {
                        "@Name": "Image", 
                        "#text": "C:\\Windows\\System32\\svchost.exe"
                    }, 
                    {
                        "@Name": "User", 
                        "#text": "NT AUTHORITY\\NETWORK SERVICE"
                    }, 
                    {
                        "@Name": "Protocol", 
                        "#text": "udp"
                    }, 
                    {
                        "@Name": "Initiated", 
                        "#text": "false"
                    }, 
                    {
                        "@Name": "SourceIsIpv6", 
                        "#text": "true"
                    }, 
                    {
                        "@Name": "SourceIp", 
                        "#text": "ff02:0:0:0:0:0:1:3"
                    }, 
                    {
                        "@Name": "SourceHostname"
                    }, 
                    {
                        "@Name": "SourcePort", 
                        "#text": "5355"
                    }, 
                    {
                        "@Name": "SourcePortName", 
                        "#text": "llmnr"
                    }, 
                    {
                        "@Name": "DestinationIsIpv6", 
                        "#text": "true"
                    }, 
                    {
                        "@Name": "DestinationIp", 
                        "#text": "fe80:0:0:0:31f2:75ed:9c8a:d299"
                    }, 
                    {
                        "@Name": "DestinationHostname", 
                        "#text": "SiaaSYwJttfyyWN"
                    }, 
                    {
                        "@Name": "DestinationPort", 
                        "#text": "59690"
                    }, 
                    {
                        "@Name": "DestinationPortName"
                    }
                ]
            }
        }, 
        {
            "@xmlns": "http://schemas.microsoft.com/win/2004/08/events/event", 
            "System": {
                "Provider": {
                    "@Name": "Microsoft-Windows-Sysmon", 
                    "@Guid": "{5770385F-C22A-43E0-BF4C-06F5698FFBD9}"
                }, 
                "EventID": "3", 
                "Version": "5", 
                "Level": "4", 
                "Task": "3", 
                "Opcode": "0", 
                "Keywords": "0x8000000000000000", 
                "TimeCreated": {
                    "@SystemTime": "2022-03-19T20:18:19.699750000Z"
                }, 
                "EventRecordID": "9502", 
                "Correlation": null, 
                "Execution": {
                    "@ProcessID": "1244", 
                    "@ThreadID": "1860"
                }, 
                "Channel": "Microsoft-Windows-Sysmon/Operational", 
                "Computer": "kgtsfIwCnV", 
                "Security": {
                    "@UserID": "S-1-5-18"
                }
            }, 
            "EventData": {
                "Data": [
                    {
                        "@Name": "RuleName"
                    }, 
                    {
                        "@Name": "UtcTime", 
                        "#text": "2020-06-16 02:41:09.954"
                    }, 
                    {
                        "@Name": "ProcessGuid", 
                        "#text": "{7EA2F8B5-2EF8-5EE8-0000-0010EB030000}"
                    }, 
                    {
                        "@Name": "ProcessId", 
                        "#text": "4"
                    }, 
                    {
                        "@Name": "Image", 
                        "#text": "System"
                    }, 
                    {
                        "@Name": "User", 
                        "#text": "NT AUTHORITY\\SYSTEM"
                    }, 
                    {
                        "@Name": "Protocol", 
                        "#text": "udp"
                    }, 
                    {
                        "@Name": "Initiated", 
                        "#text": "false"
                    }, 
                    {
                        "@Name": "SourceIsIpv6", 
                        "#text": "false"
                    }, 
                    {
                        "@Name": "SourceIp", 
                        "#text": "192.168.168.255"
                    }, 
                    {
                        "@Name": "SourceHostname"
                    }, 
                    {
                        "@Name": "SourcePort", 
                        "#text": "138"
                    }, 
                    {
                        "@Name": "SourcePortName", 
                        "#text": "netbios-dgm"
                    }, 
                    {
                        "@Name": "DestinationIsIpv6", 
                        "#text": "false"
                    }, 
                    {
                        "@Name": "DestinationIp", 
                        "#text": "192.168.168.213"
                    }, 
                    {
                        "@Name": "DestinationHostname", 
                        "#text": "uXqkOyhCcB"
                    }, 
                    {
                        "@Name": "DestinationPort", 
                        "#text": "138"
                    }, 
                    {
                        "@Name": "DestinationPortName", 
                        "#text": "netbios-dgm"
                    }
                ]
            }
        }, 
        {
            "@xmlns": "http://schemas.microsoft.com/win/2004/08/events/event", 
            "System": {
                "Provider": {
                    "@Name": "Microsoft-Windows-Sysmon", 
                    "@Guid": "{5770385F-C22A-43E0-BF4C-06F5698FFBD9}"
                }, 
                "EventID": "3", 
                "Version": "5", 
                "Level": "4", 
                "Task": "3", 
                "Opcode": "0", 
                "Keywords": "0x8000000000000000", 
                "TimeCreated": {
                    "@SystemTime": "2022-03-19T20:18:19.699750000Z"
                }, 
                "EventRecordID": "9501", 
                "Correlation": null, 
                "Execution": {
                    "@ProcessID": "1244", 
                    "@ThreadID": "1860"
                }, 
                "Channel": "Microsoft-Windows-Sysmon/Operational", 
                "Computer": "kgtsfIwCnV", 
                "Security": {
                    "@UserID": "S-1-5-18"
                }
            }, 
            "EventData": {
                "Data": [
                    {
                        "@Name": "RuleName"
                    }, 
                    {
                        "@Name": "UtcTime", 
                        "#text": "2020-06-16 02:41:09.937"
                    }, 
                    {
                        "@Name": "ProcessGuid", 
                        "#text": "{7EA2F8B5-2EF8-5EE8-0000-0010EB030000}"
                    }, 
                    {
                        "@Name": "ProcessId", 
                        "#text": "4"
                    }, 
                    {
                        "@Name": "Image", 
                        "#text": "System"
                    }, 
                    {
                        "@Name": "User", 
                        "#text": "NT AUTHORITY\\SYSTEM"
                    }, 
                    {
                        "@Name": "Protocol", 
                        "#text": "udp"
                    }, 
                    {
                        "@Name": "Initiated", 
                        "#text": "false"
                    }, 
                    {
                        "@Name": "SourceIsIpv6", 
                        "#text": "false"
                    }, 
                    {
                        "@Name": "SourceIp", 
                        "#text": "192.168.168.255"
                    }, 
                    {
                        "@Name": "SourceHostname"
                    }, 
                    {
                        "@Name": "SourcePort", 
                        "#text": "138"
                    }, 
                    {
                        "@Name": "SourcePortName", 
                        "#text": "netbios-dgm"
                    }, 
                    {
                        "@Name": "DestinationIsIpv6", 
                        "#text": "false"
                    }, 
                    {
                        "@Name": "DestinationIp", 
                        "#text": "192.168.168.222"
                    }, 
                    {
                        "@Name": "DestinationHostname", 
                        "#text": "rTdRUobvHnbTxI"
                    }, 
                    {
                        "@Name": "DestinationPort", 
                        "#text": "138"
                    }, 
                    {
                        "@Name": "DestinationPortName", 
                        "#text": "netbios-dgm"
                    }
                ]
            }
        }, 
        {
            "@xmlns": "http://schemas.microsoft.com/win/2004/08/events/event", 
            "System": {
                "Provider": {
                    "@Name": "Microsoft-Windows-Sysmon", 
                    "@Guid": "{5770385F-C22A-43E0-BF4C-06F5698FFBD9}"
                }, 
                "EventID": "3", 
                "Version": "5", 
                "Level": "4", 
                "Task": "3", 
                "Opcode": "0", 
                "Keywords": "0x8000000000000000", 
                "TimeCreated": {
                    "@SystemTime": "2022-03-19T20:18:19.699750000Z"
                }, 
                "EventRecordID": "9500", 
                "Correlation": null, 
                "Execution": {
                    "@ProcessID": "1244", 
                    "@ThreadID": "1860"
                }, 
                "Channel": "Microsoft-Windows-Sysmon/Operational", 
                "Computer": "kgtsfIwCnV", 
                "Security": {
                    "@UserID": "S-1-5-18"
                }
            }, 
            "EventData": {
                "Data": [
                    {
                        "@Name": "RuleName"
                    }, 
                    {
                        "@Name": "UtcTime", 
                        "#text": "2020-06-16 02:41:09.924"
                    }, 
                    {
                        "@Name": "ProcessGuid", 
                        "#text": "{7EA2F8B5-2EFF-5EE8-0000-00103A400200}"
                    }, 
                    {
                        "@Name": "ProcessId", 
                        "#text": "1756"
                    }, 
                    {
                        "@Name": "Image", 
                        "#text": "C:\\Python27\\pythonw.exe"
                    }, 
                    {
                        "@Name": "User", 
                        "#text": "KGTSFIWCNV\\Administrator"
                    }, 
                    {
                        "@Name": "Protocol", 
                        "#text": "tcp"
                    }, 
                    {
                        "@Name": "Initiated", 
                        "#text": "false"
                    }, 
                    {
                        "@Name": "SourceIsIpv6", 
                        "#text": "false"
                    }, 
                    {
                        "@Name": "SourceIp", 
                        "#text": "192.168.168.220"
                    }, 
                    {
                        "@Name": "SourceHostname", 
                        "#text": "kgtsfIwCnV"
                    }, 
                    {
                        "@Name": "SourcePort", 
                        "#text": "8000"
                    }, 
                    {
                        "@Name": "SourcePortName"
                    }, 
                    {
                        "@Name": "DestinationIsIpv6", 
                        "#text": "false"
                    }, 
                    {
                        "@Name": "DestinationIp", 
                        "#text": "192.168.168.1"
                    }, 
                    {
                        "@Name": "DestinationHostname"
                    }, 
                    {
                        "@Name": "DestinationPort", 
                        "#text": "58154"
                    }, 
                    {
                        "@Name": "DestinationPortName"
                    }
                ]
            }
        }, 
        {
            "@xmlns": "http://schemas.microsoft.com/win/2004/08/events/event", 
            "System": {
                "Provider": {
                    "@Name": "Microsoft-Windows-Sysmon", 
                    "@Guid": "{5770385F-C22A-43E0-BF4C-06F5698FFBD9}"
                }, 
                "EventID": "5", 
                "Version": "3", 
                "Level": "4", 
                "Task": "5", 
                "Opcode": "0", 
                "Keywords": "0x8000000000000000", 
                "TimeCreated": {
                    "@SystemTime": "2022-03-19T20:18:19.512250000Z"
                }, 
                "EventRecordID": "9499", 
                "Correlation": null, 
                "Execution": {
                    "@ProcessID": "1244", 
                    "@ThreadID": "1848"
                }, 
                "Channel": "Microsoft-Windows-Sysmon/Operational", 
                "Computer": "kgtsfIwCnV", 
                "Security": {
                    "@UserID": "S-1-5-18"
                }
            }, 
            "EventData": {
                "Data": [
                    {
                        "@Name": "RuleName"
                    }, 
                    {
                        "@Name": "UtcTime", 
                        "#text": "2022-03-19 15:48:10.562"
                    }, 
                    {
                        "@Name": "ProcessGuid", 
                        "#text": "{7EA2F8B5-FB39-6235-0000-001072940001}"
                    }, 
                    {
                        "@Name": "ProcessId", 
                        "#text": "2468"
                    }, 
                    {
                        "@Name": "Image", 
                        "#text": "C:\\Windows\\System32\\wsqmcons.exe"
                    }
                ]
            }
        }, 
        {
            "@xmlns": "http://schemas.microsoft.com/win/2004/08/events/event", 
            "System": {
                "Provider": {
                    "@Name": "Microsoft-Windows-Sysmon", 
                    "@Guid": "{5770385F-C22A-43E0-BF4C-06F5698FFBD9}"
                }, 
                "EventID": "5", 
                "Version": "3", 
                "Level": "4", 
                "Task": "5", 
                "Opcode": "0", 
                "Keywords": "0x8000000000000000", 
                "TimeCreated": {
                    "@SystemTime": "2022-03-19T20:18:19.512250000Z"
                }, 
                "EventRecordID": "9498", 
                "Correlation": null, 
                "Execution": {
                    "@ProcessID": "1244", 
                    "@ThreadID": "1848"
                }, 
                "Channel": "Microsoft-Windows-Sysmon/Operational", 
                "Computer": "kgtsfIwCnV", 
                "Security": {
                    "@UserID": "S-1-5-18"
                }
            }, 
            "EventData": {
                "Data": [
                    {
                        "@Name": "RuleName"
                    }, 
                    {
                        "@Name": "UtcTime", 
                        "#text": "2022-03-19 15:48:10.546"
                    }, 
                    {
                        "@Name": "ProcessGuid", 
                        "#text": "{00000000-0000-0000-0000-000000000000}"
                    }, 
                    {
                        "@Name": "ProcessId", 
                        "#text": "2984"
                    }, 
                    {
                        "@Name": "Image", 
                        "#text": "<unknown process>"
                    }
                ]
            }
        }, 
        {
            "@xmlns": "http://schemas.microsoft.com/win/2004/08/events/event", 
            "System": {
                "Provider": {
                    "@Name": "Microsoft-Windows-Sysmon", 
                    "@Guid": "{5770385F-C22A-43E0-BF4C-06F5698FFBD9}"
                }, 
                "EventID": "5", 
                "Version": "3", 
                "Level": "4", 
                "Task": "5", 
                "Opcode": "0", 
                "Keywords": "0x8000000000000000", 
                "TimeCreated": {
                    "@SystemTime": "2022-03-19T20:18:19.512250000Z"
                }, 
                "EventRecordID": "9497", 
                "Correlation": null, 
                "Execution": {
                    "@ProcessID": "1244", 
                    "@ThreadID": "1848"
                }, 
                "Channel": "Microsoft-Windows-Sysmon/Operational", 
                "Computer": "kgtsfIwCnV", 
                "Security": {
                    "@UserID": "S-1-5-18"
                }
            }, 
            "EventData": {
                "Data": [
                    {
                        "@Name": "RuleName"
                    }, 
                    {
                        "@Name": "UtcTime", 
                        "#text": "2022-03-19 15:48:10.546"
                    }, 
                    {
                        "@Name": "ProcessGuid", 
                        "#text": "{00000000-0000-0000-0000-000000000000}"
                    }, 
                    {
                        "@Name": "ProcessId", 
                        "#text": "1776"
                    }, 
                    {
                        "@Name": "Image", 
                        "#text": "<unknown process>"
                    }
                ]
            }
        }, 
        {
            "@xmlns": "http://schemas.microsoft.com/win/2004/08/events/event", 
            "System": {
                "Provider": {
                    "@Name": "Microsoft-Windows-Sysmon", 
                    "@Guid": "{5770385F-C22A-43E0-BF4C-06F5698FFBD9}"
                }, 
                "EventID": "1", 
                "Version": "5", 
                "Level": "4", 
                "Task": "1", 
                "Opcode": "0", 
                "Keywords": "0x8000000000000000", 
                "TimeCreated": {
                    "@SystemTime": "2022-03-19T20:18:19.434125000Z"
                }, 
                "EventRecordID": "9496", 
                "Correlation": null, 
                "Execution": {
                    "@ProcessID": "1244", 
                    "@ThreadID": "1848"
                }, 
                "Channel": "Microsoft-Windows-Sysmon/Operational", 
                "Computer": "kgtsfIwCnV", 
                "Security": {
                    "@UserID": "S-1-5-18"
                }
            }, 
            "EventData": {
                "Data": [
                    {
                        "@Name": "RuleName"
                    }, 
                    {
                        "@Name": "UtcTime", 
                        "#text": "2022-03-19 15:48:10.453"
                    }, 
                    {
                        "@Name": "ProcessGuid", 
                        "#text": "{7EA2F8B5-FB3A-6235-0000-0010B00D0101}"
                    }, 
                    {
                        "@Name": "ProcessId", 
                        "#text": "2080"
                    }, 
                    {
                        "@Name": "Image", 
                        "#text": "C:\\Windows\\System32\\schtasks.exe"
                    }, 
                    {
                        "@Name": "FileVersion", 
                        "#text": "6.1.7600.16385 (win7_rtm.090713-1255)"
                    }, 
                    {
                        "@Name": "Description", 
                        "#text": "Manages scheduled tasks"
                    }, 
                    {
                        "@Name": "Product", 
                        "#text": "Microsoft\u00ae Windows\u00ae Operating System"
                    }, 
                    {
                        "@Name": "Company", 
                        "#text": "Microsoft Corporation"
                    }, 
                    {
                        "@Name": "CommandLine", 
                        "#text": "C:\\Windows\\system32\\schtasks.exe /delete /f /TN \"Microsoft\\Windows\\Customer Experience Improvement Program\\Uploader\""
                    }, 
                    {
                        "@Name": "CurrentDirectory", 
                        "#text": "C:\\Windows\\system32\\"
                    }, 
                    {
                        "@Name": "User", 
                        "#text": "NT AUTHORITY\\SYSTEM"
                    }, 
                    {
                        "@Name": "LogonGuid", 
                        "#text": "{7EA2F8B5-2EFD-5EE8-0000-0020E7030000}"
                    }, 
                    {
                        "@Name": "LogonId", 
                        "#text": "0x3e7"
                    }, 
                    {
                        "@Name": "TerminalSessionId", 
                        "#text": "0"
                    }, 
                    {
                        "@Name": "IntegrityLevel", 
                        "#text": "System"
                    }, 
                    {
                        "@Name": "Hashes", 
                        "#text": "SHA1=BD9DCEFFBCBBC82BEE5F2109BD73A57477FE1F92"
                    }, 
                    {
                        "@Name": "ParentProcessGuid", 
                        "#text": "{7EA2F8B5-FB39-6235-0000-001072940001}"
                    }, 
                    {
                        "@Name": "ParentProcessId", 
                        "#text": "2468"
                    }, 
                    {
                        "@Name": "ParentImage", 
                        "#text": "C:\\Windows\\System32\\wsqmcons.exe"
                    }, 
                    {
                        "@Name": "ParentCommandLine", 
                        "#text": "C:\\Windows\\System32\\wsqmcons.exe"
                    }
                ]
            }
        }, 
        {
            "@xmlns": "http://schemas.microsoft.com/win/2004/08/events/event", 
            "System": {
                "Provider": {
                    "@Name": "Microsoft-Windows-Sysmon", 
                    "@Guid": "{5770385F-C22A-43E0-BF4C-06F5698FFBD9}"
                }, 
                "EventID": "5", 
                "Version": "3", 
                "Level": "4", 
                "Task": "5", 
                "Opcode": "0", 
                "Keywords": "0x8000000000000000", 
                "TimeCreated": {
                    "@SystemTime": "2022-03-19T20:18:19.371625000Z"
                }, 
                "EventRecordID": "9495", 
                "Correlation": null, 
                "Execution": {
                    "@ProcessID": "1244", 
                    "@ThreadID": "1848"
                }, 
                "Channel": "Microsoft-Windows-Sysmon/Operational", 
                "Computer": "kgtsfIwCnV", 
                "Security": {
                    "@UserID": "S-1-5-18"
                }
            }, 
            "EventData": {
                "Data": [
                    {
                        "@Name": "RuleName"
                    }, 
                    {
                        "@Name": "UtcTime", 
                        "#text": "2022-03-19 15:48:10.187"
                    }, 
                    {
                        "@Name": "ProcessGuid", 
                        "#text": "{7EA2F8B5-FB39-6235-0000-0010B7DB0001}"
                    }, 
                    {
                        "@Name": "ProcessId", 
                        "#text": "3056"
                    }, 
                    {
                        "@Name": "Image", 
                        "#text": "C:\\Windows\\System32\\conhost.exe"
                    }
                ]
            }
        }, 
        {
            "@xmlns": "http://schemas.microsoft.com/win/2004/08/events/event", 
            "System": {
                "Provider": {
                    "@Name": "Microsoft-Windows-Sysmon", 
                    "@Guid": "{5770385F-C22A-43E0-BF4C-06F5698FFBD9}"
                }, 
                "EventID": "1", 
                "Version": "5", 
                "Level": "4", 
                "Task": "1", 
                "Opcode": "0", 
                "Keywords": "0x8000000000000000", 
                "TimeCreated": {
                    "@SystemTime": "2022-03-19T20:18:19.184125000Z"
                }, 
                "EventRecordID": "9493", 
                "Correlation": null, 
                "Execution": {
                    "@ProcessID": "1244", 
                    "@ThreadID": "1848"
                }, 
                "Channel": "Microsoft-Windows-Sysmon/Operational", 
                "Computer": "kgtsfIwCnV", 
                "Security": {
                    "@UserID": "S-1-5-18"
                }
            }, 
            "EventData": {
                "Data": [
                    {
                        "@Name": "RuleName"
                    }, 
                    {
                        "@Name": "UtcTime", 
                        "#text": "2022-03-19 15:48:09.953"
                    }, 
                    {
                        "@Name": "ProcessGuid", 
                        "#text": "{7EA2F8B5-FB39-6235-0000-0010B7DB0001}"
                    }, 
                    {
                        "@Name": "ProcessId", 
                        "#text": "3056"
                    }, 
                    {
                        "@Name": "Image", 
                        "#text": "C:\\Windows\\System32\\conhost.exe"
                    }, 
                    {
                        "@Name": "FileVersion", 
                        "#text": "6.1.7600.16385 (win7_rtm.090713-1255)"
                    }, 
                    {
                        "@Name": "Description", 
                        "#text": "Console Window Host"
                    }, 
                    {
                        "@Name": "Product", 
                        "#text": "Microsoft\u00ae Windows\u00ae Operating System"
                    }, 
                    {
                        "@Name": "Company", 
                        "#text": "Microsoft Corporation"
                    }, 
                    {
                        "@Name": "CommandLine", 
                        "#text": "\\??\\C:\\Windows\\system32\\conhost.exe \"794230545-1491373827-2015829186-397652031-2045791068-308254514-1184932264-1058162309\""
                    }, 
                    {
                        "@Name": "CurrentDirectory", 
                        "#text": "C:\\Windows\\system32\\"
                    }, 
                    {
                        "@Name": "User", 
                        "#text": "NT AUTHORITY\\LOCAL SERVICE"
                    }, 
                    {
                        "@Name": "LogonGuid", 
                        "#text": "{7EA2F8B5-2EFD-5EE8-0000-0020E5030000}"
                    }, 
                    {
                        "@Name": "LogonId", 
                        "#text": "0x3e5"
                    }, 
                    {
                        "@Name": "TerminalSessionId", 
                        "#text": "0"
                    }, 
                    {
                        "@Name": "IntegrityLevel", 
                        "#text": "System"
                    }, 
                    {
                        "@Name": "Hashes", 
                        "#text": "SHA1=D836FCE5EE3175E5178DADD40E1FEC98A83FBCE9"
                    }, 
                    {
                        "@Name": "ParentProcessGuid", 
                        "#text": "{7EA2F8B5-2EFC-5EE8-0000-00102B4C0000}"
                    }, 
                    {
                        "@Name": "ParentProcessId", 
                        "#text": "360"
                    }, 
                    {
                        "@Name": "ParentImage", 
                        "#text": "C:\\Windows\\System32\\csrss.exe"
                    }, 
                    {
                        "@Name": "ParentCommandLine", 
                        "#text": "%SystemRoot%\\system32\\csrss.exe ObjectDirectory=\\Windows SharedSection=1024,20480,768 Windows=On SubSystemType=Windows ServerDll=basesrv,1 ServerDll=winsrv:UserServerDllInitialization,3 ServerDll=winsrv:ConServerDllInitialization,2 ServerDll=sxssrv,4 ProfileControl=Off MaxRequestThreads=16"
                    }
                ]
            }
        }, 
        {
            "@xmlns": "http://schemas.microsoft.com/win/2004/08/events/event", 
            "System": {
                "Provider": {
                    "@Name": "Microsoft-Windows-Sysmon", 
                    "@Guid": "{5770385F-C22A-43E0-BF4C-06F5698FFBD9}"
                }, 
                "EventID": "5", 
                "Version": "3", 
                "Level": "4", 
                "Task": "5", 
                "Opcode": "0", 
                "Keywords": "0x8000000000000000", 
                "TimeCreated": {
                    "@SystemTime": "2022-03-19T20:18:19.090375000Z"
                }, 
                "EventRecordID": "9492", 
                "Correlation": null, 
                "Execution": {
                    "@ProcessID": "1244", 
                    "@ThreadID": "1848"
                }, 
                "Channel": "Microsoft-Windows-Sysmon/Operational", 
                "Computer": "kgtsfIwCnV", 
                "Security": {
                    "@UserID": "S-1-5-18"
                }
            }, 
            "EventData": {
                "Data": [
                    {
                        "@Name": "RuleName"
                    }, 
                    {
                        "@Name": "UtcTime", 
                        "#text": "2022-03-19 15:48:09.828"
                    }, 
                    {
                        "@Name": "ProcessGuid", 
                        "#text": "{7EA2F8B5-FB39-6235-0000-0010C1940001}"
                    }, 
                    {
                        "@Name": "ProcessId", 
                        "#text": "196"
                    }, 
                    {
                        "@Name": "Image", 
                        "#text": "C:\\Windows\\System32\\taskhost.exe"
                    }
                ]
            }
        }, 
