{
    "info": {
        "added": 1647712088.312658, 
        "started": 1647727261.018957, 
        "duration": 719, 
        "ended": 1647727980.203074, 
        "owner": null, 
        "score": 0.1, 
        "id": 2870075, 
        "category": "file", 
        "git": {
            "head": "", 
            "fetch_head": ""
        }, 
        "monitor": null, 
        "package": "", 
        "route": "internet", 
        "custom": null, 
        "machine": {
            "status": "stopped", 
            "name": "win7x6419", 
            "label": "win7x6419", 
            "platform": "windows", 
            "manager": "VirtualBox", 
            "started_on": "2022-03-19 22:01:01", 
            "shutdown_on": "2022-03-19 22:12:59"
        }, 
        "platform": null, 
        "version": "2.0.7", 
        "options": "procmemdump=yes,route=internet"
    }, 
    "extracted": [
        {
            "category": "script", 
            "yara": [], 
            "info": {}, 
            "pid": 1992, 
            "raw": "/srv/cuckoo/cwd/storage/analyses/2870075/extracted/0.bat", 
            "program": "cmd", 
            "first_seen": 1647712089.265625
        }
    ], 
    "signatures": [
        {
            "families": [], 
            "description": "Checks if process is being debugged by a debugger", 
            "severity": 1, 
            "ttp": {}, 
            "markcount": 1, 
            "references": [], 
            "marks": [
                {
                    "call": {
                        "category": "system", 
                        "status": 0, 
                        "stacktrace": [], 
                        "last_error": 0, 
                        "nt_status": -1073741685, 
                        "api": "IsDebuggerPresent", 
                        "return_value": 0, 
                        "arguments": {}, 
                        "time": 1647711667.284896, 
                        "tid": 392, 
                        "flags": {}
                    }, 
                    "pid": 820, 
                    "type": "call", 
                    "cid": 27
                }
            ], 
            "name": "checks_debugger"
        }
    ], 
    "target": {
        "category": "file", 
        "file": {
            "mimetype": "application/x-chrome-extension", 
            "yara": [], 
            "sha1": "b6e6bc6c114b4b6b0e55be269e2ef864253d52ad", 
            "name": "extension_1_4_0_0 (2).crx", 
            "type": "Google Chrome extension, version 3", 
            "sha256": "cd8b5847db11e4e89b13e005a776ef6de0acceb5144f77fa2055891e473b4630", 
            "urls": [], 
            "crc32": "C4904D10", 
            "path": "/srv/cuckoo/cwd/storage/binaries/cd8b5847db11e4e89b13e005a776ef6de0acceb5144f77fa2055891e473b4630", 
            "ssdeep": null, 
            "size": 14845, 
            "sha512": "de222110cb61dead3da012f6b6b24f6872c3af933cf8a0dcb6f4d52cad13277683aff47f06f400349d8ebe5501e010cce8f48960cf94d81d4f4b595cdfc764f6", 
            "md5": "6f72d9eac9c85ffb7261c078f0cd79e4"
        }, 
        "custom": null
    }, 
    "irma": {
        "status": 0, 
        "probes_finished": 16, 
        "scan_id": "d556adaf-649d-4577-8cd4-5d3989dc7b89", 
        "parent_file_sha256": null, 
        "probes_total": 16, 
        "scan_date": 1647720781, 
        "name": "cd8b5847db11e4e89b13e005a776ef6de0acceb5144f77fa2055891e473b4630", 
        "other_results": [], 
        "submitter": "cli", 
        "file_infos": {
            "mimetype": "Google Chrome extension, version 3", 
            "sha1": "b6e6bc6c114b4b6b0e55be269e2ef864253d52ad", 
            "tags": [], 
            "timestamp_first_scan": 1647403212.64, 
            "timestamp_last_scan": 1647720790.68, 
            "sha256": "cd8b5847db11e4e89b13e005a776ef6de0acceb5144f77fa2055891e473b4630", 
            "md5": "6f72d9eac9c85ffb7261c078f0cd79e4", 
            "size": 14845
        }, 
        "probe_results": {
            "antivirus": {
                "Avast Core Security (Linux)": {
                    "status": 0, 
                    "duration": 0.01, 
                    "version": "3.0.3", 
                    "results": null, 
                    "virus_database_version": "unavailable"
                }, 
                "F-Secure Antivirus (Linux)": {
                    "status": 0, 
                    "duration": 0.1, 
                    "version": "11.10", 
                    "results": null, 
                    "virus_database_version": "2022-02-04_03"
                }, 
                "Windows Defender (Windows)": {
                    "status": 0, 
                    "duration": 0.05, 
                    "version": "1.1.18900.3", 
                    "results": null, 
                    "virus_database_version": "1.359.1348.0"
                }, 
                "Comodo Antivirus (Linux)": {
                    "status": 0, 
                    "duration": 2.13, 
                    "version": "1.1.268025.1", 
                    "results": null, 
                    "virus_database_version": "2021-12-31"
                }, 
                "Kaspersky Antivirus (Win)": {
                    "status": 0, 
                    "duration": 2.8, 
                    "version": "21.3", 
                    "results": null, 
                    "virus_database_version": "2022-03-11 01:06:00 (full)"
                }, 
                "ESET NOD32 Antivirus (Linux)": {
                    "status": 0, 
                    "duration": 5.14, 
                    "version": "4.0.96", 
                    "results": null, 
                    "virus_database_version": "61ad92b8-1e6f6 (2022-02-04)"
                }, 
                "GData (Windows)": {
                    "status": 0, 
                    "duration": 0.2, 
                    "version": "5.5.20197.1358", 
                    "results": null, 
                    "virus_database_version": "unavailable"
                }, 
                "Forticlient (Linux)": {
                    "status": 0, 
                    "duration": 3.05, 
                    "version": "unavailable", 
                    "results": null, 
                    "virus_database_version": "unavailable"
                }, 
                "Avira (Windows)": {
                    "status": 0, 
                    "duration": 3.91, 
                    "version": "8.3.64.66", 
                    "results": null, 
                    "virus_database_version": "8.19.1.122"
                }, 
                "eScan Antivirus (Linux)": {
                    "status": 0, 
                    "duration": 4.31, 
                    "version": "7.0.21", 
                    "results": null, 
                    "virus_database_version": "7.91093 (04/02/2022)"
                }, 
                "McAfee CLI scanner (Linux)": {
                    "status": 0, 
                    "duration": 4.69, 
                    "version": "6.0.6.653", 
                    "results": null, 
                    "virus_database_version": "10247"
                }, 
                "Sophos Anti-Virus (Linux)": {
                    "status": 0, 
                    "duration": 6.49, 
                    "version": "5.85.0", 
                    "results": null, 
                    "virus_database_version": "5.90 (01 February 2022)"
                }, 
                "DrWeb Antivirus (Linux)": {
                    "status": 0, 
                    "duration": 0.1, 
                    "version": "11.1.11.2110182032", 
                    "results": null, 
                    "virus_database_version": "unavailable"
                }, 
                "ClamAV (Linux)": {
                    "status": 0, 
                    "duration": 0.01, 
                    "version": "0.103.5", 
                    "results": null, 
                    "virus_database_version": "26474"
                }, 
                "Bitdefender Antivirus (Linux)": {
                    "status": 0, 
                    "duration": 6.81, 
                    "version": "7.90123", 
                    "results": null, 
                    "virus_database_version": null
                }, 
                "Emsisoft Commandline Scanner (Windows)": {
                    "status": 0, 
                    "duration": 0.22, 
                    "version": "2021.10.0.11201", 
                    "results": null, 
                    "virus_database_version": "unavailable"
                }
            }
        }, 
        "path": "", 
        "result_id": "00fe78d5-b94c-479e-9ac5-9ecbc0b4f688", 
        "file_sha256": "cd8b5847db11e4e89b13e005a776ef6de0acceb5144f77fa2055891e473b4630"
    }, 
    "suricata": {
        "tls": [], 
        "files": [], 
        "alerts": [], 
        "http": [
            {
                "status": "200", 
                "timestamp": "2022-03-19T22:06:15.739686+0200", 
                "referer": null, 
                "content_type": "application/pkix-crl", 
                "src_port": 49246, 
                "url": "/pki/crl/products/microsoftrootcert.crl", 
                "hostname": "crl.microsoft.com", 
                "src_ip": "192.168.168.219", 
                "length": 767, 
                "dst_port": 80, 
                "dst_ip": "83.255.218.89", 
                "method": "GET", 
                "user_agent": "Microsoft-CryptoAPI/6.1"
            }, 
            {
                "status": "200", 
                "timestamp": "2022-03-19T22:06:20.895994+0200", 
                "referer": null, 
                "content_type": "application/octet-stream", 
                "src_port": 49246, 
                "url": "/pki/crl/products/MicrosoftTimeStampPCA.crl", 
                "hostname": "crl.microsoft.com", 
                "src_ip": "192.168.168.219", 
                "length": 519, 
                "dst_port": 80, 
                "dst_ip": "83.255.218.89", 
                "method": "GET", 
                "user_agent": "Microsoft-CryptoAPI/6.1"
            }, 
            {
                "status": "200", 
                "timestamp": "2022-03-19T22:06:26.723975+0200", 
                "referer": null, 
                "content_type": "application/octet-stream", 
                "src_port": 49246, 
                "url": "/pki/crl/products/MicCodSigPCA_08-31-2010.crl", 
                "hostname": "crl.microsoft.com", 
                "src_ip": "192.168.168.219", 
                "length": 564, 
                "dst_port": 80, 
                "dst_ip": "83.255.218.89", 
                "method": "GET", 
                "user_agent": "Microsoft-CryptoAPI/6.1"
            }, 
            {
                "status": "200", 
                "timestamp": "2022-03-19T22:06:31.958485+0200", 
                "referer": null, 
                "content_type": "application/ocsp-response", 
                "src_port": 49249, 
                "url": "/MFEwTzBNMEswSTAJBgUrDgMCGgUABBT3xL4LQLXDRDM9P665TW442vrsUQQUReuir%2FSSy4IxLVGLp6chnfNtyA8CEA%2BoSQYV1wCgviF2%2FcXsbb0%3D", 
                "hostname": "ocsp.digicert.com", 
                "src_ip": "192.168.168.219", 
                "length": 471, 
                "dst_port": 80, 
                "dst_ip": "93.184.220.29", 
                "method": "GET", 
                "user_agent": "Microsoft-CryptoAPI/6.1"
            }, 
            {
                "status": "200", 
                "timestamp": "2022-03-19T22:06:37.098525+0200", 
                "referer": null, 
                "content_type": "application/ocsp-response", 
                "src_port": 49249, 
                "url": "/MFEwTzBNMEswSTAJBgUrDgMCGgUABBSYagvY3tfizDNoybzVSPFZmSEm0wQUe2jOKarAF75JeuHlP9an90WPNTICEAUR6vhXniZivmIt5a4M1Ag%3D", 
                "hostname": "ocsp.digicert.com", 
                "src_ip": "192.168.168.219", 
                "length": 471, 
                "dst_port": 80, 
                "dst_ip": "93.184.220.29", 
                "method": "GET", 
                "user_agent": "Microsoft-CryptoAPI/6.1"
            }, 
            {
                "status": "200", 
                "timestamp": "2022-03-19T22:06:41.849166+0200", 
                "referer": null, 
                "content_type": "application/ocsp-response", 
                "src_port": 49250, 
                "url": "/MFEwTzBNMEswSTAJBgUrDgMCGgUABBSYagvY3tfizDNoybzVSPFZmSEm0wQUe2jOKarAF75JeuHlP9an90WPNTICEAUR6vhXniZivmIt5a4M1Ag%3D", 
                "hostname": "ocsp.digicert.com", 
                "src_ip": "192.168.168.219", 
                "length": 471, 
                "dst_port": 80, 
                "dst_ip": "93.184.220.29", 
                "method": "GET", 
                "user_agent": "Microsoft-CryptoAPI/6.1"
            }, 
            {
                "status": "200", 
                "timestamp": "2022-03-19T22:06:42.115502+0200", 
                "referer": null, 
                "content_type": "application/pkix-crl", 
                "src_port": 49251, 
                "url": "/pca3.crl", 
                "hostname": "crl.verisign.com", 
                "src_ip": "192.168.168.219", 
                "length": 1482, 
                "dst_port": 80, 
                "dst_ip": "93.184.220.29", 
                "method": "GET", 
                "user_agent": "Microsoft-CryptoAPI/6.1"
            }, 
            {
                "status": "200", 
                "timestamp": "2022-03-19T22:06:47.293266+0200", 
                "referer": null, 
                "content_type": "application/ocsp-response", 
                "src_port": 49252, 
                "url": "/MFEwTzBNMEswSTAJBgUrDgMCGgUABBTSqZMG5M8TA9rdzkbCnNwuMAd5VgQUz5mp6nsm9EvJjo%2FX8AUm7%2BPSp50CEApPmHp2nko1OyaHijvT094%3D", 
                "hostname": "ocsp.verisign.com", 
                "src_ip": "192.168.168.219", 
                "length": 1551, 
                "dst_port": 80, 
                "dst_ip": "23.52.27.27", 
                "method": "GET", 
                "user_agent": "Microsoft-CryptoAPI/6.1"
            }, 
            {
                "status": "200", 
                "timestamp": "2022-03-19T22:06:49.130526+0200", 
                "referer": null, 
                "content_type": "application/ocsp-response", 
                "src_port": 49253, 
                "url": "/MFEwTzBNMEswSTAJBgUrDgMCGgUABBQ%2FxkCfyHfJr7GQ6M658NRZ4SHo%2FAQUCPVR6Pv%2BPT1kNnxoz1t4qN%2B5xTcCECcNdVyfWsO322H1CZgocHg%3D", 
                "hostname": "ocsp.verisign.com", 
                "src_ip": "192.168.168.219", 
                "length": 5, 
                "dst_port": 80, 
                "dst_ip": "23.52.27.27", 
                "method": "GET", 
                "user_agent": "Microsoft-CryptoAPI/6.1"
            }, 
            {
                "status": "200", 
                "timestamp": "2022-03-19T22:06:52.802236+0200", 
                "referer": null, 
                "content_type": "application/ocsp-response", 
                "src_port": 49252, 
                "url": "/MFEwTzBNMEswSTAJBgUrDgMCGgUABBS56bKHAoUD%2BOyl%2B0LhPg9JxyQm4gQUf9Nlp8Ld7LvwMAnzQzn6Aq8zMTMCEFIA5aolVvwahu2WydRLM8c%3D", 
                "hostname": "ocsp.verisign.com", 
                "src_ip": "192.168.168.219", 
                "length": 5, 
                "dst_port": 80, 
                "dst_ip": "23.52.27.27", 
                "method": "GET", 
                "user_agent": "Microsoft-CryptoAPI/6.1"
            }, 
            {
                "status": "200", 
                "timestamp": "2022-03-19T22:06:54.443033+0200", 
                "referer": null, 
                "content_type": "application/ocsp-response", 
                "src_port": 49253, 
                "url": "/MFEwTzBNMEswSTAJBgUrDgMCGgUABBQ%2FxkCfyHfJr7GQ6M658NRZ4SHo%2FAQUCPVR6Pv%2BPT1kNnxoz1t4qN%2B5xTcCECcNdVyfWsO322H1CZgocHg%3D", 
                "hostname": "ocsp.verisign.com", 
                "src_ip": "192.168.168.219", 
                "length": 5, 
                "dst_port": 80, 
                "dst_ip": "23.52.27.27", 
                "method": "GET", 
                "user_agent": "Microsoft-CryptoAPI/6.1"
            }, 
            {
                "status": "200", 
                "timestamp": "2022-03-19T22:06:57.822272+0200", 
                "referer": null, 
                "content_type": "application/ocsp-response", 
                "src_port": 49254, 
                "url": "/MFEwTzBNMEswSTAJBgUrDgMCGgUABBQckPwgwK2Thdm9JYVwXQ4ERz3XDQQUo47PGUI9MeGrIYmEbcvZeaKysloCEFDtZ0JVYUv07T7UI8yTyn0%3D", 
                "hostname": "evcs-ocsp.ws.symantec.com", 
                "src_ip": "192.168.168.219", 
                "length": 1517, 
                "dst_port": 80, 
                "dst_ip": "23.52.27.27", 
                "method": "GET", 
                "user_agent": "Microsoft-CryptoAPI/6.1"
            }, 
            {
                "status": "200", 
                "timestamp": "2022-03-19T22:07:02.971281+0200", 
                "referer": null, 
                "content_type": "application/ocsp-response", 
                "src_port": 49252, 
                "url": "/MFEwTzBNMEswSTAJBgUrDgMCGgUABBS56bKHAoUD%2BOyl%2B0LhPg9JxyQm4gQUf9Nlp8Ld7LvwMAnzQzn6Aq8zMTMCEGxZ76nhAOEO4wa6j%2BApJVk%3D", 
                "hostname": "ocsp.verisign.com", 
                "src_ip": "192.168.168.219", 
                "length": 1560, 
                "dst_port": 80, 
                "dst_ip": "23.52.27.27", 
                "method": "GET", 
                "user_agent": "Microsoft-CryptoAPI/6.1"
            }, 
            {
                "status": "200", 
                "timestamp": "2022-03-19T22:07:08.474031+0200", 
                "referer": null, 
                "content_type": "application/ocsp-response", 
                "src_port": 49252, 
                "url": "/MFEwTzBNMEswSTAJBgUrDgMCGgUABBQ%2FxkCfyHfJr7GQ6M658NRZ4SHo%2FAQUCPVR6Pv%2BPT1kNnxoz1t4qN%2B5xTcCECcNdVyfWsO322H1CZgocHg%3D", 
                "hostname": "ocsp.verisign.com", 
                "src_ip": "192.168.168.219", 
                "length": 5, 
                "dst_port": 80, 
                "dst_ip": "23.52.27.27", 
                "method": "GET", 
                "user_agent": "Microsoft-CryptoAPI/6.1"
            }
        ]
    }, 
    "virustotal": {
        "summary": {
            "error": "resource has not been scanned yet"
        }
    }, 
    "sysmon": [
        {
            "@xmlns": "http://schemas.microsoft.com/win/2004/08/events/event", 
            "System": {
                "Provider": {
                    "@Name": "Microsoft-Windows-Sysmon", 
                    "@Guid": "{5770385F-C22A-43E0-BF4C-06F5698FFBD9}"
                }, 
                "EventID": "3", 
                "Version": "5", 
                "Level": "4", 
                "Task": "3", 
                "Opcode": "0", 
                "Keywords": "0x8000000000000000", 
                "TimeCreated": {
                    "@SystemTime": "2022-03-19T20:07:07.999375000Z"
                }, 
                "EventRecordID": "10174", 
                "Correlation": null, 
                "Execution": {
                    "@ProcessID": "1244", 
                    "@ThreadID": "1876"
                }, 
                "Channel": "Microsoft-Windows-Sysmon/Operational", 
                "Computer": "SiaaSYwJttfyyWN", 
                "Security": {
                    "@UserID": "S-1-5-18"
                }
            }, 
            "EventData": {
                "Data": [
                    {
                        "@Name": "RuleName"
                    }, 
                    {
                        "@Name": "UtcTime", 
                        "#text": "2020-06-16 02:43:19.088"
                    }, 
                    {
                        "@Name": "ProcessGuid", 
                        "#text": "{7EA2F8B5-2E38-5EE8-0000-0010EAE50000}"
                    }, 
                    {
                        "@Name": "ProcessId", 
                        "#text": "364"
                    }, 
                    {
                        "@Name": "Image", 
                        "#text": "C:\\Windows\\System32\\svchost.exe"
                    }, 
                    {
                        "@Name": "User", 
                        "#text": "NT AUTHORITY\\NETWORK SERVICE"
                    }, 
                    {
                        "@Name": "Protocol", 
                        "#text": "udp"
                    }, 
                    {
                        "@Name": "Initiated", 
                        "#text": "false"
                    }, 
                    {
                        "@Name": "SourceIsIpv6", 
                        "#text": "false"
                    }, 
                    {
                        "@Name": "SourceIp", 
                        "#text": "224.0.0.252"
                    }, 
                    {
                        "@Name": "SourceHostname"
                    }, 
                    {
                        "@Name": "SourcePort", 
                        "#text": "5355"
                    }, 
                    {
                        "@Name": "SourcePortName", 
                        "#text": "llmnr"
                    }, 
                    {
                        "@Name": "DestinationIsIpv6", 
                        "#text": "false"
                    }, 
                    {
                        "@Name": "DestinationIp", 
                        "#text": "192.168.168.215"
                    }, 
                    {
                        "@Name": "DestinationHostname", 
                        "#text": "JAkAnsMU"
                    }, 
                    {
                        "@Name": "DestinationPort", 
                        "#text": "55067"
                    }, 
                    {
                        "@Name": "DestinationPortName"
                    }
                ]
            }
        }, 
        {
            "@xmlns": "http://schemas.microsoft.com/win/2004/08/events/event", 
            "System": {
                "Provider": {
                    "@Name": "Microsoft-Windows-Sysmon", 
                    "@Guid": "{5770385F-C22A-43E0-BF4C-06F5698FFBD9}"
                }, 
                "EventID": "3", 
                "Version": "5", 
                "Level": "4", 
                "Task": "3", 
                "Opcode": "0", 
                "Keywords": "0x8000000000000000", 
                "TimeCreated": {
                    "@SystemTime": "2022-03-19T20:07:07.999375000Z"
                }, 
                "EventRecordID": "10173", 
                "Correlation": null, 
                "Execution": {
                    "@ProcessID": "1244", 
                    "@ThreadID": "1876"
                }, 
                "Channel": "Microsoft-Windows-Sysmon/Operational", 
                "Computer": "SiaaSYwJttfyyWN", 
                "Security": {
                    "@UserID": "S-1-5-18"
                }
            }, 
            "EventData": {
                "Data": [
                    {
                        "@Name": "RuleName"
                    }, 
                    {
                        "@Name": "UtcTime", 
                        "#text": "2020-06-16 02:43:19.088"
                    }, 
                    {
                        "@Name": "ProcessGuid", 
                        "#text": "{7EA2F8B5-2E38-5EE8-0000-0010EAE50000}"
                    }, 
                    {
                        "@Name": "ProcessId", 
                        "#text": "364"
                    }, 
                    {
                        "@Name": "Image", 
                        "#text": "C:\\Windows\\System32\\svchost.exe"
                    }, 
                    {
                        "@Name": "User", 
                        "#text": "NT AUTHORITY\\NETWORK SERVICE"
                    }, 
                    {
                        "@Name": "Protocol", 
                        "#text": "udp"
                    }, 
                    {
                        "@Name": "Initiated", 
                        "#text": "false"
                    }, 
                    {
                        "@Name": "SourceIsIpv6", 
                        "#text": "true"
                    }, 
                    {
                        "@Name": "SourceIp", 
                        "#text": "ff02:0:0:0:0:0:1:3"
                    }, 
                    {
                        "@Name": "SourceHostname"
                    }, 
                    {
                        "@Name": "SourcePort", 
                        "#text": "5355"
                    }, 
                    {
                        "@Name": "SourcePortName", 
                        "#text": "llmnr"
                    }, 
                    {
                        "@Name": "DestinationIsIpv6", 
                        "#text": "true"
                    }, 
                    {
                        "@Name": "DestinationIp", 
                        "#text": "fe80:0:0:0:c042:af01:f15b:8202"
                    }, 
                    {
                        "@Name": "DestinationHostname", 
                        "#text": "JAkAnsMU"
                    }, 
                    {
                        "@Name": "DestinationPort", 
                        "#text": "59915"
                    }, 
                    {
                        "@Name": "DestinationPortName"
                    }
                ]
            }
        }, 
        {
            "@xmlns": "http://schemas.microsoft.com/win/2004/08/events/event", 
            "System": {
                "Provider": {
                    "@Name": "Microsoft-Windows-Sysmon", 
                    "@Guid": "{5770385F-C22A-43E0-BF4C-06F5698FFBD9}"
                }, 
                "EventID": "3", 
                "Version": "5", 
                "Level": "4", 
                "Task": "3", 
                "Opcode": "0", 
                "Keywords": "0x8000000000000000", 
                "TimeCreated": {
                    "@SystemTime": "2022-03-19T20:07:07.749375000Z"
                }, 
                "EventRecordID": "10172", 
                "Correlation": null, 
                "Execution": {
                    "@ProcessID": "1244", 
                    "@ThreadID": "1876"
                }, 
                "Channel": "Microsoft-Windows-Sysmon/Operational", 
                "Computer": "SiaaSYwJttfyyWN", 
                "Security": {
                    "@UserID": "S-1-5-18"
                }
            }, 
            "EventData": {
                "Data": [
                    {
                        "@Name": "RuleName"
                    }, 
                    {
                        "@Name": "UtcTime", 
                        "#text": "2020-06-16 02:43:18.777"
                    }, 
                    {
                        "@Name": "ProcessGuid", 
                        "#text": "{7EA2F8B5-2E38-5EE8-0000-0010EAE50000}"
                    }, 
                    {
                        "@Name": "ProcessId", 
                        "#text": "364"
                    }, 
                    {
                        "@Name": "Image", 
                        "#text": "C:\\Windows\\System32\\svchost.exe"
                    }, 
                    {
                        "@Name": "User", 
                        "#text": "NT AUTHORITY\\NETWORK SERVICE"
                    }, 
                    {
                        "@Name": "Protocol", 
                        "#text": "udp"
                    }, 
                    {
                        "@Name": "Initiated", 
                        "#text": "false"
                    }, 
                    {
                        "@Name": "SourceIsIpv6", 
                        "#text": "false"
                    }, 
                    {
                        "@Name": "SourceIp", 
                        "#text": "224.0.0.252"
                    }, 
                    {
                        "@Name": "SourceHostname"
                    }, 
                    {
                        "@Name": "SourcePort", 
                        "#text": "5355"
                    }, 
                    {
                        "@Name": "SourcePortName", 
                        "#text": "llmnr"
                    }, 
                    {
                        "@Name": "DestinationIsIpv6", 
                        "#text": "false"
                    }, 
                    {
                        "@Name": "DestinationIp", 
                        "#text": "192.168.168.213"
                    }, 
                    {
                        "@Name": "DestinationHostname", 
                        "#text": "uXqkOyhCcB"
                    }, 
                    {
                        "@Name": "DestinationPort", 
                        "#text": "58180"
                    }, 
                    {
                        "@Name": "DestinationPortName"
                    }
                ]
            }
        }, 
        {
            "@xmlns": "http://schemas.microsoft.com/win/2004/08/events/event", 
            "System": {
                "Provider": {
                    "@Name": "Microsoft-Windows-Sysmon", 
                    "@Guid": "{5770385F-C22A-43E0-BF4C-06F5698FFBD9}"
                }, 
                "EventID": "3", 
                "Version": "5", 
                "Level": "4", 
                "Task": "3", 
                "Opcode": "0", 
                "Keywords": "0x8000000000000000", 
                "TimeCreated": {
                    "@SystemTime": "2022-03-19T20:07:07.749375000Z"
                }, 
                "EventRecordID": "10171", 
                "Correlation": null, 
                "Execution": {
                    "@ProcessID": "1244", 
                    "@ThreadID": "1876"
                }, 
                "Channel": "Microsoft-Windows-Sysmon/Operational", 
                "Computer": "SiaaSYwJttfyyWN", 
                "Security": {
                    "@UserID": "S-1-5-18"
                }
            }, 
            "EventData": {
                "Data": [
                    {
                        "@Name": "RuleName"
                    }, 
                    {
                        "@Name": "UtcTime", 
                        "#text": "2020-06-16 02:43:18.777"
                    }, 
                    {
                        "@Name": "ProcessGuid", 
                        "#text": "{7EA2F8B5-2E38-5EE8-0000-0010EAE50000}"
                    }, 
                    {
                        "@Name": "ProcessId", 
                        "#text": "364"
                    }, 
                    {
                        "@Name": "Image", 
                        "#text": "C:\\Windows\\System32\\svchost.exe"
                    }, 
                    {
                        "@Name": "User", 
                        "#text": "NT AUTHORITY\\NETWORK SERVICE"
                    }, 
                    {
                        "@Name": "Protocol", 
                        "#text": "udp"
                    }, 
                    {
                        "@Name": "Initiated", 
                        "#text": "false"
                    }, 
                    {
                        "@Name": "SourceIsIpv6", 
                        "#text": "true"
                    }, 
                    {
                        "@Name": "SourceIp", 
                        "#text": "ff02:0:0:0:0:0:1:3"
                    }, 
                    {
                        "@Name": "SourceHostname"
                    }, 
                    {
                        "@Name": "SourcePort", 
                        "#text": "5355"
                    }, 
                    {
                        "@Name": "SourcePortName", 
                        "#text": "llmnr"
                    }, 
                    {
                        "@Name": "DestinationIsIpv6", 
                        "#text": "true"
                    }, 
                    {
                        "@Name": "DestinationIp", 
                        "#text": "fe80:0:0:0:2c88:9813:8042:2f4b"
                    }, 
                    {
                        "@Name": "DestinationHostname", 
                        "#text": "uXqkOyhCcB"
                    }, 
                    {
                        "@Name": "DestinationPort", 
                        "#text": "54531"
                    }, 
                    {
                        "@Name": "DestinationPortName"
                    }
                ]
            }
        }, 
        {
            "@xmlns": "http://schemas.microsoft.com/win/2004/08/events/event", 
            "System": {
                "Provider": {
                    "@Name": "Microsoft-Windows-Sysmon", 
                    "@Guid": "{5770385F-C22A-43E0-BF4C-06F5698FFBD9}"
                }, 
                "EventID": "3", 
                "Version": "5", 
                "Level": "4", 
                "Task": "3", 
                "Opcode": "0", 
                "Keywords": "0x8000000000000000", 
                "TimeCreated": {
                    "@SystemTime": "2022-03-19T20:07:07.749375000Z"
                }, 
                "EventRecordID": "10170", 
                "Correlation": null, 
                "Execution": {
                    "@ProcessID": "1244", 
                    "@ThreadID": "1876"
                }, 
                "Channel": "Microsoft-Windows-Sysmon/Operational", 
                "Computer": "SiaaSYwJttfyyWN", 
                "Security": {
                    "@UserID": "S-1-5-18"
                }
            }, 
            "EventData": {
                "Data": [
                    {
                        "@Name": "RuleName"
                    }, 
                    {
                        "@Name": "UtcTime", 
                        "#text": "2020-06-16 02:43:18.544"
                    }, 
                    {
                        "@Name": "ProcessGuid", 
                        "#text": "{7EA2F8B5-2E38-5EE8-0000-0010EAE50000}"
                    }, 
                    {
                        "@Name": "ProcessId", 
                        "#text": "364"
                    }, 
                    {
                        "@Name": "Image", 
                        "#text": "C:\\Windows\\System32\\svchost.exe"
                    }, 
                    {
                        "@Name": "User", 
                        "#text": "NT AUTHORITY\\NETWORK SERVICE"
                    }, 
                    {
                        "@Name": "Protocol", 
                        "#text": "udp"
                    }, 
                    {
                        "@Name": "Initiated", 
                        "#text": "false"
                    }, 
                    {
                        "@Name": "SourceIsIpv6", 
                        "#text": "false"
                    }, 
                    {
                        "@Name": "SourceIp", 
                        "#text": "224.0.0.252"
                    }, 
                    {
                        "@Name": "SourceHostname"
                    }, 
                    {
                        "@Name": "SourcePort", 
                        "#text": "5355"
                    }, 
                    {
                        "@Name": "SourcePortName", 
                        "#text": "llmnr"
                    }, 
                    {
                        "@Name": "DestinationIsIpv6", 
                        "#text": "false"
                    }, 
                    {
                        "@Name": "DestinationIp", 
                        "#text": "192.168.168.214"
                    }, 
                    {
                        "@Name": "DestinationHostname", 
                        "#text": "LeMOpmcD"
                    }, 
                    {
                        "@Name": "DestinationPort", 
                        "#text": "64870"
                    }, 
                    {
                        "@Name": "DestinationPortName"
                    }
                ]
            }
        }, 
        {
            "@xmlns": "http://schemas.microsoft.com/win/2004/08/events/event", 
            "System": {
                "Provider": {
                    "@Name": "Microsoft-Windows-Sysmon", 
                    "@Guid": "{5770385F-C22A-43E0-BF4C-06F5698FFBD9}"
                }, 
                "EventID": "3", 
                "Version": "5", 
                "Level": "4", 
                "Task": "3", 
                "Opcode": "0", 
                "Keywords": "0x8000000000000000", 
                "TimeCreated": {
                    "@SystemTime": "2022-03-19T20:07:07.749375000Z"
                }, 
                "EventRecordID": "10169", 
                "Correlation": null, 
                "Execution": {
                    "@ProcessID": "1244", 
                    "@ThreadID": "1876"
                }, 
                "Channel": "Microsoft-Windows-Sysmon/Operational", 
                "Computer": "SiaaSYwJttfyyWN", 
                "Security": {
                    "@UserID": "S-1-5-18"
                }
            }, 
            "EventData": {
                "Data": [
                    {
                        "@Name": "RuleName"
                    }, 
                    {
                        "@Name": "UtcTime", 
                        "#text": "2020-06-16 02:43:18.544"
                    }, 
                    {
                        "@Name": "ProcessGuid", 
                        "#text": "{7EA2F8B5-2E38-5EE8-0000-0010EAE50000}"
                    }, 
                    {
                        "@Name": "ProcessId", 
                        "#text": "364"
                    }, 
                    {
                        "@Name": "Image", 
                        "#text": "C:\\Windows\\System32\\svchost.exe"
                    }, 
                    {
                        "@Name": "User", 
                        "#text": "NT AUTHORITY\\NETWORK SERVICE"
                    }, 
                    {
                        "@Name": "Protocol", 
                        "#text": "udp"
                    }, 
                    {
                        "@Name": "Initiated", 
                        "#text": "false"
                    }, 
                    {
                        "@Name": "SourceIsIpv6", 
                        "#text": "true"
                    }, 
                    {
                        "@Name": "SourceIp", 
                        "#text": "ff02:0:0:0:0:0:1:3"
                    }, 
                    {
                        "@Name": "SourceHostname"
                    }, 
                    {
                        "@Name": "SourcePort", 
                        "#text": "5355"
                    }, 
                    {
                        "@Name": "SourcePortName", 
                        "#text": "llmnr"
                    }, 
                    {
                        "@Name": "DestinationIsIpv6", 
                        "#text": "true"
                    }, 
                    {
                        "@Name": "DestinationIp", 
                        "#text": "fe80:0:0:0:4d79:dfb2:f0b3:c1f7"
                    }, 
                    {
                        "@Name": "DestinationHostname", 
                        "#text": "LeMOpmcD"
                    }, 
                    {
                        "@Name": "DestinationPort", 
                        "#text": "49478"
                    }, 
                    {
                        "@Name": "DestinationPortName"
                    }
                ]
            }
        }, 
        {
            "@xmlns": "http://schemas.microsoft.com/win/2004/08/events/event", 
            "System": {
                "Provider": {
                    "@Name": "Microsoft-Windows-Sysmon", 
                    "@Guid": "{5770385F-C22A-43E0-BF4C-06F5698FFBD9}"
                }, 
                "EventID": "3", 
                "Version": "5", 
                "Level": "4", 
                "Task": "3", 
                "Opcode": "0", 
                "Keywords": "0x8000000000000000", 
                "TimeCreated": {
                    "@SystemTime": "2022-03-19T20:07:07.749375000Z"
                }, 
                "EventRecordID": "10168", 
                "Correlation": null, 
                "Execution": {
                    "@ProcessID": "1244", 
                    "@ThreadID": "1876"
                }, 
                "Channel": "Microsoft-Windows-Sysmon/Operational", 
                "Computer": "SiaaSYwJttfyyWN", 
                "Security": {
                    "@UserID": "S-1-5-18"
                }
            }, 
            "EventData": {
                "Data": [
                    {
                        "@Name": "RuleName"
                    }, 
                    {
                        "@Name": "UtcTime", 
                        "#text": "2020-06-16 02:43:18.447"
                    }, 
                    {
                        "@Name": "ProcessGuid", 
                        "#text": "{7EA2F8B5-2E38-5EE8-0000-0010EAE50000}"
                    }, 
                    {
                        "@Name": "ProcessId", 
                        "#text": "364"
                    }, 
                    {
                        "@Name": "Image", 
                        "#text": "C:\\Windows\\System32\\svchost.exe"
                    }, 
                    {
                        "@Name": "User", 
                        "#text": "NT AUTHORITY\\NETWORK SERVICE"
                    }, 
                    {
                        "@Name": "Protocol", 
                        "#text": "udp"
                    }, 
                    {
                        "@Name": "Initiated", 
                        "#text": "false"
                    }, 
                    {
                        "@Name": "SourceIsIpv6", 
                        "#text": "false"
                    }, 
                    {
                        "@Name": "SourceIp", 
                        "#text": "224.0.0.252"
                    }, 
                    {
                        "@Name": "SourceHostname"
                    }, 
                    {
                        "@Name": "SourcePort", 
                        "#text": "5355"
                    }, 
                    {
                        "@Name": "SourcePortName", 
                        "#text": "llmnr"
                    }, 
                    {
                        "@Name": "DestinationIsIpv6", 
                        "#text": "false"
                    }, 
                    {
                        "@Name": "DestinationIp", 
                        "#text": "192.168.168.218"
                    }, 
                    {
                        "@Name": "DestinationHostname", 
                        "#text": "yRKRciHM"
                    }, 
                    {
                        "@Name": "DestinationPort", 
                        "#text": "57697"
                    }, 
                    {
                        "@Name": "DestinationPortName"
                    }
                ]
            }
        }, 
        {
            "@xmlns": "http://schemas.microsoft.com/win/2004/08/events/event", 
            "System": {
                "Provider": {
                    "@Name": "Microsoft-Windows-Sysmon", 
                    "@Guid": "{5770385F-C22A-43E0-BF4C-06F5698FFBD9}"
                }, 
                "EventID": "3", 
                "Version": "5", 
                "Level": "4", 
                "Task": "3", 
                "Opcode": "0", 
                "Keywords": "0x8000000000000000", 
                "TimeCreated": {
                    "@SystemTime": "2022-03-19T20:07:07.749375000Z"
                }, 
                "EventRecordID": "10167", 
                "Correlation": null, 
                "Execution": {
                    "@ProcessID": "1244", 
                    "@ThreadID": "1876"
                }, 
                "Channel": "Microsoft-Windows-Sysmon/Operational", 
                "Computer": "SiaaSYwJttfyyWN", 
                "Security": {
                    "@UserID": "S-1-5-18"
                }
            }, 
            "EventData": {
                "Data": [
                    {
                        "@Name": "RuleName"
                    }, 
                    {
                        "@Name": "UtcTime", 
                        "#text": "2020-06-16 02:43:18.447"
                    }, 
                    {
                        "@Name": "ProcessGuid", 
                        "#text": "{7EA2F8B5-2E38-5EE8-0000-0010EAE50000}"
                    }, 
                    {
                        "@Name": "ProcessId", 
                        "#text": "364"
                    }, 
                    {
                        "@Name": "Image", 
                        "#text": "C:\\Windows\\System32\\svchost.exe"
                    }, 
                    {
                        "@Name": "User", 
                        "#text": "NT AUTHORITY\\NETWORK SERVICE"
                    }, 
                    {
                        "@Name": "Protocol", 
                        "#text": "udp"
                    }, 
                    {
                        "@Name": "Initiated", 
                        "#text": "false"
                    }, 
                    {
                        "@Name": "SourceIsIpv6", 
                        "#text": "true"
                    }, 
                    {
                        "@Name": "SourceIp", 
                        "#text": "ff02:0:0:0:0:0:1:3"
                    }, 
                    {
                        "@Name": "SourceHostname"
                    }, 
                    {
                        "@Name": "SourcePort", 
                        "#text": "5355"
                    }, 
                    {
                        "@Name": "SourcePortName", 
                        "#text": "llmnr"
                    }, 
                    {
                        "@Name": "DestinationIsIpv6", 
                        "#text": "true"
                    }, 
                    {
                        "@Name": "DestinationIp", 
                        "#text": "fe80:0:0:0:c003:c7b0:b778:84b4"
                    }, 
                    {
                        "@Name": "DestinationHostname", 
                        "#text": "yRKRciHM"
                    }, 
                    {
                        "@Name": "DestinationPort", 
                        "#text": "51061"
                    }, 
                    {
                        "@Name": "DestinationPortName"
                    }
                ]
            }
        }, 
