        {
            "@xmlns": "http://schemas.microsoft.com/win/2004/08/events/event", 
            "System": {
                "Provider": {
                    "@Name": "Microsoft-Windows-Sysmon", 
                    "@Guid": "{5770385F-C22A-43E0-BF4C-06F5698FFBD9}"
                }, 
                "EventID": "5", 
                "Version": "3", 
                "Level": "4", 
                "Task": "5", 
                "Opcode": "0", 
                "Keywords": "0x8000000000000000", 
                "TimeCreated": {
                    "@SystemTime": "2022-03-19T18:44:34.906125000Z"
                }, 
                "EventRecordID": "9410", 
                "Correlation": null, 
                "Execution": {
                    "@ProcessID": "1228", 
                    "@ThreadID": "1844"
                }, 
                "Channel": "Microsoft-Windows-Sysmon/Operational", 
                "Computer": "bjxygUpHwS", 
                "Security": {
                    "@UserID": "S-1-5-18"
                }
            }, 
            "EventData": {
                "Data": [
                    {
                        "@Name": "RuleName"
                    }, 
                    {
                        "@Name": "UtcTime", 
                        "#text": "2022-03-19 15:34:06.234"
                    }, 
                    {
                        "@Name": "ProcessGuid", 
                        "#text": "{7EA2F8B5-F7EE-6235-0000-00108C1D5D01}"
                    }, 
                    {
                        "@Name": "ProcessId", 
                        "#text": "600"
                    }, 
                    {
                        "@Name": "Image", 
                        "#text": "C:\\tmpmdfut4\\bin\\inject-x64.exe"
                    }
                ]
            }
        }, 
        {
            "@xmlns": "http://schemas.microsoft.com/win/2004/08/events/event", 
            "System": {
                "Provider": {
                    "@Name": "Microsoft-Windows-Sysmon", 
                    "@Guid": "{5770385F-C22A-43E0-BF4C-06F5698FFBD9}"
                }, 
                "EventID": "1", 
                "Version": "5", 
                "Level": "4", 
                "Task": "1", 
                "Opcode": "0", 
                "Keywords": "0x8000000000000000", 
                "TimeCreated": {
                    "@SystemTime": "2022-03-19T18:44:34.906125000Z"
                }, 
                "EventRecordID": "9409", 
                "Correlation": null, 
                "Execution": {
                    "@ProcessID": "1228", 
                    "@ThreadID": "1844"
                }, 
                "Channel": "Microsoft-Windows-Sysmon/Operational", 
                "Computer": "bjxygUpHwS", 
                "Security": {
                    "@UserID": "S-1-5-18"
                }
            }, 
            "EventData": {
                "Data": [
                    {
                        "@Name": "RuleName"
                    }, 
                    {
                        "@Name": "UtcTime", 
                        "#text": "2022-03-19 15:34:06.203"
                    }, 
                    {
                        "@Name": "ProcessGuid", 
                        "#text": "{7EA2F8B5-F7EE-6235-0000-001074235D01}"
                    }, 
                    {
                        "@Name": "ProcessId", 
                        "#text": "1476"
                    }, 
                    {
                        "@Name": "Image", 
                        "#text": "C:\\Windows\\System32\\cmd.exe"
                    }, 
                    {
                        "@Name": "FileVersion", 
                        "#text": "6.1.7601.17514 (win7sp1_rtm.101119-1850)"
                    }, 
                    {
                        "@Name": "Description", 
                        "#text": "Windows Command Processor"
                    }, 
                    {
                        "@Name": "Product", 
                        "#text": "Microsoft\u00ae Windows\u00ae Operating System"
                    }, 
                    {
                        "@Name": "Company", 
                        "#text": "Microsoft Corporation"
                    }, 
                    {
                        "@Name": "CommandLine", 
                        "#text": "\"C:\\Windows\\System32\\cmd.exe\" /c start /wait \"lNJGDkmYvMOvaNNS\" C:\\Users\\ADMINI~1\\AppData\\Local\\Temp\\extension_1_0_20_0.crx"
                    }, 
                    {
                        "@Name": "CurrentDirectory", 
                        "#text": "C:\\Users\\Administrator\\AppData\\Local\\Temp\\"
                    }, 
                    {
                        "@Name": "User", 
                        "#text": "BJXYGUPHWS\\Administrator"
                    }, 
                    {
                        "@Name": "LogonGuid", 
                        "#text": "{7EA2F8B5-22E0-5EE8-0000-002097220100}"
                    }, 
                    {
                        "@Name": "LogonId", 
                        "#text": "0x12297"
                    }, 
                    {
                        "@Name": "TerminalSessionId", 
                        "#text": "1"
                    }, 
                    {
                        "@Name": "IntegrityLevel", 
                        "#text": "High"
                    }, 
                    {
                        "@Name": "Hashes", 
                        "#text": "SHA1=0F3C4FF28F354AEDE202D54E9D1C5529A3BF87D8"
                    }, 
                    {
                        "@Name": "ParentProcessGuid", 
                        "#text": "{7EA2F8B5-F7EE-6235-0000-00108C1D5D01}"
                    }, 
                    {
                        "@Name": "ParentProcessId", 
                        "#text": "600"
                    }, 
                    {
                        "@Name": "ParentImage", 
                        "#text": "C:\\tmpmdfut4\\bin\\inject-x64.exe"
                    }, 
                    {
                        "@Name": "ParentCommandLine", 
                        "#text": "bin\\inject-x64.exe --app C:\\Windows\\System32\\cmd.exe --only-start --args \"/c start /wait \\\"lNJGDkmYvMOvaNNS\\\" C:\\Users\\ADMINI~1\\AppData\\Local\\Temp\\extension_1_0_20_0.crx\" --curdir C:\\Users\\ADMINI~1\\AppData\\Local\\Temp"
                    }
                ]
            }
        }, 
        {
            "@xmlns": "http://schemas.microsoft.com/win/2004/08/events/event", 
            "System": {
                "Provider": {
                    "@Name": "Microsoft-Windows-Sysmon", 
                    "@Guid": "{5770385F-C22A-43E0-BF4C-06F5698FFBD9}"
                }, 
                "EventID": "1", 
                "Version": "5", 
                "Level": "4", 
                "Task": "1", 
                "Opcode": "0", 
                "Keywords": "0x8000000000000000", 
                "TimeCreated": {
                    "@SystemTime": "2022-03-19T18:44:34.890500000Z"
                }, 
                "EventRecordID": "9408", 
                "Correlation": null, 
                "Execution": {
                    "@ProcessID": "1228", 
                    "@ThreadID": "1844"
                }, 
                "Channel": "Microsoft-Windows-Sysmon/Operational", 
                "Computer": "bjxygUpHwS", 
                "Security": {
                    "@UserID": "S-1-5-18"
                }
            }, 
            "EventData": {
                "Data": [
                    {
                        "@Name": "RuleName"
                    }, 
                    {
                        "@Name": "UtcTime", 
                        "#text": "2022-03-19 15:34:06.203"
                    }, 
                    {
                        "@Name": "ProcessGuid", 
                        "#text": "{7EA2F8B5-F7EE-6235-0000-00103B225D01}"
                    }, 
                    {
                        "@Name": "ProcessId", 
                        "#text": "2884"
                    }, 
                    {
                        "@Name": "Image", 
                        "#text": "C:\\Windows\\System32\\conhost.exe"
                    }, 
                    {
                        "@Name": "FileVersion", 
                        "#text": "6.1.7600.16385 (win7_rtm.090713-1255)"
                    }, 
                    {
                        "@Name": "Description", 
                        "#text": "Console Window Host"
                    }, 
                    {
                        "@Name": "Product", 
                        "#text": "Microsoft\u00ae Windows\u00ae Operating System"
                    }, 
                    {
                        "@Name": "Company", 
                        "#text": "Microsoft Corporation"
                    }, 
                    {
                        "@Name": "CommandLine", 
                        "#text": "\\??\\C:\\Windows\\system32\\conhost.exe \"-1589826218-29938446013769944401404501342919388668-51306790914504318201967839385\""
                    }, 
                    {
                        "@Name": "CurrentDirectory", 
                        "#text": "C:\\Windows\\system32\\"
                    }, 
                    {
                        "@Name": "User", 
                        "#text": "BJXYGUPHWS\\Administrator"
                    }, 
                    {
                        "@Name": "LogonGuid", 
                        "#text": "{7EA2F8B5-22E0-5EE8-0000-002097220100}"
                    }, 
                    {
                        "@Name": "LogonId", 
                        "#text": "0x12297"
                    }, 
                    {
                        "@Name": "TerminalSessionId", 
                        "#text": "1"
                    }, 
                    {
                        "@Name": "IntegrityLevel", 
                        "#text": "High"
                    }, 
                    {
                        "@Name": "Hashes", 
                        "#text": "SHA1=D836FCE5EE3175E5178DADD40E1FEC98A83FBCE9"
                    }, 
                    {
                        "@Name": "ParentProcessGuid", 
                        "#text": "{7EA2F8B5-22DF-5EE8-0000-0010D94F0000}"
                    }, 
                    {
                        "@Name": "ParentProcessId", 
                        "#text": "408"
                    }, 
                    {
                        "@Name": "ParentImage", 
                        "#text": "C:\\Windows\\System32\\csrss.exe"
                    }, 
                    {
                        "@Name": "ParentCommandLine", 
                        "#text": "%SystemRoot%\\system32\\csrss.exe ObjectDirectory=\\Windows SharedSection=1024,20480,768 Windows=On SubSystemType=Windows ServerDll=basesrv,1 ServerDll=winsrv:UserServerDllInitialization,3 ServerDll=winsrv:ConServerDllInitialization,2 ServerDll=sxssrv,4 ProfileControl=Off MaxRequestThreads=16"
                    }
                ]
            }
        }, 
        {
            "@xmlns": "http://schemas.microsoft.com/win/2004/08/events/event", 
            "System": {
                "Provider": {
                    "@Name": "Microsoft-Windows-Sysmon", 
                    "@Guid": "{5770385F-C22A-43E0-BF4C-06F5698FFBD9}"
                }, 
                "EventID": "1", 
                "Version": "5", 
                "Level": "4", 
                "Task": "1", 
                "Opcode": "0", 
                "Keywords": "0x8000000000000000", 
                "TimeCreated": {
                    "@SystemTime": "2022-03-19T18:44:34.828000000Z"
                }, 
                "EventRecordID": "9405", 
                "Correlation": null, 
                "Execution": {
                    "@ProcessID": "1228", 
                    "@ThreadID": "1844"
                }, 
                "Channel": "Microsoft-Windows-Sysmon/Operational", 
                "Computer": "bjxygUpHwS", 
                "Security": {
                    "@UserID": "S-1-5-18"
                }
            }, 
            "EventData": {
                "Data": [
                    {
                        "@Name": "RuleName"
                    }, 
                    {
                        "@Name": "UtcTime", 
                        "#text": "2022-03-19 15:34:06.156"
                    }, 
                    {
                        "@Name": "ProcessGuid", 
                        "#text": "{7EA2F8B5-F7EE-6235-0000-001074175D01}"
                    }, 
                    {
                        "@Name": "ProcessId", 
                        "#text": "2268"
                    }, 
                    {
                        "@Name": "Image", 
                        "#text": "C:\\Windows\\System32\\SearchFilterHost.exe"
                    }, 
                    {
                        "@Name": "FileVersion", 
                        "#text": "7.00.7600.16385 (win7_rtm.090713-1255)"
                    }, 
                    {
                        "@Name": "Description", 
                        "#text": "Microsoft Windows Search Filter Host"
                    }, 
                    {
                        "@Name": "Product", 
                        "#text": "Windows\u00ae Search"
                    }, 
                    {
                        "@Name": "Company", 
                        "#text": "Microsoft Corporation"
                    }, 
                    {
                        "@Name": "CommandLine", 
                        "#text": "\"C:\\Windows\\system32\\SearchFilterHost.exe\" 0 520 524 532 65536 528"
                    }, 
                    {
                        "@Name": "CurrentDirectory", 
                        "#text": "C:\\Windows\\system32\\"
                    }, 
                    {
                        "@Name": "User", 
                        "#text": "NT AUTHORITY\\SYSTEM"
                    }, 
                    {
                        "@Name": "LogonGuid", 
                        "#text": "{7EA2F8B5-22DF-5EE8-0000-0020E7030000}"
                    }, 
                    {
                        "@Name": "LogonId", 
                        "#text": "0x3e7"
                    }, 
                    {
                        "@Name": "TerminalSessionId", 
                        "#text": "0"
                    }, 
                    {
                        "@Name": "IntegrityLevel", 
                        "#text": "Medium"
                    }, 
                    {
                        "@Name": "Hashes", 
                        "#text": "SHA1=904A3B130E3DB7CEA97F31CC40D64D9026FF6E41"
                    }, 
                    {
                        "@Name": "ParentProcessGuid", 
                        "#text": "{7EA2F8B5-22E8-5EE8-0000-0010E1560600}"
                    }, 
                    {
                        "@Name": "ParentProcessId", 
                        "#text": "2236"
                    }, 
                    {
                        "@Name": "ParentImage", 
                        "#text": "C:\\Windows\\System32\\SearchIndexer.exe"
                    }, 
                    {
                        "@Name": "ParentCommandLine", 
                        "#text": "C:\\Windows\\system32\\SearchIndexer.exe /Embedding"
                    }
                ]
            }
        }, 
        {
            "@xmlns": "http://schemas.microsoft.com/win/2004/08/events/event", 
            "System": {
                "Provider": {
                    "@Name": "Microsoft-Windows-Sysmon", 
                    "@Guid": "{5770385F-C22A-43E0-BF4C-06F5698FFBD9}"
                }, 
                "EventID": "5", 
                "Version": "3", 
                "Level": "4", 
                "Task": "5", 
                "Opcode": "0", 
                "Keywords": "0x8000000000000000", 
                "TimeCreated": {
                    "@SystemTime": "2022-03-19T18:44:34.749875000Z"
                }, 
                "EventRecordID": "9404", 
                "Correlation": null, 
                "Execution": {
                    "@ProcessID": "1228", 
                    "@ThreadID": "1844"
                }, 
                "Channel": "Microsoft-Windows-Sysmon/Operational", 
                "Computer": "bjxygUpHwS", 
                "Security": {
                    "@UserID": "S-1-5-18"
                }
            }, 
            "EventData": {
                "Data": [
                    {
                        "@Name": "RuleName"
                    }, 
                    {
                        "@Name": "UtcTime", 
                        "#text": "2022-03-19 15:34:06.015"
                    }, 
                    {
                        "@Name": "ProcessGuid", 
                        "#text": "{7EA2F8B5-F7ED-6235-0000-00102CF45C01}"
                    }, 
                    {
                        "@Name": "ProcessId", 
                        "#text": "1520"
                    }, 
                    {
                        "@Name": "Image", 
                        "#text": "C:\\tmpmdfut4\\bin\\inject-x64.exe"
                    }
                ]
            }
        }, 
        {
            "@xmlns": "http://schemas.microsoft.com/win/2004/08/events/event", 
            "System": {
                "Provider": {
                    "@Name": "Microsoft-Windows-Sysmon", 
                    "@Guid": "{5770385F-C22A-43E0-BF4C-06F5698FFBD9}"
                }, 
                "EventID": "5", 
                "Version": "3", 
                "Level": "4", 
                "Task": "5", 
                "Opcode": "0", 
                "Keywords": "0x8000000000000000", 
                "TimeCreated": {
                    "@SystemTime": "2022-03-19T18:44:34.062375000Z"
                }, 
                "EventRecordID": "9401", 
                "Correlation": null, 
                "Execution": {
                    "@ProcessID": "1228", 
                    "@ThreadID": "1844"
                }, 
                "Channel": "Microsoft-Windows-Sysmon/Operational", 
                "Computer": "bjxygUpHwS", 
                "Security": {
                    "@UserID": "S-1-5-18"
                }
            }, 
            "EventData": {
                "Data": [
                    {
                        "@Name": "RuleName"
                    }, 
                    {
                        "@Name": "UtcTime", 
                        "#text": "2022-03-19 15:34:04.625"
                    }, 
                    {
                        "@Name": "ProcessGuid", 
                        "#text": "{7EA2F8B5-F7F6-6235-0000-001066AC6001}"
                    }, 
                    {
                        "@Name": "ProcessId", 
                        "#text": "2936"
                    }, 
                    {
                        "@Name": "Image", 
                        "#text": "C:\\tmpmdfut4\\bin\\inject-x64.exe"
                    }
                ]
            }
        }, 
        {
            "@xmlns": "http://schemas.microsoft.com/win/2004/08/events/event", 
            "System": {
                "Provider": {
                    "@Name": "Microsoft-Windows-Sysmon", 
                    "@Guid": "{5770385F-C22A-43E0-BF4C-06F5698FFBD9}"
                }, 
                "EventID": "1", 
                "Version": "5", 
                "Level": "4", 
                "Task": "1", 
                "Opcode": "0", 
                "Keywords": "0x8000000000000000", 
                "TimeCreated": {
                    "@SystemTime": "2022-03-19T18:44:33.984250000Z"
                }, 
                "EventRecordID": "9400", 
                "Correlation": null, 
                "Execution": {
                    "@ProcessID": "1228", 
                    "@ThreadID": "1844"
                }, 
                "Channel": "Microsoft-Windows-Sysmon/Operational", 
                "Computer": "bjxygUpHwS", 
                "Security": {
                    "@UserID": "S-1-5-18"
                }
            }, 
            "EventData": {
                "Data": [
                    {
                        "@Name": "RuleName"
                    }, 
                    {
                        "@Name": "UtcTime", 
                        "#text": "2022-03-19 15:34:04.515"
                    }, 
                    {
                        "@Name": "ProcessGuid", 
                        "#text": "{7EA2F8B5-F7EC-6235-0000-0010887A5C01}"
                    }, 
                    {
                        "@Name": "ProcessId", 
                        "#text": "584"
                    }, 
                    {
                        "@Name": "Image", 
                        "#text": "C:\\Windows\\System32\\schtasks.exe"
                    }, 
                    {
                        "@Name": "FileVersion", 
                        "#text": "6.1.7600.16385 (win7_rtm.090713-1255)"
                    }, 
                    {
                        "@Name": "Description", 
                        "#text": "Manages scheduled tasks"
                    }, 
                    {
                        "@Name": "Product", 
                        "#text": "Microsoft\u00ae Windows\u00ae Operating System"
                    }, 
                    {
                        "@Name": "Company", 
                        "#text": "Microsoft Corporation"
                    }, 
                    {
                        "@Name": "CommandLine", 
                        "#text": "C:\\Windows\\system32\\schtasks.exe /delete /f /TN \"Microsoft\\Windows\\Customer Experience Improvement Program\\Uploader\""
                    }, 
                    {
                        "@Name": "CurrentDirectory", 
                        "#text": "C:\\Windows\\system32\\"
                    }, 
                    {
                        "@Name": "User", 
                        "#text": "NT AUTHORITY\\SYSTEM"
                    }, 
                    {
                        "@Name": "LogonGuid", 
                        "#text": "{7EA2F8B5-22DF-5EE8-0000-0020E7030000}"
                    }, 
                    {
                        "@Name": "LogonId", 
                        "#text": "0x3e7"
                    }, 
                    {
                        "@Name": "TerminalSessionId", 
                        "#text": "0"
                    }, 
                    {
                        "@Name": "IntegrityLevel", 
                        "#text": "System"
                    }, 
                    {
                        "@Name": "Hashes", 
                        "#text": "SHA1=BD9DCEFFBCBBC82BEE5F2109BD73A57477FE1F92"
                    }, 
                    {
                        "@Name": "ParentProcessGuid", 
                        "#text": "{7EA2F8B5-25EA-5EE8-0000-0010840B4D01}"
                    }, 
                    {
                        "@Name": "ParentProcessId", 
                        "#text": "2892"
                    }, 
                    {
                        "@Name": "ParentImage", 
                        "#text": "C:\\Windows\\System32\\reg.exe"
                    }, 
                    {
                        "@Name": "ParentCommandLine", 
                        "#text": "reg  delete \"HKEY_USERS\\S-1-5-20\\SOFTWARE\\Microsoft\\Windows NT\\CurrentVersion\\SoftwareProtectionPlatform\\0ff1ce15-a989-479d-af46-f275c6370663\" /f"
                    }
                ]
            }
        }, 
        {
            "@xmlns": "http://schemas.microsoft.com/win/2004/08/events/event", 
            "System": {
                "Provider": {
                    "@Name": "Microsoft-Windows-Sysmon", 
                    "@Guid": "{5770385F-C22A-43E0-BF4C-06F5698FFBD9}"
                }, 
                "EventID": "5", 
                "Version": "3", 
                "Level": "4", 
                "Task": "5", 
                "Opcode": "0", 
                "Keywords": "0x8000000000000000", 
                "TimeCreated": {
                    "@SystemTime": "2022-03-19T18:44:33.921750000Z"
                }, 
                "EventRecordID": "9399", 
                "Correlation": null, 
                "Execution": {
                    "@ProcessID": "1228", 
                    "@ThreadID": "1844"
                }, 
                "Channel": "Microsoft-Windows-Sysmon/Operational", 
                "Computer": "bjxygUpHwS", 
                "Security": {
                    "@UserID": "S-1-5-18"
                }
            }, 
            "EventData": {
                "Data": [
                    {
                        "@Name": "RuleName"
                    }, 
                    {
                        "@Name": "UtcTime", 
                        "#text": "2022-03-19 15:34:04.390"
                    }, 
                    {
                        "@Name": "ProcessGuid", 
                        "#text": "{7EA2F8B5-F7EC-6235-0000-0010C8545C01}"
                    }, 
                    {
                        "@Name": "ProcessId", 
                        "#text": "1524"
                    }, 
                    {
                        "@Name": "Image", 
                        "#text": "C:\\Windows\\System32\\taskhost.exe"
                    }
                ]
            }
        }, 
        {
            "@xmlns": "http://schemas.microsoft.com/win/2004/08/events/event", 
            "System": {
                "Provider": {
                    "@Name": "Microsoft-Windows-Sysmon", 
                    "@Guid": "{5770385F-C22A-43E0-BF4C-06F5698FFBD9}"
                }, 
                "EventID": "1", 
                "Version": "5", 
                "Level": "4", 
                "Task": "1", 
                "Opcode": "0", 
                "Keywords": "0x8000000000000000", 
                "TimeCreated": {
                    "@SystemTime": "2022-03-19T18:44:33.906125000Z"
                }, 
                "EventRecordID": "9398", 
                "Correlation": null, 
                "Execution": {
                    "@ProcessID": "1228", 
                    "@ThreadID": "1844"
                }, 
                "Channel": "Microsoft-Windows-Sysmon/Operational", 
                "Computer": "bjxygUpHwS", 
                "Security": {
                    "@UserID": "S-1-5-18"
                }
            }, 
            "EventData": {
                "Data": [
                    {
                        "@Name": "RuleName"
                    }, 
                    {
                        "@Name": "UtcTime", 
                        "#text": "2022-03-19 15:34:04.343"
                    }, 
                    {
                        "@Name": "ProcessGuid", 
                        "#text": "{7EA2F8B5-F7EC-6235-0000-001003705C01}"
                    }, 
                    {
                        "@Name": "ProcessId", 
                        "#text": "704"
                    }, 
                    {
                        "@Name": "Image", 
                        "#text": "C:\\Windows\\System32\\conhost.exe"
                    }, 
                    {
                        "@Name": "FileVersion", 
                        "#text": "6.1.7600.16385 (win7_rtm.090713-1255)"
                    }, 
                    {
                        "@Name": "Description", 
                        "#text": "Console Window Host"
                    }, 
                    {
                        "@Name": "Product", 
                        "#text": "Microsoft\u00ae Windows\u00ae Operating System"
                    }, 
                    {
                        "@Name": "Company", 
                        "#text": "Microsoft Corporation"
                    }, 
                    {
                        "@Name": "CommandLine", 
                        "#text": "\\??\\C:\\Windows\\system32\\conhost.exe \"-237920925-10110093291112220043-2121773485-1790542897379581158496020068-829574701\""
                    }, 
                    {
                        "@Name": "CurrentDirectory", 
                        "#text": "C:\\Windows\\system32\\"
                    }, 
                    {
                        "@Name": "User", 
                        "#text": "NT AUTHORITY\\LOCAL SERVICE"
                    }, 
                    {
                        "@Name": "LogonGuid", 
                        "#text": "{7EA2F8B5-22DF-5EE8-0000-0020E5030000}"
                    }, 
                    {
                        "@Name": "LogonId", 
                        "#text": "0x3e5"
                    }, 
                    {
                        "@Name": "TerminalSessionId", 
                        "#text": "0"
                    }, 
                    {
                        "@Name": "IntegrityLevel", 
                        "#text": "System"
                    }, 
                    {
                        "@Name": "Hashes", 
                        "#text": "SHA1=D836FCE5EE3175E5178DADD40E1FEC98A83FBCE9"
                    }, 
                    {
                        "@Name": "ParentProcessGuid", 
                        "#text": "{7EA2F8B5-22DE-5EE8-0000-00102C4C0000}"
                    }, 
                    {
                        "@Name": "ParentProcessId", 
                        "#text": "360"
                    }, 
                    {
                        "@Name": "ParentImage", 
                        "#text": "C:\\Windows\\System32\\csrss.exe"
                    }, 
                    {
                        "@Name": "ParentCommandLine", 
                        "#text": "%SystemRoot%\\system32\\csrss.exe ObjectDirectory=\\Windows SharedSection=1024,20480,768 Windows=On SubSystemType=Windows ServerDll=basesrv,1 ServerDll=winsrv:UserServerDllInitialization,3 ServerDll=winsrv:ConServerDllInitialization,2 ServerDll=sxssrv,4 ProfileControl=Off MaxRequestThreads=16"
                    }
                ]
            }
        }, 
        {
            "@xmlns": "http://schemas.microsoft.com/win/2004/08/events/event", 
            "System": {
                "Provider": {
                    "@Name": "Microsoft-Windows-Sysmon", 
                    "@Guid": "{5770385F-C22A-43E0-BF4C-06F5698FFBD9}"
                }, 
                "EventID": "1", 
                "Version": "5", 
                "Level": "4", 
                "Task": "1", 
                "Opcode": "0", 
                "Keywords": "0x8000000000000000", 
                "TimeCreated": {
                    "@SystemTime": "2022-03-19T18:44:33.828000000Z"
                }, 
                "EventRecordID": "9397", 
                "Correlation": null, 
                "Execution": {
                    "@ProcessID": "1228", 
                    "@ThreadID": "1844"
                }, 
                "Channel": "Microsoft-Windows-Sysmon/Operational", 
                "Computer": "bjxygUpHwS", 
                "Security": {
                    "@UserID": "S-1-5-18"
                }
            }, 
            "EventData": {
                "Data": [
                    {
                        "@Name": "RuleName"
                    }, 
                    {
                        "@Name": "UtcTime", 
                        "#text": "2022-03-19 15:34:04.093"
                    }, 
                    {
                        "@Name": "ProcessGuid", 
                        "#text": "{7EA2F8B5-F7EC-6235-0000-00105B595C01}"
                    }, 
                    {
                        "@Name": "ProcessId", 
                        "#text": "2980"
                    }, 
                    {
                        "@Name": "Image", 
                        "#text": "C:\\Windows\\System32\\sdclt.exe"
                    }, 
                    {
                        "@Name": "FileVersion", 
                        "#text": "6.1.7600.16385 (win7_rtm.090713-1255)"
                    }, 
                    {
                        "@Name": "Description", 
                        "#text": "Microsoft\u00ae Windows Backup"
                    }, 
                    {
                        "@Name": "Product", 
                        "#text": "Microsoft\u00ae Windows\u00ae Operating System"
                    }, 
                    {
                        "@Name": "Company", 
                        "#text": "Microsoft Corporation"
                    }, 
                    {
                        "@Name": "CommandLine", 
                        "#text": "C:\\Windows\\System32\\sdclt.exe /CONFIGNOTIFICATION"
                    }, 
                    {
                        "@Name": "CurrentDirectory", 
                        "#text": "C:\\Windows\\system32\\"
                    }, 
                    {
                        "@Name": "User", 
                        "#text": "NT AUTHORITY\\LOCAL SERVICE"
                    }, 
                    {
                        "@Name": "LogonGuid", 
                        "#text": "{7EA2F8B5-22DF-5EE8-0000-0020E5030000}"
                    }, 
                    {
                        "@Name": "LogonId", 
                        "#text": "0x3e5"
                    }, 
                    {
                        "@Name": "TerminalSessionId", 
                        "#text": "0"
                    }, 
                    {
                        "@Name": "IntegrityLevel", 
                        "#text": "System"
                    }, 
                    {
                        "@Name": "Hashes", 
                        "#text": "SHA1=4B3CBFFF5E57FA0CB058E93E445E3851063646CF"
                    }, 
                    {
                        "@Name": "ParentProcessGuid", 
                        "#text": "{7EA2F8B5-22DF-5EE8-0000-0010E9590000}"
                    }, 
                    {
                        "@Name": "ParentProcessId", 
                        "#text": "488"
                    }, 
                    {
                        "@Name": "ParentImage", 
                        "#text": "C:\\Windows\\System32\\services.exe"
                    }, 
                    {
                        "@Name": "ParentCommandLine", 
                        "#text": "C:\\Windows\\system32\\services.exe"
                    }
                ]
            }
        }, 
        {
            "@xmlns": "http://schemas.microsoft.com/win/2004/08/events/event", 
            "System": {
                "Provider": {
                    "@Name": "Microsoft-Windows-Sysmon", 
                    "@Guid": "{5770385F-C22A-43E0-BF4C-06F5698FFBD9}"
                }, 
                "EventID": "1", 
                "Version": "5", 
                "Level": "4", 
                "Task": "1", 
                "Opcode": "0", 
                "Keywords": "0x8000000000000000", 
                "TimeCreated": {
                    "@SystemTime": "2022-03-19T18:44:33.749875000Z"
                }, 
                "EventRecordID": "9396", 
                "Correlation": null, 
                "Execution": {
                    "@ProcessID": "1228", 
                    "@ThreadID": "1844"
                }, 
                "Channel": "Microsoft-Windows-Sysmon/Operational", 
                "Computer": "bjxygUpHwS", 
                "Security": {
                    "@UserID": "S-1-5-18"
                }
            }, 
            "EventData": {
                "Data": [
                    {
                        "@Name": "RuleName"
                    }, 
                    {
                        "@Name": "UtcTime", 
                        "#text": "2022-03-19 15:34:04.093"
                    }, 
                    {
                        "@Name": "ProcessGuid", 
                        "#text": "{7EA2F8B5-F7EC-6235-0000-0010B9585C01}"
                    }, 
                    {
                        "@Name": "ProcessId", 
                        "#text": "2856"
                    }, 
                    {
                        "@Name": "Image", 
                        "#text": "C:\\Windows\\System32\\sc.exe"
                    }, 
                    {
                        "@Name": "FileVersion", 
                        "#text": "6.1.7600.16385 (win7_rtm.090713-1255)"
                    }, 
                    {
                        "@Name": "Description", 
                        "#text": "A tool to aid in developing services for WindowsNT"
                    }, 
                    {
                        "@Name": "Product", 
                        "#text": "Microsoft\u00ae Windows\u00ae Operating System"
                    }, 
                    {
                        "@Name": "Company", 
                        "#text": "Microsoft Corporation"
                    }, 
                    {
                        "@Name": "CommandLine", 
                        "#text": "C:\\Windows\\system32\\sc.exe start w32time task_started"
                    }, 
                    {
                        "@Name": "CurrentDirectory", 
                        "#text": "C:\\Windows\\system32\\"
                    }, 
                    {
                        "@Name": "User", 
                        "#text": "NT AUTHORITY\\LOCAL SERVICE"
                    }, 
                    {
                        "@Name": "LogonGuid", 
                        "#text": "{7EA2F8B5-22DF-5EE8-0000-0020E5030000}"
                    }, 
                    {
                        "@Name": "LogonId", 
                        "#text": "0x3e5"
                    }, 
                    {
                        "@Name": "TerminalSessionId", 
                        "#text": "0"
                    }, 
                    {
                        "@Name": "IntegrityLevel", 
                        "#text": "System"
                    }, 
                    {
                        "@Name": "Hashes", 
                        "#text": "SHA1=DB1F81F5E209FED6DF3255F6C820555CF17A839C"
                    }, 
                    {
                        "@Name": "ParentProcessGuid", 
                        "#text": "{7EA2F8B5-22DF-5EE8-0000-0010E9590000}"
                    }, 
                    {
                        "@Name": "ParentProcessId", 
                        "#text": "488"
                    }, 
                    {
                        "@Name": "ParentImage", 
                        "#text": "C:\\Windows\\System32\\services.exe"
                    }, 
                    {
                        "@Name": "ParentCommandLine", 
                        "#text": "C:\\Windows\\system32\\services.exe"
                    }
                ]
            }
        }, 
        {
            "@xmlns": "http://schemas.microsoft.com/win/2004/08/events/event", 
            "System": {
                "Provider": {
                    "@Name": "Microsoft-Windows-Sysmon", 
                    "@Guid": "{5770385F-C22A-43E0-BF4C-06F5698FFBD9}"
                }, 
                "EventID": "1", 
                "Version": "5", 
                "Level": "4", 
                "Task": "1", 
                "Opcode": "0", 
                "Keywords": "0x8000000000000000", 
                "TimeCreated": {
                    "@SystemTime": "2022-03-19T18:44:33.734250000Z"
                }, 
                "EventRecordID": "9395", 
                "Correlation": null, 
                "Execution": {
                    "@ProcessID": "1228", 
                    "@ThreadID": "1844"
                }, 
                "Channel": "Microsoft-Windows-Sysmon/Operational", 
                "Computer": "bjxygUpHwS", 
                "Security": {
                    "@UserID": "S-1-5-18"
                }
            }, 
            "EventData": {
                "Data": [
                    {
                        "@Name": "RuleName"
                    }, 
                    {
                        "@Name": "UtcTime", 
                        "#text": "2022-03-19 15:34:04.031"
                    }, 
                    {
                        "@Name": "ProcessGuid", 
                        "#text": "{7EA2F8B5-F7EC-6235-0000-0010C8545C01}"
                    }, 
                    {
                        "@Name": "ProcessId", 
                        "#text": "1524"
                    }, 
                    {
                        "@Name": "Image", 
                        "#text": "C:\\Windows\\System32\\taskhost.exe"
                    }, 
                    {
                        "@Name": "FileVersion", 
                        "#text": "6.1.7600.16385 (win7_rtm.090713-1255)"
                    }, 
                    {
                        "@Name": "Description", 
                        "#text": "Host Process for Windows Tasks"
                    }, 
                    {
                        "@Name": "Product", 
                        "#text": "Microsoft\u00ae Windows\u00ae Operating System"
                    }, 
                    {
                        "@Name": "Company", 
                        "#text": "Microsoft Corporation"
                    }, 
                    {
                        "@Name": "CommandLine", 
                        "#text": "taskhost.exe SYSTEM"
                    }, 
                    {
                        "@Name": "CurrentDirectory", 
                        "#text": "C:\\Windows\\system32\\"
                    }, 
                    {
                        "@Name": "User", 
                        "#text": "NT AUTHORITY\\SYSTEM"
                    }, 
                    {
                        "@Name": "LogonGuid", 
                        "#text": "{7EA2F8B5-22DF-5EE8-0000-0020E7030000}"
                    }, 
                    {
                        "@Name": "LogonId", 
                        "#text": "0x3e7"
                    }, 
                    {
                        "@Name": "TerminalSessionId", 
                        "#text": "0"
                    }, 
                    {
                        "@Name": "IntegrityLevel", 
                        "#text": "System"
                    }, 
                    {
                        "@Name": "Hashes", 
                        "#text": "SHA1=1AB1E31FE9F3347F68B1EEE8FF02F525FC46CCC9"
                    }, 
                    {
                        "@Name": "ParentProcessGuid", 
                        "#text": "{7EA2F8B5-22DF-5EE8-0000-0010E9590000}"
                    }, 
                    {
                        "@Name": "ParentProcessId", 
                        "#text": "488"
                    }, 
                    {
                        "@Name": "ParentImage", 
                        "#text": "C:\\Windows\\System32\\services.exe"
                    }, 
                    {
                        "@Name": "ParentCommandLine", 
                        "#text": "C:\\Windows\\system32\\services.exe"
                    }
                ]
            }
        }, 
        {
            "@xmlns": "http://schemas.microsoft.com/win/2004/08/events/event", 
            "System": {
                "Provider": {
                    "@Name": "Microsoft-Windows-Sysmon", 
                    "@Guid": "{5770385F-C22A-43E0-BF4C-06F5698FFBD9}"
                }, 
                "EventID": "3", 
                "Version": "5", 
                "Level": "4", 
                "Task": "3", 
                "Opcode": "0", 
                "Keywords": "0x8000000000000000", 
                "TimeCreated": {
                    "@SystemTime": "2022-03-19T18:44:33.265500000Z"
                }, 
                "EventRecordID": "9394", 
                "Correlation": null, 
                "Execution": {
                    "@ProcessID": "1228", 
                    "@ThreadID": "1848"
                }, 
                "Channel": "Microsoft-Windows-Sysmon/Operational", 
                "Computer": "bjxygUpHwS", 
                "Security": {
                    "@UserID": "S-1-5-18"
                }
            }, 
            "EventData": {
                "Data": [
                    {
                        "@Name": "RuleName"
                    }, 
                    {
                        "@Name": "UtcTime", 
                        "#text": "2020-06-16 01:53:52.320"
                    }, 
                    {
                        "@Name": "ProcessGuid", 
                        "#text": "{7EA2F8B5-22E0-5EE8-0000-001067E70000}"
                    }, 
                    {
                        "@Name": "ProcessId", 
                        "#text": "364"
                    }, 
                    {
                        "@Name": "Image", 
                        "#text": "C:\\Windows\\System32\\svchost.exe"
                    }, 
                    {
                        "@Name": "User", 
                        "#text": "NT AUTHORITY\\NETWORK SERVICE"
                    }, 
                    {
                        "@Name": "Protocol", 
                        "#text": "udp"
                    }, 
                    {
                        "@Name": "Initiated", 
                        "#text": "false"
                    }, 
                    {
                        "@Name": "SourceIsIpv6", 
                        "#text": "false"
                    }, 
                    {
                        "@Name": "SourceIp", 
                        "#text": "224.0.0.252"
                    }, 
                    {
                        "@Name": "SourceHostname"
                    }, 
                    {
                        "@Name": "SourcePort", 
                        "#text": "5355"
                    }, 
                    {
                        "@Name": "SourcePortName", 
                        "#text": "llmnr"
                    }, 
                    {
                        "@Name": "DestinationIsIpv6", 
                        "#text": "false"
                    }, 
                    {
                        "@Name": "DestinationIp", 
                        "#text": "192.168.168.224"
                    }, 
                    {
                        "@Name": "DestinationHostname", 
                        "#text": "bQbHQDwyJ"
                    }, 
                    {
                        "@Name": "DestinationPort", 
                        "#text": "62622"
                    }, 
                    {
                        "@Name": "DestinationPortName"
                    }
                ]
            }
        }, 
