{
    "info": {
        "added": 1647711730.235193, 
        "started": 1647725146.062898, 
        "duration": 630, 
        "ended": 1647725776.912409, 
        "owner": null, 
        "score": 0.1, 
        "id": 2869996, 
        "category": "file", 
        "git": {
            "head": "", 
            "fetch_head": ""
        }, 
        "monitor": null, 
        "package": "", 
        "route": "internet", 
        "custom": null, 
        "machine": {
            "status": "stopped", 
            "name": "win7x6413", 
            "label": "win7x6413", 
            "platform": "windows", 
            "manager": "VirtualBox", 
            "started_on": "2022-03-19 21:25:47", 
            "shutdown_on": "2022-03-19 21:36:15"
        }, 
        "platform": null, 
        "version": "2.0.7", 
        "options": "procmemdump=yes,route=internet"
    }, 
    "extracted": [
        {
            "category": "script", 
            "yara": [], 
            "info": {}, 
            "pid": 1388, 
            "raw": "/srv/cuckoo/cwd/storage/analyses/2869996/extracted/0.bat", 
            "program": "cmd", 
            "first_seen": 1647711732.1875
        }
    ], 
    "signatures": [
        {
            "families": [], 
            "description": "Checks if process is being debugged by a debugger", 
            "severity": 1, 
            "ttp": {}, 
            "markcount": 1, 
            "references": [], 
            "marks": [
                {
                    "call": {
                        "category": "system", 
                        "status": 0, 
                        "stacktrace": [], 
                        "last_error": 0, 
                        "nt_status": -1073741685, 
                        "api": "IsDebuggerPresent", 
                        "return_value": 0, 
                        "arguments": {}, 
                        "time": 1647711311.175271, 
                        "tid": 2760, 
                        "flags": {}
                    }, 
                    "pid": 2628, 
                    "type": "call", 
                    "cid": 27
                }
            ], 
            "name": "checks_debugger"
        }
    ], 
    "target": {
        "category": "file", 
        "file": {
            "mimetype": "application/x-chrome-extension", 
            "yara": [], 
            "sha1": "fc1cd8cd12b680702193b60e013a7ed59c21d30a", 
            "name": "extension_0_2_0_0 (6).crx", 
            "type": "Google Chrome extension, version 3", 
            "sha256": "b94fb12cfe8c072fb397061abcc249ebe9df44105e8d811fdeffe56a576c1de4", 
            "urls": [], 
            "crc32": "CC166E4A", 
            "path": "/srv/cuckoo/cwd/storage/binaries/b94fb12cfe8c072fb397061abcc249ebe9df44105e8d811fdeffe56a576c1de4", 
            "ssdeep": null, 
            "size": 764951, 
            "sha512": "9e3e0549f25e23be71b309845adc029a66cb584e85f8a4a2050d0c1b0d1c0e9225ac8839fbe519706bc73cb1c511b05afa97ed74b059643cdc7a97534ba06905", 
            "md5": "853c8e41af90ee821338c25814c96380"
        }, 
        "custom": null
    }, 
    "irma": {
        "status": 0, 
        "probes_finished": 16, 
        "scan_id": "8325ec77-fc1a-4997-a2a2-66a50f4215e4", 
        "parent_file_sha256": null, 
        "probes_total": 16, 
        "scan_date": 1647718578, 
        "name": "b94fb12cfe8c072fb397061abcc249ebe9df44105e8d811fdeffe56a576c1de4", 
        "other_results": [], 
        "submitter": "cli", 
        "file_infos": {
            "mimetype": "Google Chrome extension, version 3", 
            "sha1": "fc1cd8cd12b680702193b60e013a7ed59c21d30a", 
            "tags": [], 
            "timestamp_first_scan": 1647164314.56, 
            "timestamp_last_scan": 1647718586.98, 
            "sha256": "b94fb12cfe8c072fb397061abcc249ebe9df44105e8d811fdeffe56a576c1de4", 
            "md5": "853c8e41af90ee821338c25814c96380", 
            "size": 764951
        }, 
        "probe_results": {
            "antivirus": {
                "Avast Core Security (Linux)": {
                    "status": 0, 
                    "duration": 0.04, 
                    "version": "3.0.3", 
                    "results": null, 
                    "virus_database_version": "unavailable"
                }, 
                "F-Secure Antivirus (Linux)": {
                    "status": 0, 
                    "duration": 0.54, 
                    "version": "11.10", 
                    "results": null, 
                    "virus_database_version": "2022-02-04_03"
                }, 
                "Windows Defender (Windows)": {
                    "status": 0, 
                    "duration": 0.25, 
                    "version": "1.1.18900.3", 
                    "results": null, 
                    "virus_database_version": "1.359.1348.0"
                }, 
                "Comodo Antivirus (Linux)": {
                    "status": 0, 
                    "duration": 2.15, 
                    "version": "1.1.268025.1", 
                    "results": null, 
                    "virus_database_version": "2021-12-31"
                }, 
                "Kaspersky Antivirus (Win)": {
                    "status": 0, 
                    "duration": 2.86, 
                    "version": "21.3", 
                    "results": null, 
                    "virus_database_version": "2022-03-11 01:06:00 (full)"
                }, 
                "ESET NOD32 Antivirus (Linux)": {
                    "status": 0, 
                    "duration": 4.67, 
                    "version": "4.0.96", 
                    "results": null, 
                    "virus_database_version": "61ad92b8-1e6f6 (2022-02-04)"
                }, 
                "GData (Windows)": {
                    "status": 0, 
                    "duration": 0.25, 
                    "version": "5.5.20197.1358", 
                    "results": null, 
                    "virus_database_version": "unavailable"
                }, 
                "Forticlient (Linux)": {
                    "status": 0, 
                    "duration": 3.05, 
                    "version": "unavailable", 
                    "results": null, 
                    "virus_database_version": "unavailable"
                }, 
                "Avira (Windows)": {
                    "status": 0, 
                    "duration": 3.98, 
                    "version": "8.3.64.66", 
                    "results": null, 
                    "virus_database_version": "8.19.1.122"
                }, 
                "eScan Antivirus (Linux)": {
                    "status": 0, 
                    "duration": 4.04, 
                    "version": "7.0.21", 
                    "results": null, 
                    "virus_database_version": "7.91093 (04/02/2022)"
                }, 
                "McAfee CLI scanner (Linux)": {
                    "status": 0, 
                    "duration": 4.62, 
                    "version": "6.0.6.653", 
                    "results": null, 
                    "virus_database_version": "10247"
                }, 
                "Sophos Anti-Virus (Linux)": {
                    "status": 0, 
                    "duration": 6.25, 
                    "version": "5.85.0", 
                    "results": null, 
                    "virus_database_version": "5.90 (01 February 2022)"
                }, 
                "DrWeb Antivirus (Linux)": {
                    "status": 0, 
                    "duration": 0.28, 
                    "version": "11.1.11.2110182032", 
                    "results": null, 
                    "virus_database_version": "unavailable"
                }, 
                "ClamAV (Linux)": {
                    "status": 0, 
                    "duration": 0.1, 
                    "version": "0.103.5", 
                    "results": null, 
                    "virus_database_version": "26474"
                }, 
                "Bitdefender Antivirus (Linux)": {
                    "status": 0, 
                    "duration": 6.13, 
                    "version": "7.90123", 
                    "results": null, 
                    "virus_database_version": null
                }, 
                "Emsisoft Commandline Scanner (Windows)": {
                    "status": 0, 
                    "duration": 0.59, 
                    "version": "2021.10.0.11201", 
                    "results": null, 
                    "virus_database_version": "unavailable"
                }
            }
        }, 
        "path": "", 
        "result_id": "644049b8-443e-489f-9abd-0e26035dd1df", 
        "file_sha256": "b94fb12cfe8c072fb397061abcc249ebe9df44105e8d811fdeffe56a576c1de4"
    }, 
    "suricata": {
        "tls": [], 
        "files": [], 
        "alerts": [], 
        "http": [
            {
                "status": "200", 
                "timestamp": "2022-03-19T21:30:59.597054+0200", 
                "referer": null, 
                "content_type": "application/pkix-crl", 
                "src_port": 49242, 
                "url": "/pki/crl/products/microsoftrootcert.crl", 
                "hostname": "crl.microsoft.com", 
                "src_ip": "192.168.168.213", 
                "length": 767, 
                "dst_port": 80, 
                "dst_ip": "83.255.218.89", 
                "method": "GET", 
                "user_agent": "Microsoft-CryptoAPI/6.1"
            }, 
            {
                "status": "200", 
                "timestamp": "2022-03-19T21:31:04.756450+0200", 
                "referer": null, 
                "content_type": "application/octet-stream", 
                "src_port": 49242, 
                "url": "/pki/crl/products/MicrosoftTimeStampPCA.crl", 
                "hostname": "crl.microsoft.com", 
                "src_ip": "192.168.168.213", 
                "length": 519, 
                "dst_port": 80, 
                "dst_ip": "83.255.218.89", 
                "method": "GET", 
                "user_agent": "Microsoft-CryptoAPI/6.1"
            }, 
            {
                "status": "200", 
                "timestamp": "2022-03-19T21:31:15.286079+0200", 
                "referer": null, 
                "content_type": "application/vnd.ms-cab-compressed", 
                "src_port": 49245, 
                "url": "/msdownload/update/v3/static/trustedr/en/authrootstl.cab", 
                "hostname": "www.download.windowsupdate.com", 
                "src_ip": "192.168.168.213", 
                "length": 60992, 
                "dst_port": 80, 
                "dst_ip": "41.63.96.128", 
                "method": "GET", 
                "user_agent": "Microsoft-CryptoAPI/6.1"
            }, 
            {
                "status": "200", 
                "timestamp": "2022-03-19T21:31:20.675990+0200", 
                "referer": null, 
                "content_type": "application/ocsp-response", 
                "src_port": 49246, 
                "url": "/MFEwTzBNMEswSTAJBgUrDgMCGgUABBT3xL4LQLXDRDM9P665TW442vrsUQQUReuir%2FSSy4IxLVGLp6chnfNtyA8CEA%2BoSQYV1wCgviF2%2FcXsbb0%3D", 
                "hostname": "ocsp.digicert.com", 
                "src_ip": "192.168.168.213", 
                "length": 471, 
                "dst_port": 80, 
                "dst_ip": "93.184.220.29", 
                "method": "GET", 
                "user_agent": "Microsoft-CryptoAPI/6.1"
            }, 
            {
                "status": "200", 
                "timestamp": "2022-03-19T21:31:24.269612+0200", 
                "referer": null, 
                "content_type": "application/octet-stream", 
                "src_port": 49242, 
                "url": "/pki/crl/products/MicCodSigPCA_08-31-2010.crl", 
                "hostname": "crl.microsoft.com", 
                "src_ip": "192.168.168.213", 
                "length": 564, 
                "dst_port": 80, 
                "dst_ip": "83.255.218.89", 
                "method": "GET", 
                "user_agent": "Microsoft-CryptoAPI/6.1"
            }, 
            {
                "status": "200", 
                "timestamp": "2022-03-19T21:31:25.815649+0200", 
                "referer": null, 
                "content_type": "application/ocsp-response", 
                "src_port": 49246, 
                "url": "/MFEwTzBNMEswSTAJBgUrDgMCGgUABBSYagvY3tfizDNoybzVSPFZmSEm0wQUe2jOKarAF75JeuHlP9an90WPNTICEAUR6vhXniZivmIt5a4M1Ag%3D", 
                "hostname": "ocsp.digicert.com", 
                "src_ip": "192.168.168.213", 
                "length": 471, 
                "dst_port": 80, 
                "dst_ip": "93.184.220.29", 
                "method": "GET", 
                "user_agent": "Microsoft-CryptoAPI/6.1"
            }, 
            {
                "status": "200", 
                "timestamp": "2022-03-19T21:31:30.782124+0200", 
                "referer": null, 
                "content_type": "application/pkix-crl", 
                "src_port": 49247, 
                "url": "/pca3.crl", 
                "hostname": "crl.verisign.com", 
                "src_ip": "192.168.168.213", 
                "length": 1482, 
                "dst_port": 80, 
                "dst_ip": "93.184.220.29", 
                "method": "GET", 
                "user_agent": "Microsoft-CryptoAPI/6.1"
            }, 
            {
                "status": "200", 
                "timestamp": "2022-03-19T21:31:35.993852+0200", 
                "referer": null, 
                "content_type": "application/ocsp-response", 
                "src_port": 49248, 
                "url": "/MFEwTzBNMEswSTAJBgUrDgMCGgUABBTSqZMG5M8TA9rdzkbCnNwuMAd5VgQUz5mp6nsm9EvJjo%2FX8AUm7%2BPSp50CEApPmHp2nko1OyaHijvT094%3D", 
                "hostname": "ocsp.verisign.com", 
                "src_ip": "192.168.168.213", 
                "length": 1551, 
                "dst_port": 80, 
                "dst_ip": "23.52.27.27", 
                "method": "GET", 
                "user_agent": "Microsoft-CryptoAPI/6.1"
            }, 
            {
                "status": "200", 
                "timestamp": "2022-03-19T21:31:41.519096+0200", 
                "referer": null, 
                "content_type": "application/ocsp-response", 
                "src_port": 49248, 
                "url": "/MFEwTzBNMEswSTAJBgUrDgMCGgUABBS56bKHAoUD%2BOyl%2B0LhPg9JxyQm4gQUf9Nlp8Ld7LvwMAnzQzn6Aq8zMTMCEFIA5aolVvwahu2WydRLM8c%3D", 
                "hostname": "ocsp.verisign.com", 
                "src_ip": "192.168.168.213", 
                "length": 5, 
                "dst_port": 80, 
                "dst_ip": "23.52.27.27", 
                "method": "GET", 
                "user_agent": "Microsoft-CryptoAPI/6.1"
            }, 
            {
                "status": "200", 
                "timestamp": "2022-03-19T21:31:46.526489+0200", 
                "referer": null, 
                "content_type": "application/ocsp-response", 
                "src_port": 49249, 
                "url": "/MFEwTzBNMEswSTAJBgUrDgMCGgUABBQckPwgwK2Thdm9JYVwXQ4ERz3XDQQUo47PGUI9MeGrIYmEbcvZeaKysloCEFDtZ0JVYUv07T7UI8yTyn0%3D", 
                "hostname": "evcs-ocsp.ws.symantec.com", 
                "src_ip": "192.168.168.213", 
                "length": 1517, 
                "dst_port": 80, 
                "dst_ip": "23.52.27.27", 
                "method": "GET", 
                "user_agent": "Microsoft-CryptoAPI/6.1"
            }, 
            {
                "status": "200", 
                "timestamp": "2022-03-19T21:31:46.794775+0200", 
                "referer": null, 
                "content_type": "application/octet-stream", 
                "src_port": 49250, 
                "url": "/pki/certs/MicRooCerAut_2010-06-23.crt", 
                "hostname": "www.microsoft.com", 
                "src_ip": "192.168.168.213", 
                "length": 1521, 
                "dst_port": 80, 
                "dst_ip": "96.7.145.172", 
                "method": "GET", 
                "user_agent": "Microsoft-CryptoAPI/6.1"
            }, 
            {
                "status": "200", 
                "timestamp": "2022-03-19T21:31:51.672654+0200", 
                "referer": null, 
                "content_type": "application/ocsp-response", 
                "src_port": 49248, 
                "url": "/MFEwTzBNMEswSTAJBgUrDgMCGgUABBS56bKHAoUD%2BOyl%2B0LhPg9JxyQm4gQUf9Nlp8Ld7LvwMAnzQzn6Aq8zMTMCEGxZ76nhAOEO4wa6j%2BApJVk%3D", 
                "hostname": "ocsp.verisign.com", 
                "src_ip": "192.168.168.213", 
                "length": 1560, 
                "dst_port": 80, 
                "dst_ip": "23.52.27.27", 
                "method": "GET", 
                "user_agent": "Microsoft-CryptoAPI/6.1"
            }, 
            {
                "status": "200", 
                "timestamp": "2022-03-19T21:31:52.066783+0200", 
                "referer": null, 
                "content_type": "application/vnd.ms-cab-compressed", 
                "src_port": 49251, 
                "url": "/msdownload/update/v3/static/trustedr/en/authrootstl.cab", 
                "hostname": "www.download.windowsupdate.com", 
                "src_ip": "192.168.168.213", 
                "length": 60992, 
                "dst_port": 80, 
                "dst_ip": "41.63.96.128", 
                "method": "GET", 
                "user_agent": "Microsoft-CryptoAPI/6.1"
            }
        ]
    }, 
    "virustotal": {
        "summary": {
            "error": "resource has not been scanned yet"
        }
    }, 
    "sysmon": [
        {
            "@xmlns": "http://schemas.microsoft.com/win/2004/08/events/event", 
            "System": {
                "Provider": {
                    "@Name": "Microsoft-Windows-Sysmon", 
                    "@Guid": "{5770385F-C22A-43E0-BF4C-06F5698FFBD9}"
                }, 
                "EventID": "3", 
                "Version": "5", 
                "Level": "4", 
                "Task": "3", 
                "Opcode": "0", 
                "Keywords": "0x8000000000000000", 
                "TimeCreated": {
                    "@SystemTime": "2022-03-19T19:31:50.947375000Z"
                }, 
                "EventRecordID": "10165", 
                "Correlation": null, 
                "Execution": {
                    "@ProcessID": "1228", 
                    "@ThreadID": "1856"
                }, 
                "Channel": "Microsoft-Windows-Sysmon/Operational", 
                "Computer": "uXqkOyhCcB", 
                "Security": {
                    "@UserID": "S-1-5-18"
                }
            }, 
            "EventData": {
                "Data": [
                    {
                        "@Name": "RuleName"
                    }, 
                    {
                        "@Name": "UtcTime", 
                        "#text": "2020-06-16 02:26:51.690"
                    }, 
                    {
                        "@Name": "ProcessGuid", 
                        "#text": "{7EA2F8B5-2A28-5EE8-0000-001074DB3800}"
                    }, 
                    {
                        "@Name": "ProcessId", 
                        "#text": "1584"
                    }, 
                    {
                        "@Name": "Image", 
                        "#text": "C:\\Windows\\System32\\svchost.exe"
                    }, 
                    {
                        "@Name": "User", 
                        "#text": "NT AUTHORITY\\LOCAL SERVICE"
                    }, 
                    {
                        "@Name": "Protocol", 
                        "#text": "udp"
                    }, 
                    {
                        "@Name": "Initiated", 
                        "#text": "false"
                    }, 
                    {
                        "@Name": "SourceIsIpv6", 
                        "#text": "false"
                    }, 
                    {
                        "@Name": "SourceIp", 
                        "#text": "239.255.255.250"
                    }, 
                    {
                        "@Name": "SourceHostname"
                    }, 
                    {
                        "@Name": "SourcePort", 
                        "#text": "1900"
                    }, 
                    {
                        "@Name": "SourcePortName", 
                        "#text": "ssdp"
                    }, 
                    {
                        "@Name": "DestinationIsIpv6", 
                        "#text": "false"
                    }, 
                    {
                        "@Name": "DestinationIp", 
                        "#text": "192.168.168.215"
                    }, 
                    {
                        "@Name": "DestinationHostname", 
                        "#text": "JAkAnsMU"
                    }, 
                    {
                        "@Name": "DestinationPort", 
                        "#text": "53457"
                    }, 
                    {
                        "@Name": "DestinationPortName"
                    }
                ]
            }
        }, 
        {
            "@xmlns": "http://schemas.microsoft.com/win/2004/08/events/event", 
            "System": {
                "Provider": {
                    "@Name": "Microsoft-Windows-Sysmon", 
                    "@Guid": "{5770385F-C22A-43E0-BF4C-06F5698FFBD9}"
                }, 
                "EventID": "3", 
                "Version": "5", 
                "Level": "4", 
                "Task": "3", 
                "Opcode": "0", 
                "Keywords": "0x8000000000000000", 
                "TimeCreated": {
                    "@SystemTime": "2022-03-19T19:31:50.947375000Z"
                }, 
                "EventRecordID": "10164", 
                "Correlation": null, 
                "Execution": {
                    "@ProcessID": "1228", 
                    "@ThreadID": "1856"
                }, 
                "Channel": "Microsoft-Windows-Sysmon/Operational", 
                "Computer": "uXqkOyhCcB", 
                "Security": {
                    "@UserID": "S-1-5-18"
                }
            }, 
            "EventData": {
                "Data": [
                    {
                        "@Name": "RuleName"
                    }, 
                    {
                        "@Name": "UtcTime", 
                        "#text": "2020-06-16 02:26:51.632"
                    }, 
                    {
                        "@Name": "ProcessGuid", 
                        "#text": "{7EA2F8B5-29AF-5EE8-0000-0010FDE50000}"
                    }, 
                    {
                        "@Name": "ProcessId", 
                        "#text": "424"
                    }, 
                    {
                        "@Name": "Image", 
                        "#text": "C:\\Windows\\System32\\svchost.exe"
                    }, 
                    {
                        "@Name": "User", 
                        "#text": "NT AUTHORITY\\NETWORK SERVICE"
                    }, 
                    {
                        "@Name": "Protocol", 
                        "#text": "udp"
                    }, 
                    {
                        "@Name": "Initiated", 
                        "#text": "false"
                    }, 
                    {
                        "@Name": "SourceIsIpv6", 
                        "#text": "true"
                    }, 
                    {
                        "@Name": "SourceIp", 
                        "#text": "ff02:0:0:0:0:0:1:3"
                    }, 
                    {
                        "@Name": "SourceHostname"
                    }, 
                    {
                        "@Name": "SourcePort", 
                        "#text": "5355"
                    }, 
                    {
                        "@Name": "SourcePortName", 
                        "#text": "llmnr"
                    }, 
                    {
                        "@Name": "DestinationIsIpv6", 
                        "#text": "true"
                    }, 
                    {
                        "@Name": "DestinationIp", 
                        "#text": "fe80:0:0:0:2c88:9813:8042:2f4b"
                    }, 
                    {
                        "@Name": "DestinationHostname", 
                        "#text": "uXqkOyhCcB"
                    }, 
                    {
                        "@Name": "DestinationPort", 
                        "#text": "53583"
                    }, 
                    {
                        "@Name": "DestinationPortName"
                    }
                ]
            }
        }, 
        {
            "@xmlns": "http://schemas.microsoft.com/win/2004/08/events/event", 
            "System": {
                "Provider": {
                    "@Name": "Microsoft-Windows-Sysmon", 
                    "@Guid": "{5770385F-C22A-43E0-BF4C-06F5698FFBD9}"
                }, 
                "EventID": "3", 
                "Version": "5", 
                "Level": "4", 
                "Task": "3", 
                "Opcode": "0", 
                "Keywords": "0x8000000000000000", 
                "TimeCreated": {
                    "@SystemTime": "2022-03-19T19:31:50.947375000Z"
                }, 
                "EventRecordID": "10163", 
                "Correlation": null, 
                "Execution": {
                    "@ProcessID": "1228", 
                    "@ThreadID": "1856"
                }, 
                "Channel": "Microsoft-Windows-Sysmon/Operational", 
                "Computer": "uXqkOyhCcB", 
                "Security": {
                    "@UserID": "S-1-5-18"
                }
            }, 
            "EventData": {
                "Data": [
                    {
                        "@Name": "RuleName"
                    }, 
                    {
                        "@Name": "UtcTime", 
                        "#text": "2020-06-16 02:26:51.597"
                    }, 
                    {
                        "@Name": "ProcessGuid", 
                        "#text": "{7EA2F8B5-29AF-5EE8-0000-0010FDE50000}"
                    }, 
                    {
                        "@Name": "ProcessId", 
                        "#text": "424"
                    }, 
                    {
                        "@Name": "Image", 
                        "#text": "C:\\Windows\\System32\\svchost.exe"
                    }, 
                    {
                        "@Name": "User", 
                        "#text": "NT AUTHORITY\\NETWORK SERVICE"
                    }, 
                    {
                        "@Name": "Protocol", 
                        "#text": "udp"
                    }, 
                    {
                        "@Name": "Initiated", 
                        "#text": "false"
                    }, 
                    {
                        "@Name": "SourceIsIpv6", 
                        "#text": "false"
                    }, 
                    {
                        "@Name": "SourceIp", 
                        "#text": "224.0.0.252"
                    }, 
                    {
                        "@Name": "SourceHostname"
                    }, 
                    {
                        "@Name": "SourcePort", 
                        "#text": "5355"
                    }, 
                    {
                        "@Name": "SourcePortName", 
                        "#text": "llmnr"
                    }, 
                    {
                        "@Name": "DestinationIsIpv6", 
                        "#text": "false"
                    }, 
                    {
                        "@Name": "DestinationIp", 
                        "#text": "192.168.168.229"
                    }, 
                    {
                        "@Name": "DestinationHostname", 
                        "#text": "raWjDBQVXiMoE"
                    }, 
                    {
                        "@Name": "DestinationPort", 
                        "#text": "65418"
                    }, 
                    {
                        "@Name": "DestinationPortName"
                    }
                ]
            }
        }, 
        {
            "@xmlns": "http://schemas.microsoft.com/win/2004/08/events/event", 
            "System": {
                "Provider": {
                    "@Name": "Microsoft-Windows-Sysmon", 
                    "@Guid": "{5770385F-C22A-43E0-BF4C-06F5698FFBD9}"
                }, 
                "EventID": "3", 
                "Version": "5", 
                "Level": "4", 
                "Task": "3", 
                "Opcode": "0", 
                "Keywords": "0x8000000000000000", 
                "TimeCreated": {
                    "@SystemTime": "2022-03-19T19:31:50.947375000Z"
                }, 
                "EventRecordID": "10162", 
                "Correlation": null, 
                "Execution": {
                    "@ProcessID": "1228", 
                    "@ThreadID": "1856"
                }, 
                "Channel": "Microsoft-Windows-Sysmon/Operational", 
                "Computer": "uXqkOyhCcB", 
                "Security": {
                    "@UserID": "S-1-5-18"
                }
            }, 
            "EventData": {
                "Data": [
                    {
                        "@Name": "RuleName"
                    }, 
                    {
                        "@Name": "UtcTime", 
                        "#text": "2020-06-16 02:26:51.597"
                    }, 
                    {
                        "@Name": "ProcessGuid", 
                        "#text": "{7EA2F8B5-29AF-5EE8-0000-0010FDE50000}"
                    }, 
                    {
                        "@Name": "ProcessId", 
                        "#text": "424"
                    }, 
                    {
                        "@Name": "Image", 
                        "#text": "C:\\Windows\\System32\\svchost.exe"
                    }, 
                    {
                        "@Name": "User", 
                        "#text": "NT AUTHORITY\\NETWORK SERVICE"
                    }, 
                    {
                        "@Name": "Protocol", 
                        "#text": "udp"
                    }, 
                    {
                        "@Name": "Initiated", 
                        "#text": "false"
                    }, 
                    {
                        "@Name": "SourceIsIpv6", 
                        "#text": "true"
                    }, 
                    {
                        "@Name": "SourceIp", 
                        "#text": "ff02:0:0:0:0:0:1:3"
                    }, 
                    {
                        "@Name": "SourceHostname"
                    }, 
                    {
                        "@Name": "SourcePort", 
                        "#text": "5355"
                    }, 
                    {
                        "@Name": "SourcePortName", 
                        "#text": "llmnr"
                    }, 
                    {
                        "@Name": "DestinationIsIpv6", 
                        "#text": "true"
                    }, 
                    {
                        "@Name": "DestinationIp", 
                        "#text": "fe80:0:0:0:699d:23f6:9885:4676"
                    }, 
                    {
                        "@Name": "DestinationHostname", 
                        "#text": "raWjDBQVXiMoE"
                    }, 
                    {
                        "@Name": "DestinationPort", 
                        "#text": "51252"
                    }, 
                    {
                        "@Name": "DestinationPortName"
                    }
                ]
            }
        }, 
        {
            "@xmlns": "http://schemas.microsoft.com/win/2004/08/events/event", 
            "System": {
                "Provider": {
                    "@Name": "Microsoft-Windows-Sysmon", 
                    "@Guid": "{5770385F-C22A-43E0-BF4C-06F5698FFBD9}"
                }, 
                "EventID": "3", 
                "Version": "5", 
                "Level": "4", 
                "Task": "3", 
                "Opcode": "0", 
                "Keywords": "0x8000000000000000", 
                "TimeCreated": {
                    "@SystemTime": "2022-03-19T19:31:50.947375000Z"
                }, 
                "EventRecordID": "10161", 
                "Correlation": null, 
                "Execution": {
                    "@ProcessID": "1228", 
                    "@ThreadID": "1856"
                }, 
                "Channel": "Microsoft-Windows-Sysmon/Operational", 
                "Computer": "uXqkOyhCcB", 
                "Security": {
                    "@UserID": "S-1-5-18"
                }
            }, 
            "EventData": {
                "Data": [
                    {
                        "@Name": "RuleName"
                    }, 
                    {
                        "@Name": "UtcTime", 
                        "#text": "2020-06-16 02:26:51.596"
                    }, 
                    {
                        "@Name": "ProcessGuid", 
                        "#text": "{7EA2F8B5-29AF-5EE8-0000-0010FDE50000}"
                    }, 
                    {
                        "@Name": "ProcessId", 
                        "#text": "424"
                    }, 
                    {
                        "@Name": "Image", 
                        "#text": "C:\\Windows\\System32\\svchost.exe"
                    }, 
                    {
                        "@Name": "User", 
                        "#text": "NT AUTHORITY\\NETWORK SERVICE"
                    }, 
                    {
                        "@Name": "Protocol", 
                        "#text": "udp"
                    }, 
                    {
                        "@Name": "Initiated", 
                        "#text": "false"
                    }, 
                    {
                        "@Name": "SourceIsIpv6", 
                        "#text": "false"
                    }, 
                    {
                        "@Name": "SourceIp", 
                        "#text": "224.0.0.252"
                    }, 
                    {
                        "@Name": "SourceHostname"
                    }, 
                    {
                        "@Name": "SourcePort", 
                        "#text": "5355"
                    }, 
                    {
                        "@Name": "SourcePortName", 
                        "#text": "llmnr"
                    }, 
                    {
                        "@Name": "DestinationIsIpv6", 
                        "#text": "false"
                    }, 
                    {
                        "@Name": "DestinationIp", 
                        "#text": "192.168.168.229"
                    }, 
                    {
                        "@Name": "DestinationHostname", 
                        "#text": "raWjDBQVXiMoE"
                    }, 
                    {
                        "@Name": "DestinationPort", 
                        "#text": "62588"
                    }, 
                    {
                        "@Name": "DestinationPortName"
                    }
                ]
            }
        }, 
        {
            "@xmlns": "http://schemas.microsoft.com/win/2004/08/events/event", 
            "System": {
                "Provider": {
                    "@Name": "Microsoft-Windows-Sysmon", 
                    "@Guid": "{5770385F-C22A-43E0-BF4C-06F5698FFBD9}"
                }, 
                "EventID": "3", 
                "Version": "5", 
                "Level": "4", 
                "Task": "3", 
                "Opcode": "0", 
                "Keywords": "0x8000000000000000", 
                "TimeCreated": {
                    "@SystemTime": "2022-03-19T19:31:50.947375000Z"
                }, 
                "EventRecordID": "10160", 
                "Correlation": null, 
                "Execution": {
                    "@ProcessID": "1228", 
                    "@ThreadID": "1856"
                }, 
                "Channel": "Microsoft-Windows-Sysmon/Operational", 
                "Computer": "uXqkOyhCcB", 
                "Security": {
                    "@UserID": "S-1-5-18"
                }
            }, 
            "EventData": {
                "Data": [
                    {
                        "@Name": "RuleName"
                    }, 
                    {
                        "@Name": "UtcTime", 
                        "#text": "2020-06-16 02:26:51.596"
                    }, 
                    {
                        "@Name": "ProcessGuid", 
                        "#text": "{7EA2F8B5-29AF-5EE8-0000-0010FDE50000}"
                    }, 
                    {
                        "@Name": "ProcessId", 
                        "#text": "424"
                    }, 
                    {
                        "@Name": "Image", 
                        "#text": "C:\\Windows\\System32\\svchost.exe"
                    }, 
                    {
                        "@Name": "User", 
                        "#text": "NT AUTHORITY\\NETWORK SERVICE"
                    }, 
                    {
                        "@Name": "Protocol", 
                        "#text": "udp"
                    }, 
                    {
                        "@Name": "Initiated", 
                        "#text": "false"
                    }, 
                    {
                        "@Name": "SourceIsIpv6", 
                        "#text": "true"
                    }, 
                    {
                        "@Name": "SourceIp", 
                        "#text": "ff02:0:0:0:0:0:1:3"
                    }, 
                    {
                        "@Name": "SourceHostname"
                    }, 
                    {
                        "@Name": "SourcePort", 
                        "#text": "5355"
                    }, 
                    {
                        "@Name": "SourcePortName", 
                        "#text": "llmnr"
                    }, 
                    {
                        "@Name": "DestinationIsIpv6", 
                        "#text": "true"
                    }, 
                    {
                        "@Name": "DestinationIp", 
                        "#text": "fe80:0:0:0:699d:23f6:9885:4676"
                    }, 
                    {
                        "@Name": "DestinationHostname", 
                        "#text": "raWjDBQVXiMoE"
                    }, 
                    {
                        "@Name": "DestinationPort", 
                        "#text": "55100"
                    }, 
                    {
                        "@Name": "DestinationPortName"
                    }
                ]
            }
        }, 
        {
            "@xmlns": "http://schemas.microsoft.com/win/2004/08/events/event", 
            "System": {
                "Provider": {
                    "@Name": "Microsoft-Windows-Sysmon", 
                    "@Guid": "{5770385F-C22A-43E0-BF4C-06F5698FFBD9}"
                }, 
                "EventID": "3", 
                "Version": "5", 
                "Level": "4", 
                "Task": "3", 
                "Opcode": "0", 
                "Keywords": "0x8000000000000000", 
                "TimeCreated": {
                    "@SystemTime": "2022-03-19T19:31:50.947375000Z"
                }, 
                "EventRecordID": "10159", 
                "Correlation": null, 
                "Execution": {
                    "@ProcessID": "1228", 
                    "@ThreadID": "1856"
                }, 
                "Channel": "Microsoft-Windows-Sysmon/Operational", 
                "Computer": "uXqkOyhCcB", 
                "Security": {
                    "@UserID": "S-1-5-18"
                }
            }, 
            "EventData": {
                "Data": [
                    {
                        "@Name": "RuleName"
                    }, 
                    {
                        "@Name": "UtcTime", 
                        "#text": "2020-06-16 02:26:51.410"
                    }, 
                    {
                        "@Name": "ProcessGuid", 
                        "#text": "{7EA2F8B5-29AF-5EE8-0000-0010FDE50000}"
                    }, 
                    {
                        "@Name": "ProcessId", 
                        "#text": "424"
                    }, 
                    {
                        "@Name": "Image", 
                        "#text": "C:\\Windows\\System32\\svchost.exe"
                    }, 
                    {
                        "@Name": "User", 
                        "#text": "NT AUTHORITY\\NETWORK SERVICE"
                    }, 
                    {
                        "@Name": "Protocol", 
                        "#text": "udp"
                    }, 
                    {
                        "@Name": "Initiated", 
                        "#text": "false"
                    }, 
                    {
                        "@Name": "SourceIsIpv6", 
                        "#text": "false"
                    }, 
                    {
                        "@Name": "SourceIp", 
                        "#text": "224.0.0.252"
                    }, 
                    {
                        "@Name": "SourceHostname"
                    }, 
                    {
                        "@Name": "SourcePort", 
                        "#text": "5355"
                    }, 
                    {
                        "@Name": "SourcePortName", 
                        "#text": "llmnr"
                    }, 
                    {
                        "@Name": "DestinationIsIpv6", 
                        "#text": "false"
                    }, 
                    {
                        "@Name": "DestinationIp", 
                        "#text": "192.168.168.201"
                    }, 
                    {
                        "@Name": "DestinationHostname", 
                        "#text": "None"
                    }, 
                    {
                        "@Name": "DestinationPort", 
                        "#text": "65139"
                    }, 
                    {
                        "@Name": "DestinationPortName"
                    }
                ]
            }
        }, 
        {
            "@xmlns": "http://schemas.microsoft.com/win/2004/08/events/event", 
            "System": {
                "Provider": {
                    "@Name": "Microsoft-Windows-Sysmon", 
                    "@Guid": "{5770385F-C22A-43E0-BF4C-06F5698FFBD9}"
                }, 
                "EventID": "3", 
                "Version": "5", 
                "Level": "4", 
                "Task": "3", 
                "Opcode": "0", 
                "Keywords": "0x8000000000000000", 
                "TimeCreated": {
                    "@SystemTime": "2022-03-19T19:31:50.947375000Z"
                }, 
                "EventRecordID": "10158", 
                "Correlation": null, 
                "Execution": {
                    "@ProcessID": "1228", 
                    "@ThreadID": "1856"
                }, 
                "Channel": "Microsoft-Windows-Sysmon/Operational", 
                "Computer": "uXqkOyhCcB", 
                "Security": {
                    "@UserID": "S-1-5-18"
                }
            }, 
            "EventData": {
                "Data": [
                    {
                        "@Name": "RuleName"
                    }, 
                    {
                        "@Name": "UtcTime", 
                        "#text": "2020-06-16 02:26:51.410"
                    }, 
                    {
                        "@Name": "ProcessGuid", 
                        "#text": "{7EA2F8B5-29AF-5EE8-0000-0010FDE50000}"
                    }, 
                    {
                        "@Name": "ProcessId", 
                        "#text": "424"
                    }, 
                    {
                        "@Name": "Image", 
                        "#text": "C:\\Windows\\System32\\svchost.exe"
                    }, 
                    {
                        "@Name": "User", 
                        "#text": "NT AUTHORITY\\NETWORK SERVICE"
                    }, 
                    {
                        "@Name": "Protocol", 
                        "#text": "udp"
                    }, 
                    {
                        "@Name": "Initiated", 
                        "#text": "false"
                    }, 
                    {
                        "@Name": "SourceIsIpv6", 
                        "#text": "true"
                    }, 
                    {
                        "@Name": "SourceIp", 
                        "#text": "ff02:0:0:0:0:0:1:3"
                    }, 
                    {
                        "@Name": "SourceHostname"
                    }, 
                    {
                        "@Name": "SourcePort", 
                        "#text": "5355"
                    }, 
                    {
                        "@Name": "SourcePortName", 
                        "#text": "llmnr"
                    }, 
                    {
                        "@Name": "DestinationIsIpv6", 
                        "#text": "true"
                    }, 
                    {
                        "@Name": "DestinationIp", 
                        "#text": "fe80:0:0:0:5850:469c:680b:4988"
                    }, 
                    {
                        "@Name": "DestinationHostname", 
                        "#text": "None"
                    }, 
                    {
                        "@Name": "DestinationPort", 
                        "#text": "50880"
                    }, 
                    {
                        "@Name": "DestinationPortName"
                    }
                ]
            }
        }, 
