        {
            "@xmlns": "http://schemas.microsoft.com/win/2004/08/events/event", 
            "System": {
                "Provider": {
                    "@Name": "Microsoft-Windows-Sysmon", 
                    "@Guid": "{5770385F-C22A-43E0-BF4C-06F5698FFBD9}"
                }, 
                "EventID": "3", 
                "Version": "5", 
                "Level": "4", 
                "Task": "3", 
                "Opcode": "0", 
                "Keywords": "0x8000000000000000", 
                "TimeCreated": {
                    "@SystemTime": "2022-03-20T01:00:18.958500000Z"
                }, 
                "EventRecordID": "9600", 
                "Correlation": null, 
                "Execution": {
                    "@ProcessID": "1252", 
                    "@ThreadID": "1896"
                }, 
                "Channel": "Microsoft-Windows-Sysmon/Operational", 
                "Computer": "VlDRQgxYf", 
                "Security": {
                    "@UserID": "S-1-5-18"
                }
            }, 
            "EventData": {
                "Data": [
                    {
                        "@Name": "RuleName"
                    }, 
                    {
                        "@Name": "UtcTime", 
                        "#text": "2020-06-16 02:20:11.703"
                    }, 
                    {
                        "@Name": "ProcessGuid", 
                        "#text": "{7EA2F8B5-28EE-5EE8-0000-0010FBE50000}"
                    }, 
                    {
                        "@Name": "ProcessId", 
                        "#text": "404"
                    }, 
                    {
                        "@Name": "Image", 
                        "#text": "C:\\Windows\\System32\\svchost.exe"
                    }, 
                    {
                        "@Name": "User", 
                        "#text": "NT AUTHORITY\\NETWORK SERVICE"
                    }, 
                    {
                        "@Name": "Protocol", 
                        "#text": "udp"
                    }, 
                    {
                        "@Name": "Initiated", 
                        "#text": "false"
                    }, 
                    {
                        "@Name": "SourceIsIpv6", 
                        "#text": "true"
                    }, 
                    {
                        "@Name": "SourceIp", 
                        "#text": "ff02:0:0:0:0:0:1:3"
                    }, 
                    {
                        "@Name": "SourceHostname"
                    }, 
                    {
                        "@Name": "SourcePort", 
                        "#text": "5355"
                    }, 
                    {
                        "@Name": "SourcePortName", 
                        "#text": "llmnr"
                    }, 
                    {
                        "@Name": "DestinationIsIpv6", 
                        "#text": "true"
                    }, 
                    {
                        "@Name": "DestinationIp", 
                        "#text": "fe80:0:0:0:dd61:abd9:e98b:730"
                    }, 
                    {
                        "@Name": "DestinationHostname", 
                        "#text": "kgtsfIwCnV"
                    }, 
                    {
                        "@Name": "DestinationPort", 
                        "#text": "63123"
                    }, 
                    {
                        "@Name": "DestinationPortName"
                    }
                ]
            }
        }, 
        {
            "@xmlns": "http://schemas.microsoft.com/win/2004/08/events/event", 
            "System": {
                "Provider": {
                    "@Name": "Microsoft-Windows-Sysmon", 
                    "@Guid": "{5770385F-C22A-43E0-BF4C-06F5698FFBD9}"
                }, 
                "EventID": "3", 
                "Version": "5", 
                "Level": "4", 
                "Task": "3", 
                "Opcode": "0", 
                "Keywords": "0x8000000000000000", 
                "TimeCreated": {
                    "@SystemTime": "2022-03-20T01:00:18.958500000Z"
                }, 
                "EventRecordID": "9599", 
                "Correlation": null, 
                "Execution": {
                    "@ProcessID": "1252", 
                    "@ThreadID": "1896"
                }, 
                "Channel": "Microsoft-Windows-Sysmon/Operational", 
                "Computer": "VlDRQgxYf", 
                "Security": {
                    "@UserID": "S-1-5-18"
                }
            }, 
            "EventData": {
                "Data": [
                    {
                        "@Name": "RuleName"
                    }, 
                    {
                        "@Name": "UtcTime", 
                        "#text": "2020-06-16 02:20:11.035"
                    }, 
                    {
                        "@Name": "ProcessGuid", 
                        "#text": "{7EA2F8B5-28EE-5EE8-0000-0010FBE50000}"
                    }, 
                    {
                        "@Name": "ProcessId", 
                        "#text": "404"
                    }, 
                    {
                        "@Name": "Image", 
                        "#text": "C:\\Windows\\System32\\svchost.exe"
                    }, 
                    {
                        "@Name": "User", 
                        "#text": "NT AUTHORITY\\NETWORK SERVICE"
                    }, 
                    {
                        "@Name": "Protocol", 
                        "#text": "udp"
                    }, 
                    {
                        "@Name": "Initiated", 
                        "#text": "false"
                    }, 
                    {
                        "@Name": "SourceIsIpv6", 
                        "#text": "false"
                    }, 
                    {
                        "@Name": "SourceIp", 
                        "#text": "224.0.0.252"
                    }, 
                    {
                        "@Name": "SourceHostname"
                    }, 
                    {
                        "@Name": "SourcePort", 
                        "#text": "5355"
                    }, 
                    {
                        "@Name": "SourcePortName", 
                        "#text": "llmnr"
                    }, 
                    {
                        "@Name": "DestinationIsIpv6", 
                        "#text": "false"
                    }, 
                    {
                        "@Name": "DestinationIp", 
                        "#text": "192.168.168.211"
                    }, 
                    {
                        "@Name": "DestinationHostname", 
                        "#text": "jmwNbVnAkwkMk"
                    }, 
                    {
                        "@Name": "DestinationPort", 
                        "#text": "59384"
                    }, 
                    {
                        "@Name": "DestinationPortName"
                    }
                ]
            }
        }, 
        {
            "@xmlns": "http://schemas.microsoft.com/win/2004/08/events/event", 
            "System": {
                "Provider": {
                    "@Name": "Microsoft-Windows-Sysmon", 
                    "@Guid": "{5770385F-C22A-43E0-BF4C-06F5698FFBD9}"
                }, 
                "EventID": "3", 
                "Version": "5", 
                "Level": "4", 
                "Task": "3", 
                "Opcode": "0", 
                "Keywords": "0x8000000000000000", 
                "TimeCreated": {
                    "@SystemTime": "2022-03-20T01:00:18.958500000Z"
                }, 
                "EventRecordID": "9598", 
                "Correlation": null, 
                "Execution": {
                    "@ProcessID": "1252", 
                    "@ThreadID": "1896"
                }, 
                "Channel": "Microsoft-Windows-Sysmon/Operational", 
                "Computer": "VlDRQgxYf", 
                "Security": {
                    "@UserID": "S-1-5-18"
                }
            }, 
            "EventData": {
                "Data": [
                    {
                        "@Name": "RuleName"
                    }, 
                    {
                        "@Name": "UtcTime", 
                        "#text": "2020-06-16 02:20:11.035"
                    }, 
                    {
                        "@Name": "ProcessGuid", 
                        "#text": "{7EA2F8B5-28EE-5EE8-0000-0010FBE50000}"
                    }, 
                    {
                        "@Name": "ProcessId", 
                        "#text": "404"
                    }, 
                    {
                        "@Name": "Image", 
                        "#text": "C:\\Windows\\System32\\svchost.exe"
                    }, 
                    {
                        "@Name": "User", 
                        "#text": "NT AUTHORITY\\NETWORK SERVICE"
                    }, 
                    {
                        "@Name": "Protocol", 
                        "#text": "udp"
                    }, 
                    {
                        "@Name": "Initiated", 
                        "#text": "false"
                    }, 
                    {
                        "@Name": "SourceIsIpv6", 
                        "#text": "true"
                    }, 
                    {
                        "@Name": "SourceIp", 
                        "#text": "ff02:0:0:0:0:0:1:3"
                    }, 
                    {
                        "@Name": "SourceHostname"
                    }, 
                    {
                        "@Name": "SourcePort", 
                        "#text": "5355"
                    }, 
                    {
                        "@Name": "SourcePortName", 
                        "#text": "llmnr"
                    }, 
                    {
                        "@Name": "DestinationIsIpv6", 
                        "#text": "true"
                    }, 
                    {
                        "@Name": "DestinationIp", 
                        "#text": "fe80:0:0:0:f871:aaf5:aef6:a446"
                    }, 
                    {
                        "@Name": "DestinationHostname", 
                        "#text": "jmwNbVnAkwkMk"
                    }, 
                    {
                        "@Name": "DestinationPort", 
                        "#text": "64559"
                    }, 
                    {
                        "@Name": "DestinationPortName"
                    }
                ]
            }
        }, 
        {
            "@xmlns": "http://schemas.microsoft.com/win/2004/08/events/event", 
            "System": {
                "Provider": {
                    "@Name": "Microsoft-Windows-Sysmon", 
                    "@Guid": "{5770385F-C22A-43E0-BF4C-06F5698FFBD9}"
                }, 
                "EventID": "3", 
                "Version": "5", 
                "Level": "4", 
                "Task": "3", 
                "Opcode": "0", 
                "Keywords": "0x8000000000000000", 
                "TimeCreated": {
                    "@SystemTime": "2022-03-20T01:00:16.958500000Z"
                }, 
                "EventRecordID": "9597", 
                "Correlation": null, 
                "Execution": {
                    "@ProcessID": "1252", 
                    "@ThreadID": "1896"
                }, 
                "Channel": "Microsoft-Windows-Sysmon/Operational", 
                "Computer": "VlDRQgxYf", 
                "Security": {
                    "@UserID": "S-1-5-18"
                }
            }, 
            "EventData": {
                "Data": [
                    {
                        "@Name": "RuleName"
                    }, 
                    {
                        "@Name": "UtcTime", 
                        "#text": "2020-06-16 02:20:10.791"
                    }, 
                    {
                        "@Name": "ProcessGuid", 
                        "#text": "{7EA2F8B5-28EE-5EE8-0000-0010FBE50000}"
                    }, 
                    {
                        "@Name": "ProcessId", 
                        "#text": "404"
                    }, 
                    {
                        "@Name": "Image", 
                        "#text": "C:\\Windows\\System32\\svchost.exe"
                    }, 
                    {
                        "@Name": "User", 
                        "#text": "NT AUTHORITY\\NETWORK SERVICE"
                    }, 
                    {
                        "@Name": "Protocol", 
                        "#text": "udp"
                    }, 
                    {
                        "@Name": "Initiated", 
                        "#text": "false"
                    }, 
                    {
                        "@Name": "SourceIsIpv6", 
                        "#text": "true"
                    }, 
                    {
                        "@Name": "SourceIp", 
                        "#text": "ff02:0:0:0:0:0:1:3"
                    }, 
                    {
                        "@Name": "SourceHostname"
                    }, 
                    {
                        "@Name": "SourcePort", 
                        "#text": "5355"
                    }, 
                    {
                        "@Name": "SourcePortName", 
                        "#text": "llmnr"
                    }, 
                    {
                        "@Name": "DestinationIsIpv6", 
                        "#text": "true"
                    }, 
                    {
                        "@Name": "DestinationIp", 
                        "#text": "fe80:0:0:0:44b:4009:faa8:193d"
                    }, 
                    {
                        "@Name": "DestinationHostname", 
                        "#text": "VlDRQgxYf"
                    }, 
                    {
                        "@Name": "DestinationPort", 
                        "#text": "61267"
                    }, 
                    {
                        "@Name": "DestinationPortName"
                    }
                ]
            }
        }, 
        {
            "@xmlns": "http://schemas.microsoft.com/win/2004/08/events/event", 
            "System": {
                "Provider": {
                    "@Name": "Microsoft-Windows-Sysmon", 
                    "@Guid": "{5770385F-C22A-43E0-BF4C-06F5698FFBD9}"
                }, 
                "EventID": "3", 
                "Version": "5", 
                "Level": "4", 
                "Task": "3", 
                "Opcode": "0", 
                "Keywords": "0x8000000000000000", 
                "TimeCreated": {
                    "@SystemTime": "2022-03-20T01:00:16.958500000Z"
                }, 
                "EventRecordID": "9596", 
                "Correlation": null, 
                "Execution": {
                    "@ProcessID": "1252", 
                    "@ThreadID": "1896"
                }, 
                "Channel": "Microsoft-Windows-Sysmon/Operational", 
                "Computer": "VlDRQgxYf", 
                "Security": {
                    "@UserID": "S-1-5-18"
                }
            }, 
            "EventData": {
                "Data": [
                    {
                        "@Name": "RuleName"
                    }, 
                    {
                        "@Name": "UtcTime", 
                        "#text": "2020-06-16 02:20:10.748"
                    }, 
                    {
                        "@Name": "ProcessGuid", 
                        "#text": "{7EA2F8B5-28EE-5EE8-0000-0010FBE50000}"
                    }, 
                    {
                        "@Name": "ProcessId", 
                        "#text": "404"
                    }, 
                    {
                        "@Name": "Image", 
                        "#text": "C:\\Windows\\System32\\svchost.exe"
                    }, 
                    {
                        "@Name": "User", 
                        "#text": "NT AUTHORITY\\NETWORK SERVICE"
                    }, 
                    {
                        "@Name": "Protocol", 
                        "#text": "tcp"
                    }, 
                    {
                        "@Name": "Initiated", 
                        "#text": "true"
                    }, 
                    {
                        "@Name": "SourceIsIpv6", 
                        "#text": "false"
                    }, 
                    {
                        "@Name": "SourceIp", 
                        "#text": "192.168.168.212"
                    }, 
                    {
                        "@Name": "SourceHostname", 
                        "#text": "VlDRQgxYf"
                    }, 
                    {
                        "@Name": "SourcePort", 
                        "#text": "49235"
                    }, 
                    {
                        "@Name": "SourcePortName"
                    }, 
                    {
                        "@Name": "DestinationIsIpv6", 
                        "#text": "false"
                    }, 
                    {
                        "@Name": "DestinationIp", 
                        "#text": "13.107.4.50"
                    }, 
                    {
                        "@Name": "DestinationHostname"
                    }, 
                    {
                        "@Name": "DestinationPort", 
                        "#text": "80"
                    }, 
                    {
                        "@Name": "DestinationPortName", 
                        "#text": "http"
                    }
                ]
            }
        }, 
        {
            "@xmlns": "http://schemas.microsoft.com/win/2004/08/events/event", 
            "System": {
                "Provider": {
                    "@Name": "Microsoft-Windows-Sysmon", 
                    "@Guid": "{5770385F-C22A-43E0-BF4C-06F5698FFBD9}"
                }, 
                "EventID": "3", 
                "Version": "5", 
                "Level": "4", 
                "Task": "3", 
                "Opcode": "0", 
                "Keywords": "0x8000000000000000", 
                "TimeCreated": {
                    "@SystemTime": "2022-03-20T01:00:16.958500000Z"
                }, 
                "EventRecordID": "9595", 
                "Correlation": null, 
                "Execution": {
                    "@ProcessID": "1252", 
                    "@ThreadID": "1896"
                }, 
                "Channel": "Microsoft-Windows-Sysmon/Operational", 
                "Computer": "VlDRQgxYf", 
                "Security": {
                    "@UserID": "S-1-5-18"
                }
            }, 
            "EventData": {
                "Data": [
                    {
                        "@Name": "RuleName"
                    }, 
                    {
                        "@Name": "UtcTime", 
                        "#text": "2020-06-16 02:20:10.298"
                    }, 
                    {
                        "@Name": "ProcessGuid", 
                        "#text": "{7EA2F8B5-28EF-5EE8-0000-001076400200}"
                    }, 
                    {
                        "@Name": "ProcessId", 
                        "#text": "1804"
                    }, 
                    {
                        "@Name": "Image", 
                        "#text": "C:\\Python27\\pythonw.exe"
                    }, 
                    {
                        "@Name": "User", 
                        "#text": "VLDRQGXYF\\Administrator"
                    }, 
                    {
                        "@Name": "Protocol", 
                        "#text": "tcp"
                    }, 
                    {
                        "@Name": "Initiated", 
                        "#text": "false"
                    }, 
                    {
                        "@Name": "SourceIsIpv6", 
                        "#text": "false"
                    }, 
                    {
                        "@Name": "SourceIp", 
                        "#text": "192.168.168.212"
                    }, 
                    {
                        "@Name": "SourceHostname", 
                        "#text": "VlDRQgxYf"
                    }, 
                    {
                        "@Name": "SourcePort", 
                        "#text": "8000"
                    }, 
                    {
                        "@Name": "SourcePortName"
                    }, 
                    {
                        "@Name": "DestinationIsIpv6", 
                        "#text": "false"
                    }, 
                    {
                        "@Name": "DestinationIp", 
                        "#text": "192.168.168.1"
                    }, 
                    {
                        "@Name": "DestinationHostname"
                    }, 
                    {
                        "@Name": "DestinationPort", 
                        "#text": "51184"
                    }, 
                    {
                        "@Name": "DestinationPortName"
                    }
                ]
            }
        }, 
        {
            "@xmlns": "http://schemas.microsoft.com/win/2004/08/events/event", 
            "System": {
                "Provider": {
                    "@Name": "Microsoft-Windows-Sysmon", 
                    "@Guid": "{5770385F-C22A-43E0-BF4C-06F5698FFBD9}"
                }, 
                "EventID": "3", 
                "Version": "5", 
                "Level": "4", 
                "Task": "3", 
                "Opcode": "0", 
                "Keywords": "0x8000000000000000", 
                "TimeCreated": {
                    "@SystemTime": "2022-03-20T01:00:16.958500000Z"
                }, 
                "EventRecordID": "9594", 
                "Correlation": null, 
                "Execution": {
                    "@ProcessID": "1252", 
                    "@ThreadID": "1896"
                }, 
                "Channel": "Microsoft-Windows-Sysmon/Operational", 
                "Computer": "VlDRQgxYf", 
                "Security": {
                    "@UserID": "S-1-5-18"
                }
            }, 
            "EventData": {
                "Data": [
                    {
                        "@Name": "RuleName"
                    }, 
                    {
                        "@Name": "UtcTime", 
                        "#text": "2020-06-16 02:20:10.004"
                    }, 
                    {
                        "@Name": "ProcessGuid", 
                        "#text": "{7EA2F8B5-28EE-5EE8-0000-0010FBE50000}"
                    }, 
                    {
                        "@Name": "ProcessId", 
                        "#text": "404"
                    }, 
                    {
                        "@Name": "Image", 
                        "#text": "C:\\Windows\\System32\\svchost.exe"
                    }, 
                    {
                        "@Name": "User", 
                        "#text": "NT AUTHORITY\\NETWORK SERVICE"
                    }, 
                    {
                        "@Name": "Protocol", 
                        "#text": "udp"
                    }, 
                    {
                        "@Name": "Initiated", 
                        "#text": "false"
                    }, 
                    {
                        "@Name": "SourceIsIpv6", 
                        "#text": "true"
                    }, 
                    {
                        "@Name": "SourceIp", 
                        "#text": "ff02:0:0:0:0:0:1:3"
                    }, 
                    {
                        "@Name": "SourceHostname"
                    }, 
                    {
                        "@Name": "SourcePort", 
                        "#text": "5355"
                    }, 
                    {
                        "@Name": "SourcePortName", 
                        "#text": "llmnr"
                    }, 
                    {
                        "@Name": "DestinationIsIpv6", 
                        "#text": "true"
                    }, 
                    {
                        "@Name": "DestinationIp", 
                        "#text": "fe80:0:0:0:44b:4009:faa8:193d"
                    }, 
                    {
                        "@Name": "DestinationHostname", 
                        "#text": "VlDRQgxYf"
                    }, 
                    {
                        "@Name": "DestinationPort", 
                        "#text": "51211"
                    }, 
                    {
                        "@Name": "DestinationPortName"
                    }
                ]
            }
        }, 
        {
            "@xmlns": "http://schemas.microsoft.com/win/2004/08/events/event", 
            "System": {
                "Provider": {
                    "@Name": "Microsoft-Windows-Sysmon", 
                    "@Guid": "{5770385F-C22A-43E0-BF4C-06F5698FFBD9}"
                }, 
                "EventID": "3", 
                "Version": "5", 
                "Level": "4", 
                "Task": "3", 
                "Opcode": "0", 
                "Keywords": "0x8000000000000000", 
                "TimeCreated": {
                    "@SystemTime": "2022-03-20T01:00:16.958500000Z"
                }, 
                "EventRecordID": "9593", 
                "Correlation": null, 
                "Execution": {
                    "@ProcessID": "1252", 
                    "@ThreadID": "1896"
                }, 
                "Channel": "Microsoft-Windows-Sysmon/Operational", 
                "Computer": "VlDRQgxYf", 
                "Security": {
                    "@UserID": "S-1-5-18"
                }
            }, 
            "EventData": {
                "Data": [
                    {
                        "@Name": "RuleName"
                    }, 
                    {
                        "@Name": "UtcTime", 
                        "#text": "2020-06-16 02:20:09.996"
                    }, 
                    {
                        "@Name": "ProcessGuid", 
                        "#text": "{7EA2F8B5-28E7-5EE8-0000-0010EB030000}"
                    }, 
                    {
                        "@Name": "ProcessId", 
                        "#text": "4"
                    }, 
                    {
                        "@Name": "Image", 
                        "#text": "System"
                    }, 
                    {
                        "@Name": "User", 
                        "#text": "NT AUTHORITY\\SYSTEM"
                    }, 
                    {
                        "@Name": "Protocol", 
                        "#text": "udp"
                    }, 
                    {
                        "@Name": "Initiated", 
                        "#text": "false"
                    }, 
                    {
                        "@Name": "SourceIsIpv6", 
                        "#text": "false"
                    }, 
                    {
                        "@Name": "SourceIp", 
                        "#text": "192.168.168.255"
                    }, 
                    {
                        "@Name": "SourceHostname"
                    }, 
                    {
                        "@Name": "SourcePort", 
                        "#text": "137"
                    }, 
                    {
                        "@Name": "SourcePortName", 
                        "#text": "netbios-ns"
                    }, 
                    {
                        "@Name": "DestinationIsIpv6", 
                        "#text": "false"
                    }, 
                    {
                        "@Name": "DestinationIp", 
                        "#text": "192.168.168.207"
                    }, 
                    {
                        "@Name": "DestinationHostname", 
                        "#text": "VpamMtQmAzs"
                    }, 
                    {
                        "@Name": "DestinationPort", 
                        "#text": "137"
                    }, 
                    {
                        "@Name": "DestinationPortName", 
                        "#text": "netbios-ns"
                    }
                ]
            }
        }, 
        {
            "@xmlns": "http://schemas.microsoft.com/win/2004/08/events/event", 
            "System": {
                "Provider": {
                    "@Name": "Microsoft-Windows-Sysmon", 
                    "@Guid": "{5770385F-C22A-43E0-BF4C-06F5698FFBD9}"
                }, 
                "EventID": "3", 
                "Version": "5", 
                "Level": "4", 
                "Task": "3", 
                "Opcode": "0", 
                "Keywords": "0x8000000000000000", 
                "TimeCreated": {
                    "@SystemTime": "2022-03-20T01:00:16.958500000Z"
                }, 
                "EventRecordID": "9592", 
                "Correlation": null, 
                "Execution": {
                    "@ProcessID": "1252", 
                    "@ThreadID": "1896"
                }, 
                "Channel": "Microsoft-Windows-Sysmon/Operational", 
                "Computer": "VlDRQgxYf", 
                "Security": {
                    "@UserID": "S-1-5-18"
                }
            }, 
            "EventData": {
                "Data": [
                    {
                        "@Name": "RuleName"
                    }, 
                    {
                        "@Name": "UtcTime", 
                        "#text": "2020-06-16 02:20:09.976"
                    }, 
                    {
                        "@Name": "ProcessGuid", 
                        "#text": "{7EA2F8B5-28E7-5EE8-0000-0010EB030000}"
                    }, 
                    {
                        "@Name": "ProcessId", 
                        "#text": "4"
                    }, 
                    {
                        "@Name": "Image", 
                        "#text": "System"
                    }, 
                    {
                        "@Name": "User", 
                        "#text": "NT AUTHORITY\\SYSTEM"
                    }, 
                    {
                        "@Name": "Protocol", 
                        "#text": "udp"
                    }, 
                    {
                        "@Name": "Initiated", 
                        "#text": "false"
                    }, 
                    {
                        "@Name": "SourceIsIpv6", 
                        "#text": "false"
                    }, 
                    {
                        "@Name": "SourceIp", 
                        "#text": "192.168.168.255"
                    }, 
                    {
                        "@Name": "SourceHostname"
                    }, 
                    {
                        "@Name": "SourcePort", 
                        "#text": "138"
                    }, 
                    {
                        "@Name": "SourcePortName", 
                        "#text": "netbios-dgm"
                    }, 
                    {
                        "@Name": "DestinationIsIpv6", 
                        "#text": "false"
                    }, 
                    {
                        "@Name": "DestinationIp", 
                        "#text": "192.168.168.204"
                    }, 
                    {
                        "@Name": "DestinationHostname", 
                        "#text": "bjxygUpHwS"
                    }, 
                    {
                        "@Name": "DestinationPort", 
                        "#text": "138"
                    }, 
                    {
                        "@Name": "DestinationPortName", 
                        "#text": "netbios-dgm"
                    }
                ]
            }
        }, 
        {
            "@xmlns": "http://schemas.microsoft.com/win/2004/08/events/event", 
            "System": {
                "Provider": {
                    "@Name": "Microsoft-Windows-Sysmon", 
                    "@Guid": "{5770385F-C22A-43E0-BF4C-06F5698FFBD9}"
                }, 
                "EventID": "3", 
                "Version": "5", 
                "Level": "4", 
                "Task": "3", 
                "Opcode": "0", 
                "Keywords": "0x8000000000000000", 
                "TimeCreated": {
                    "@SystemTime": "2022-03-20T01:00:16.958500000Z"
                }, 
                "EventRecordID": "9591", 
                "Correlation": null, 
                "Execution": {
                    "@ProcessID": "1252", 
                    "@ThreadID": "1896"
                }, 
                "Channel": "Microsoft-Windows-Sysmon/Operational", 
                "Computer": "VlDRQgxYf", 
                "Security": {
                    "@UserID": "S-1-5-18"
                }
            }, 
            "EventData": {
                "Data": [
                    {
                        "@Name": "RuleName"
                    }, 
                    {
                        "@Name": "UtcTime", 
                        "#text": "2020-06-16 02:20:09.953"
                    }, 
                    {
                        "@Name": "ProcessGuid", 
                        "#text": "{7EA2F8B5-28E7-5EE8-0000-0010EB030000}"
                    }, 
                    {
                        "@Name": "ProcessId", 
                        "#text": "4"
                    }, 
                    {
                        "@Name": "Image", 
                        "#text": "System"
                    }, 
                    {
                        "@Name": "User", 
                        "#text": "NT AUTHORITY\\SYSTEM"
                    }, 
                    {
                        "@Name": "Protocol", 
                        "#text": "udp"
                    }, 
                    {
                        "@Name": "Initiated", 
                        "#text": "false"
                    }, 
                    {
                        "@Name": "SourceIsIpv6", 
                        "#text": "false"
                    }, 
                    {
                        "@Name": "SourceIp", 
                        "#text": "192.168.168.255"
                    }, 
                    {
                        "@Name": "SourceHostname"
                    }, 
                    {
                        "@Name": "SourcePort", 
                        "#text": "138"
                    }, 
                    {
                        "@Name": "SourcePortName", 
                        "#text": "netbios-dgm"
                    }, 
                    {
                        "@Name": "DestinationIsIpv6", 
                        "#text": "false"
                    }, 
                    {
                        "@Name": "DestinationIp", 
                        "#text": "192.168.168.228"
                    }, 
                    {
                        "@Name": "DestinationHostname", 
                        "#text": "mWjmzDkfPG"
                    }, 
                    {
                        "@Name": "DestinationPort", 
                        "#text": "138"
                    }, 
                    {
                        "@Name": "DestinationPortName", 
                        "#text": "netbios-dgm"
                    }
                ]
            }
        }, 
        {
            "@xmlns": "http://schemas.microsoft.com/win/2004/08/events/event", 
            "System": {
                "Provider": {
                    "@Name": "Microsoft-Windows-Sysmon", 
                    "@Guid": "{5770385F-C22A-43E0-BF4C-06F5698FFBD9}"
                }, 
                "EventID": "3", 
                "Version": "5", 
                "Level": "4", 
                "Task": "3", 
                "Opcode": "0", 
                "Keywords": "0x8000000000000000", 
                "TimeCreated": {
                    "@SystemTime": "2022-03-20T01:00:16.958500000Z"
                }, 
                "EventRecordID": "9590", 
                "Correlation": null, 
                "Execution": {
                    "@ProcessID": "1252", 
                    "@ThreadID": "1896"
                }, 
                "Channel": "Microsoft-Windows-Sysmon/Operational", 
                "Computer": "VlDRQgxYf", 
                "Security": {
                    "@UserID": "S-1-5-18"
                }
            }, 
            "EventData": {
                "Data": [
                    {
                        "@Name": "RuleName"
                    }, 
                    {
                        "@Name": "UtcTime", 
                        "#text": "2020-06-16 02:20:09.822"
                    }, 
                    {
                        "@Name": "ProcessGuid", 
                        "#text": "{7EA2F8B5-28EE-5EE8-0000-0010FBE50000}"
                    }, 
                    {
                        "@Name": "ProcessId", 
                        "#text": "404"
                    }, 
                    {
                        "@Name": "Image", 
                        "#text": "C:\\Windows\\System32\\svchost.exe"
                    }, 
                    {
                        "@Name": "User", 
                        "#text": "NT AUTHORITY\\NETWORK SERVICE"
                    }, 
                    {
                        "@Name": "Protocol", 
                        "#text": "udp"
                    }, 
                    {
                        "@Name": "Initiated", 
                        "#text": "false"
                    }, 
                    {
                        "@Name": "SourceIsIpv6", 
                        "#text": "false"
                    }, 
                    {
                        "@Name": "SourceIp", 
                        "#text": "224.0.0.252"
                    }, 
                    {
                        "@Name": "SourceHostname"
                    }, 
                    {
                        "@Name": "SourcePort", 
                        "#text": "5355"
                    }, 
                    {
                        "@Name": "SourcePortName", 
                        "#text": "llmnr"
                    }, 
                    {
                        "@Name": "DestinationIsIpv6", 
                        "#text": "false"
                    }, 
                    {
                        "@Name": "DestinationIp", 
                        "#text": "192.168.168.210"
                    }, 
                    {
                        "@Name": "DestinationHostname", 
                        "#text": "ILaDiGZTnWiEh"
                    }, 
                    {
                        "@Name": "DestinationPort", 
                        "#text": "49188"
                    }, 
                    {
                        "@Name": "DestinationPortName"
                    }
                ]
            }
        }, 
        {
            "@xmlns": "http://schemas.microsoft.com/win/2004/08/events/event", 
            "System": {
                "Provider": {
                    "@Name": "Microsoft-Windows-Sysmon", 
                    "@Guid": "{5770385F-C22A-43E0-BF4C-06F5698FFBD9}"
                }, 
                "EventID": "3", 
                "Version": "5", 
                "Level": "4", 
                "Task": "3", 
                "Opcode": "0", 
                "Keywords": "0x8000000000000000", 
                "TimeCreated": {
                    "@SystemTime": "2022-03-20T01:00:16.958500000Z"
                }, 
                "EventRecordID": "9589", 
                "Correlation": null, 
                "Execution": {
                    "@ProcessID": "1252", 
                    "@ThreadID": "1896"
                }, 
                "Channel": "Microsoft-Windows-Sysmon/Operational", 
                "Computer": "VlDRQgxYf", 
                "Security": {
                    "@UserID": "S-1-5-18"
                }
            }, 
            "EventData": {
                "Data": [
                    {
                        "@Name": "RuleName"
                    }, 
                    {
                        "@Name": "UtcTime", 
                        "#text": "2020-06-16 02:20:09.822"
                    }, 
                    {
                        "@Name": "ProcessGuid", 
                        "#text": "{7EA2F8B5-28EE-5EE8-0000-0010FBE50000}"
                    }, 
                    {
                        "@Name": "ProcessId", 
                        "#text": "404"
                    }, 
                    {
                        "@Name": "Image", 
                        "#text": "C:\\Windows\\System32\\svchost.exe"
                    }, 
                    {
                        "@Name": "User", 
                        "#text": "NT AUTHORITY\\NETWORK SERVICE"
                    }, 
                    {
                        "@Name": "Protocol", 
                        "#text": "udp"
                    }, 
                    {
                        "@Name": "Initiated", 
                        "#text": "false"
                    }, 
                    {
                        "@Name": "SourceIsIpv6", 
                        "#text": "true"
                    }, 
                    {
                        "@Name": "SourceIp", 
                        "#text": "ff02:0:0:0:0:0:1:3"
                    }, 
                    {
                        "@Name": "SourceHostname"
                    }, 
                    {
                        "@Name": "SourcePort", 
                        "#text": "5355"
                    }, 
                    {
                        "@Name": "SourcePortName", 
                        "#text": "llmnr"
                    }, 
                    {
                        "@Name": "DestinationIsIpv6", 
                        "#text": "true"
                    }, 
                    {
                        "@Name": "DestinationIp", 
                        "#text": "fe80:0:0:0:1824:20ba:98b7:e4bc"
                    }, 
                    {
                        "@Name": "DestinationHostname", 
                        "#text": "ILaDiGZTnWiEh"
                    }, 
                    {
                        "@Name": "DestinationPort", 
                        "#text": "61829"
                    }, 
                    {
                        "@Name": "DestinationPortName"
                    }
                ]
            }
        }, 
        {
            "@xmlns": "http://schemas.microsoft.com/win/2004/08/events/event", 
            "System": {
                "Provider": {
                    "@Name": "Microsoft-Windows-Sysmon", 
                    "@Guid": "{5770385F-C22A-43E0-BF4C-06F5698FFBD9}"
                }, 
                "EventID": "3", 
                "Version": "5", 
                "Level": "4", 
                "Task": "3", 
                "Opcode": "0", 
                "Keywords": "0x8000000000000000", 
                "TimeCreated": {
                    "@SystemTime": "2022-03-20T01:00:16.958500000Z"
                }, 
                "EventRecordID": "9588", 
                "Correlation": null, 
                "Execution": {
                    "@ProcessID": "1252", 
                    "@ThreadID": "1896"
                }, 
                "Channel": "Microsoft-Windows-Sysmon/Operational", 
                "Computer": "VlDRQgxYf", 
                "Security": {
                    "@UserID": "S-1-5-18"
                }
            }, 
            "EventData": {
                "Data": [
                    {
                        "@Name": "RuleName"
                    }, 
                    {
                        "@Name": "UtcTime", 
                        "#text": "2020-06-16 02:20:09.582"
                    }, 
                    {
                        "@Name": "ProcessGuid", 
                        "#text": "{7EA2F8B5-28EE-5EE8-0000-0010FBE50000}"
                    }, 
                    {
                        "@Name": "ProcessId", 
                        "#text": "404"
                    }, 
                    {
                        "@Name": "Image", 
                        "#text": "C:\\Windows\\System32\\svchost.exe"
                    }, 
                    {
                        "@Name": "User", 
                        "#text": "NT AUTHORITY\\NETWORK SERVICE"
                    }, 
                    {
                        "@Name": "Protocol", 
                        "#text": "udp"
                    }, 
                    {
                        "@Name": "Initiated", 
                        "#text": "false"
                    }, 
                    {
                        "@Name": "SourceIsIpv6", 
                        "#text": "false"
                    }, 
                    {
                        "@Name": "SourceIp", 
                        "#text": "224.0.0.252"
                    }, 
                    {
                        "@Name": "SourceHostname"
                    }, 
                    {
                        "@Name": "SourcePort", 
                        "#text": "5355"
                    }, 
                    {
                        "@Name": "SourcePortName", 
                        "#text": "llmnr"
                    }, 
                    {
                        "@Name": "DestinationIsIpv6", 
                        "#text": "false"
                    }, 
                    {
                        "@Name": "DestinationIp", 
                        "#text": "192.168.168.211"
                    }, 
                    {
                        "@Name": "DestinationHostname", 
                        "#text": "jmwNbVnAkwkMk"
                    }, 
                    {
                        "@Name": "DestinationPort", 
                        "#text": "63369"
                    }, 
                    {
                        "@Name": "DestinationPortName"
                    }
                ]
            }
        }, 
