        {
            "@xmlns": "http://schemas.microsoft.com/win/2004/08/events/event", 
            "System": {
                "Provider": {
                    "@Name": "Microsoft-Windows-Sysmon", 
                    "@Guid": "{5770385F-C22A-43E0-BF4C-06F5698FFBD9}"
                }, 
                "EventID": "3", 
                "Version": "5", 
                "Level": "4", 
                "Task": "3", 
                "Opcode": "0", 
                "Keywords": "0x8000000000000000", 
                "TimeCreated": {
                    "@SystemTime": "2022-03-20T00:06:02.943125000Z"
                }, 
                "EventRecordID": "9989", 
                "Correlation": null, 
                "Execution": {
                    "@ProcessID": "1220", 
                    "@ThreadID": "1872"
                }, 
                "Channel": "Microsoft-Windows-Sysmon/Operational", 
                "Computer": "ILaDiGZTnWiEh", 
                "Security": {
                    "@UserID": "S-1-5-18"
                }
            }, 
            "EventData": {
                "Data": [
                    {
                        "@Name": "RuleName"
                    }, 
                    {
                        "@Name": "UtcTime", 
                        "#text": "2020-06-16 07:16:10.897"
                    }, 
                    {
                        "@Name": "ProcessGuid", 
                        "#text": "{7EA2F8B5-6F69-5EE8-0000-001004E40000}"
                    }, 
                    {
                        "@Name": "ProcessId", 
                        "#text": "352"
                    }, 
                    {
                        "@Name": "Image", 
                        "#text": "C:\\Windows\\System32\\svchost.exe"
                    }, 
                    {
                        "@Name": "User", 
                        "#text": "NT AUTHORITY\\NETWORK SERVICE"
                    }, 
                    {
                        "@Name": "Protocol", 
                        "#text": "udp"
                    }, 
                    {
                        "@Name": "Initiated", 
                        "#text": "false"
                    }, 
                    {
                        "@Name": "SourceIsIpv6", 
                        "#text": "true"
                    }, 
                    {
                        "@Name": "SourceIp", 
                        "#text": "ff02:0:0:0:0:0:1:3"
                    }, 
                    {
                        "@Name": "SourceHostname"
                    }, 
                    {
                        "@Name": "SourcePort", 
                        "#text": "5355"
                    }, 
                    {
                        "@Name": "SourcePortName", 
                        "#text": "llmnr"
                    }, 
                    {
                        "@Name": "DestinationIsIpv6", 
                        "#text": "true"
                    }, 
                    {
                        "@Name": "DestinationIp", 
                        "#text": "fe80:0:0:0:44b:4009:faa8:193d"
                    }, 
                    {
                        "@Name": "DestinationHostname", 
                        "#text": "VlDRQgxYf"
                    }, 
                    {
                        "@Name": "DestinationPort", 
                        "#text": "59499"
                    }, 
                    {
                        "@Name": "DestinationPortName"
                    }
                ]
            }
        }, 
        {
            "@xmlns": "http://schemas.microsoft.com/win/2004/08/events/event", 
            "System": {
                "Provider": {
                    "@Name": "Microsoft-Windows-Sysmon", 
                    "@Guid": "{5770385F-C22A-43E0-BF4C-06F5698FFBD9}"
                }, 
                "EventID": "3", 
                "Version": "5", 
                "Level": "4", 
                "Task": "3", 
                "Opcode": "0", 
                "Keywords": "0x8000000000000000", 
                "TimeCreated": {
                    "@SystemTime": "2022-03-20T00:06:02.943125000Z"
                }, 
                "EventRecordID": "9988", 
                "Correlation": null, 
                "Execution": {
                    "@ProcessID": "1220", 
                    "@ThreadID": "1872"
                }, 
                "Channel": "Microsoft-Windows-Sysmon/Operational", 
                "Computer": "ILaDiGZTnWiEh", 
                "Security": {
                    "@UserID": "S-1-5-18"
                }
            }, 
            "EventData": {
                "Data": [
                    {
                        "@Name": "RuleName"
                    }, 
                    {
                        "@Name": "UtcTime", 
                        "#text": "2020-06-16 07:16:10.896"
                    }, 
                    {
                        "@Name": "ProcessGuid", 
                        "#text": "{7EA2F8B5-6F69-5EE8-0000-001004E40000}"
                    }, 
                    {
                        "@Name": "ProcessId", 
                        "#text": "352"
                    }, 
                    {
                        "@Name": "Image", 
                        "#text": "C:\\Windows\\System32\\svchost.exe"
                    }, 
                    {
                        "@Name": "User", 
                        "#text": "NT AUTHORITY\\NETWORK SERVICE"
                    }, 
                    {
                        "@Name": "Protocol", 
                        "#text": "udp"
                    }, 
                    {
                        "@Name": "Initiated", 
                        "#text": "false"
                    }, 
                    {
                        "@Name": "SourceIsIpv6", 
                        "#text": "false"
                    }, 
                    {
                        "@Name": "SourceIp", 
                        "#text": "224.0.0.252"
                    }, 
                    {
                        "@Name": "SourceHostname"
                    }, 
                    {
                        "@Name": "SourcePort", 
                        "#text": "5355"
                    }, 
                    {
                        "@Name": "SourcePortName", 
                        "#text": "llmnr"
                    }, 
                    {
                        "@Name": "DestinationIsIpv6", 
                        "#text": "false"
                    }, 
                    {
                        "@Name": "DestinationIp", 
                        "#text": "192.168.168.212"
                    }, 
                    {
                        "@Name": "DestinationHostname", 
                        "#text": "VlDRQgxYf"
                    }, 
                    {
                        "@Name": "DestinationPort", 
                        "#text": "57347"
                    }, 
                    {
                        "@Name": "DestinationPortName"
                    }
                ]
            }
        }, 
        {
            "@xmlns": "http://schemas.microsoft.com/win/2004/08/events/event", 
            "System": {
                "Provider": {
                    "@Name": "Microsoft-Windows-Sysmon", 
                    "@Guid": "{5770385F-C22A-43E0-BF4C-06F5698FFBD9}"
                }, 
                "EventID": "3", 
                "Version": "5", 
                "Level": "4", 
                "Task": "3", 
                "Opcode": "0", 
                "Keywords": "0x8000000000000000", 
                "TimeCreated": {
                    "@SystemTime": "2022-03-20T00:06:02.943125000Z"
                }, 
                "EventRecordID": "9987", 
                "Correlation": null, 
                "Execution": {
                    "@ProcessID": "1220", 
                    "@ThreadID": "1872"
                }, 
                "Channel": "Microsoft-Windows-Sysmon/Operational", 
                "Computer": "ILaDiGZTnWiEh", 
                "Security": {
                    "@UserID": "S-1-5-18"
                }
            }, 
            "EventData": {
                "Data": [
                    {
                        "@Name": "RuleName"
                    }, 
                    {
                        "@Name": "UtcTime", 
                        "#text": "2020-06-16 07:16:10.896"
                    }, 
                    {
                        "@Name": "ProcessGuid", 
                        "#text": "{7EA2F8B5-6F69-5EE8-0000-001004E40000}"
                    }, 
                    {
                        "@Name": "ProcessId", 
                        "#text": "352"
                    }, 
                    {
                        "@Name": "Image", 
                        "#text": "C:\\Windows\\System32\\svchost.exe"
                    }, 
                    {
                        "@Name": "User", 
                        "#text": "NT AUTHORITY\\NETWORK SERVICE"
                    }, 
                    {
                        "@Name": "Protocol", 
                        "#text": "udp"
                    }, 
                    {
                        "@Name": "Initiated", 
                        "#text": "false"
                    }, 
                    {
                        "@Name": "SourceIsIpv6", 
                        "#text": "true"
                    }, 
                    {
                        "@Name": "SourceIp", 
                        "#text": "ff02:0:0:0:0:0:1:3"
                    }, 
                    {
                        "@Name": "SourceHostname"
                    }, 
                    {
                        "@Name": "SourcePort", 
                        "#text": "5355"
                    }, 
                    {
                        "@Name": "SourcePortName", 
                        "#text": "llmnr"
                    }, 
                    {
                        "@Name": "DestinationIsIpv6", 
                        "#text": "true"
                    }, 
                    {
                        "@Name": "DestinationIp", 
                        "#text": "fe80:0:0:0:44b:4009:faa8:193d"
                    }, 
                    {
                        "@Name": "DestinationHostname", 
                        "#text": "VlDRQgxYf"
                    }, 
                    {
                        "@Name": "DestinationPort", 
                        "#text": "56428"
                    }, 
                    {
                        "@Name": "DestinationPortName"
                    }
                ]
            }
        }, 
        {
            "@xmlns": "http://schemas.microsoft.com/win/2004/08/events/event", 
            "System": {
                "Provider": {
                    "@Name": "Microsoft-Windows-Sysmon", 
                    "@Guid": "{5770385F-C22A-43E0-BF4C-06F5698FFBD9}"
                }, 
                "EventID": "3", 
                "Version": "5", 
                "Level": "4", 
                "Task": "3", 
                "Opcode": "0", 
                "Keywords": "0x8000000000000000", 
                "TimeCreated": {
                    "@SystemTime": "2022-03-20T00:06:02.943125000Z"
                }, 
                "EventRecordID": "9986", 
                "Correlation": null, 
                "Execution": {
                    "@ProcessID": "1220", 
                    "@ThreadID": "1872"
                }, 
                "Channel": "Microsoft-Windows-Sysmon/Operational", 
                "Computer": "ILaDiGZTnWiEh", 
                "Security": {
                    "@UserID": "S-1-5-18"
                }
            }, 
            "EventData": {
                "Data": [
                    {
                        "@Name": "RuleName"
                    }, 
                    {
                        "@Name": "UtcTime", 
                        "#text": "2020-06-16 07:16:10.895"
                    }, 
                    {
                        "@Name": "ProcessGuid", 
                        "#text": "{7EA2F8B5-6F69-5EE8-0000-001004E40000}"
                    }, 
                    {
                        "@Name": "ProcessId", 
                        "#text": "352"
                    }, 
                    {
                        "@Name": "Image", 
                        "#text": "C:\\Windows\\System32\\svchost.exe"
                    }, 
                    {
                        "@Name": "User", 
                        "#text": "NT AUTHORITY\\NETWORK SERVICE"
                    }, 
                    {
                        "@Name": "Protocol", 
                        "#text": "udp"
                    }, 
                    {
                        "@Name": "Initiated", 
                        "#text": "false"
                    }, 
                    {
                        "@Name": "SourceIsIpv6", 
                        "#text": "false"
                    }, 
                    {
                        "@Name": "SourceIp", 
                        "#text": "224.0.0.252"
                    }, 
                    {
                        "@Name": "SourceHostname"
                    }, 
                    {
                        "@Name": "SourcePort", 
                        "#text": "5355"
                    }, 
                    {
                        "@Name": "SourcePortName", 
                        "#text": "llmnr"
                    }, 
                    {
                        "@Name": "DestinationIsIpv6", 
                        "#text": "false"
                    }, 
                    {
                        "@Name": "DestinationIp", 
                        "#text": "192.168.168.212"
                    }, 
                    {
                        "@Name": "DestinationHostname", 
                        "#text": "VlDRQgxYf"
                    }, 
                    {
                        "@Name": "DestinationPort", 
                        "#text": "61373"
                    }, 
                    {
                        "@Name": "DestinationPortName"
                    }
                ]
            }
        }, 
        {
            "@xmlns": "http://schemas.microsoft.com/win/2004/08/events/event", 
            "System": {
                "Provider": {
                    "@Name": "Microsoft-Windows-Sysmon", 
                    "@Guid": "{5770385F-C22A-43E0-BF4C-06F5698FFBD9}"
                }, 
                "EventID": "3", 
                "Version": "5", 
                "Level": "4", 
                "Task": "3", 
                "Opcode": "0", 
                "Keywords": "0x8000000000000000", 
                "TimeCreated": {
                    "@SystemTime": "2022-03-20T00:06:02.943125000Z"
                }, 
                "EventRecordID": "9985", 
                "Correlation": null, 
                "Execution": {
                    "@ProcessID": "1220", 
                    "@ThreadID": "1872"
                }, 
                "Channel": "Microsoft-Windows-Sysmon/Operational", 
                "Computer": "ILaDiGZTnWiEh", 
                "Security": {
                    "@UserID": "S-1-5-18"
                }
            }, 
            "EventData": {
                "Data": [
                    {
                        "@Name": "RuleName"
                    }, 
                    {
                        "@Name": "UtcTime", 
                        "#text": "2020-06-16 07:16:10.894"
                    }, 
                    {
                        "@Name": "ProcessGuid", 
                        "#text": "{7EA2F8B5-6F69-5EE8-0000-001004E40000}"
                    }, 
                    {
                        "@Name": "ProcessId", 
                        "#text": "352"
                    }, 
                    {
                        "@Name": "Image", 
                        "#text": "C:\\Windows\\System32\\svchost.exe"
                    }, 
                    {
                        "@Name": "User", 
                        "#text": "NT AUTHORITY\\NETWORK SERVICE"
                    }, 
                    {
                        "@Name": "Protocol", 
                        "#text": "udp"
                    }, 
                    {
                        "@Name": "Initiated", 
                        "#text": "false"
                    }, 
                    {
                        "@Name": "SourceIsIpv6", 
                        "#text": "true"
                    }, 
                    {
                        "@Name": "SourceIp", 
                        "#text": "ff02:0:0:0:0:0:1:3"
                    }, 
                    {
                        "@Name": "SourceHostname"
                    }, 
                    {
                        "@Name": "SourcePort", 
                        "#text": "5355"
                    }, 
                    {
                        "@Name": "SourcePortName", 
                        "#text": "llmnr"
                    }, 
                    {
                        "@Name": "DestinationIsIpv6", 
                        "#text": "true"
                    }, 
                    {
                        "@Name": "DestinationIp", 
                        "#text": "fe80:0:0:0:44b:4009:faa8:193d"
                    }, 
                    {
                        "@Name": "DestinationHostname", 
                        "#text": "VlDRQgxYf"
                    }, 
                    {
                        "@Name": "DestinationPort", 
                        "#text": "53885"
                    }, 
                    {
                        "@Name": "DestinationPortName"
                    }
                ]
            }
        }, 
        {
            "@xmlns": "http://schemas.microsoft.com/win/2004/08/events/event", 
            "System": {
                "Provider": {
                    "@Name": "Microsoft-Windows-Sysmon", 
                    "@Guid": "{5770385F-C22A-43E0-BF4C-06F5698FFBD9}"
                }, 
                "EventID": "3", 
                "Version": "5", 
                "Level": "4", 
                "Task": "3", 
                "Opcode": "0", 
                "Keywords": "0x8000000000000000", 
                "TimeCreated": {
                    "@SystemTime": "2022-03-20T00:06:02.943125000Z"
                }, 
                "EventRecordID": "9984", 
                "Correlation": null, 
                "Execution": {
                    "@ProcessID": "1220", 
                    "@ThreadID": "1872"
                }, 
                "Channel": "Microsoft-Windows-Sysmon/Operational", 
                "Computer": "ILaDiGZTnWiEh", 
                "Security": {
                    "@UserID": "S-1-5-18"
                }
            }, 
            "EventData": {
                "Data": [
                    {
                        "@Name": "RuleName"
                    }, 
                    {
                        "@Name": "UtcTime", 
                        "#text": "2020-06-16 07:16:10.894"
                    }, 
                    {
                        "@Name": "ProcessGuid", 
                        "#text": "{7EA2F8B5-6F69-5EE8-0000-001004E40000}"
                    }, 
                    {
                        "@Name": "ProcessId", 
                        "#text": "352"
                    }, 
                    {
                        "@Name": "Image", 
                        "#text": "C:\\Windows\\System32\\svchost.exe"
                    }, 
                    {
                        "@Name": "User", 
                        "#text": "NT AUTHORITY\\NETWORK SERVICE"
                    }, 
                    {
                        "@Name": "Protocol", 
                        "#text": "udp"
                    }, 
                    {
                        "@Name": "Initiated", 
                        "#text": "false"
                    }, 
                    {
                        "@Name": "SourceIsIpv6", 
                        "#text": "false"
                    }, 
                    {
                        "@Name": "SourceIp", 
                        "#text": "224.0.0.252"
                    }, 
                    {
                        "@Name": "SourceHostname"
                    }, 
                    {
                        "@Name": "SourcePort", 
                        "#text": "5355"
                    }, 
                    {
                        "@Name": "SourcePortName", 
                        "#text": "llmnr"
                    }, 
                    {
                        "@Name": "DestinationIsIpv6", 
                        "#text": "false"
                    }, 
                    {
                        "@Name": "DestinationIp", 
                        "#text": "192.168.168.212"
                    }, 
                    {
                        "@Name": "DestinationHostname", 
                        "#text": "VlDRQgxYf"
                    }, 
                    {
                        "@Name": "DestinationPort", 
                        "#text": "64500"
                    }, 
                    {
                        "@Name": "DestinationPortName"
                    }
                ]
            }
        }, 
        {
            "@xmlns": "http://schemas.microsoft.com/win/2004/08/events/event", 
            "System": {
                "Provider": {
                    "@Name": "Microsoft-Windows-Sysmon", 
                    "@Guid": "{5770385F-C22A-43E0-BF4C-06F5698FFBD9}"
                }, 
                "EventID": "3", 
                "Version": "5", 
                "Level": "4", 
                "Task": "3", 
                "Opcode": "0", 
                "Keywords": "0x8000000000000000", 
                "TimeCreated": {
                    "@SystemTime": "2022-03-20T00:06:02.943125000Z"
                }, 
                "EventRecordID": "9983", 
                "Correlation": null, 
                "Execution": {
                    "@ProcessID": "1220", 
                    "@ThreadID": "1872"
                }, 
                "Channel": "Microsoft-Windows-Sysmon/Operational", 
                "Computer": "ILaDiGZTnWiEh", 
                "Security": {
                    "@UserID": "S-1-5-18"
                }
            }, 
            "EventData": {
                "Data": [
                    {
                        "@Name": "RuleName"
                    }, 
                    {
                        "@Name": "UtcTime", 
                        "#text": "2020-06-16 07:16:10.893"
                    }, 
                    {
                        "@Name": "ProcessGuid", 
                        "#text": "{7EA2F8B5-6F69-5EE8-0000-001004E40000}"
                    }, 
                    {
                        "@Name": "ProcessId", 
                        "#text": "352"
                    }, 
                    {
                        "@Name": "Image", 
                        "#text": "C:\\Windows\\System32\\svchost.exe"
                    }, 
                    {
                        "@Name": "User", 
                        "#text": "NT AUTHORITY\\NETWORK SERVICE"
                    }, 
                    {
                        "@Name": "Protocol", 
                        "#text": "udp"
                    }, 
                    {
                        "@Name": "Initiated", 
                        "#text": "true"
                    }, 
                    {
                        "@Name": "SourceIsIpv6", 
                        "#text": "false"
                    }, 
                    {
                        "@Name": "SourceIp", 
                        "#text": "192.168.168.210"
                    }, 
                    {
                        "@Name": "SourceHostname", 
                        "#text": "ILaDiGZTnWiEh"
                    }, 
                    {
                        "@Name": "SourcePort", 
                        "#text": "5355"
                    }, 
                    {
                        "@Name": "SourcePortName", 
                        "#text": "llmnr"
                    }, 
                    {
                        "@Name": "DestinationIsIpv6", 
                        "#text": "false"
                    }, 
                    {
                        "@Name": "DestinationIp", 
                        "#text": "192.168.168.212"
                    }, 
                    {
                        "@Name": "DestinationHostname", 
                        "#text": "VlDRQgxYf"
                    }, 
                    {
                        "@Name": "DestinationPort", 
                        "#text": "62572"
                    }, 
                    {
                        "@Name": "DestinationPortName"
                    }
                ]
            }
        }, 
        {
            "@xmlns": "http://schemas.microsoft.com/win/2004/08/events/event", 
            "System": {
                "Provider": {
                    "@Name": "Microsoft-Windows-Sysmon", 
                    "@Guid": "{5770385F-C22A-43E0-BF4C-06F5698FFBD9}"
                }, 
                "EventID": "3", 
                "Version": "5", 
                "Level": "4", 
                "Task": "3", 
                "Opcode": "0", 
                "Keywords": "0x8000000000000000", 
                "TimeCreated": {
                    "@SystemTime": "2022-03-20T00:06:02.943125000Z"
                }, 
                "EventRecordID": "9982", 
                "Correlation": null, 
                "Execution": {
                    "@ProcessID": "1220", 
                    "@ThreadID": "1872"
                }, 
                "Channel": "Microsoft-Windows-Sysmon/Operational", 
                "Computer": "ILaDiGZTnWiEh", 
                "Security": {
                    "@UserID": "S-1-5-18"
                }
            }, 
            "EventData": {
                "Data": [
                    {
                        "@Name": "RuleName"
                    }, 
                    {
                        "@Name": "UtcTime", 
                        "#text": "2020-06-16 07:16:10.893"
                    }, 
                    {
                        "@Name": "ProcessGuid", 
                        "#text": "{7EA2F8B5-6F69-5EE8-0000-001004E40000}"
                    }, 
                    {
                        "@Name": "ProcessId", 
                        "#text": "352"
                    }, 
                    {
                        "@Name": "Image", 
                        "#text": "C:\\Windows\\System32\\svchost.exe"
                    }, 
                    {
                        "@Name": "User", 
                        "#text": "NT AUTHORITY\\NETWORK SERVICE"
                    }, 
                    {
                        "@Name": "Protocol", 
                        "#text": "udp"
                    }, 
                    {
                        "@Name": "Initiated", 
                        "#text": "false"
                    }, 
                    {
                        "@Name": "SourceIsIpv6", 
                        "#text": "true"
                    }, 
                    {
                        "@Name": "SourceIp", 
                        "#text": "ff02:0:0:0:0:0:1:3"
                    }, 
                    {
                        "@Name": "SourceHostname"
                    }, 
                    {
                        "@Name": "SourcePort", 
                        "#text": "5355"
                    }, 
                    {
                        "@Name": "SourcePortName", 
                        "#text": "llmnr"
                    }, 
                    {
                        "@Name": "DestinationIsIpv6", 
                        "#text": "true"
                    }, 
                    {
                        "@Name": "DestinationIp", 
                        "#text": "fe80:0:0:0:44b:4009:faa8:193d"
                    }, 
                    {
                        "@Name": "DestinationHostname", 
                        "#text": "VlDRQgxYf"
                    }, 
                    {
                        "@Name": "DestinationPort", 
                        "#text": "60201"
                    }, 
                    {
                        "@Name": "DestinationPortName"
                    }
                ]
            }
        }, 
        {
            "@xmlns": "http://schemas.microsoft.com/win/2004/08/events/event", 
            "System": {
                "Provider": {
                    "@Name": "Microsoft-Windows-Sysmon", 
                    "@Guid": "{5770385F-C22A-43E0-BF4C-06F5698FFBD9}"
                }, 
                "EventID": "3", 
                "Version": "5", 
                "Level": "4", 
                "Task": "3", 
                "Opcode": "0", 
                "Keywords": "0x8000000000000000", 
                "TimeCreated": {
                    "@SystemTime": "2022-03-20T00:06:02.943125000Z"
                }, 
                "EventRecordID": "9981", 
                "Correlation": null, 
                "Execution": {
                    "@ProcessID": "1220", 
                    "@ThreadID": "1872"
                }, 
                "Channel": "Microsoft-Windows-Sysmon/Operational", 
                "Computer": "ILaDiGZTnWiEh", 
                "Security": {
                    "@UserID": "S-1-5-18"
                }
            }, 
            "EventData": {
                "Data": [
                    {
                        "@Name": "RuleName"
                    }, 
                    {
                        "@Name": "UtcTime", 
                        "#text": "2020-06-16 07:16:10.893"
                    }, 
                    {
                        "@Name": "ProcessGuid", 
                        "#text": "{7EA2F8B5-6F69-5EE8-0000-001004E40000}"
                    }, 
                    {
                        "@Name": "ProcessId", 
                        "#text": "352"
                    }, 
                    {
                        "@Name": "Image", 
                        "#text": "C:\\Windows\\System32\\svchost.exe"
                    }, 
                    {
                        "@Name": "User", 
                        "#text": "NT AUTHORITY\\NETWORK SERVICE"
                    }, 
                    {
                        "@Name": "Protocol", 
                        "#text": "udp"
                    }, 
                    {
                        "@Name": "Initiated", 
                        "#text": "false"
                    }, 
                    {
                        "@Name": "SourceIsIpv6", 
                        "#text": "false"
                    }, 
                    {
                        "@Name": "SourceIp", 
                        "#text": "224.0.0.252"
                    }, 
                    {
                        "@Name": "SourceHostname"
                    }, 
                    {
                        "@Name": "SourcePort", 
                        "#text": "5355"
                    }, 
                    {
                        "@Name": "SourcePortName", 
                        "#text": "llmnr"
                    }, 
                    {
                        "@Name": "DestinationIsIpv6", 
                        "#text": "false"
                    }, 
                    {
                        "@Name": "DestinationIp", 
                        "#text": "192.168.168.212"
                    }, 
                    {
                        "@Name": "DestinationHostname", 
                        "#text": "VlDRQgxYf"
                    }, 
                    {
                        "@Name": "DestinationPort", 
                        "#text": "62572"
                    }, 
                    {
                        "@Name": "DestinationPortName"
                    }
                ]
            }
        }, 
        {
            "@xmlns": "http://schemas.microsoft.com/win/2004/08/events/event", 
            "System": {
                "Provider": {
                    "@Name": "Microsoft-Windows-Sysmon", 
                    "@Guid": "{5770385F-C22A-43E0-BF4C-06F5698FFBD9}"
                }, 
                "EventID": "3", 
                "Version": "5", 
                "Level": "4", 
                "Task": "3", 
                "Opcode": "0", 
                "Keywords": "0x8000000000000000", 
                "TimeCreated": {
                    "@SystemTime": "2022-03-20T00:06:02.943125000Z"
                }, 
                "EventRecordID": "9980", 
                "Correlation": null, 
                "Execution": {
                    "@ProcessID": "1220", 
                    "@ThreadID": "1872"
                }, 
                "Channel": "Microsoft-Windows-Sysmon/Operational", 
                "Computer": "ILaDiGZTnWiEh", 
                "Security": {
                    "@UserID": "S-1-5-18"
                }
            }, 
            "EventData": {
                "Data": [
                    {
                        "@Name": "RuleName"
                    }, 
                    {
                        "@Name": "UtcTime", 
                        "#text": "2020-06-16 07:16:10.893"
                    }, 
                    {
                        "@Name": "ProcessGuid", 
                        "#text": "{7EA2F8B5-6F69-5EE8-0000-001004E40000}"
                    }, 
                    {
                        "@Name": "ProcessId", 
                        "#text": "352"
                    }, 
                    {
                        "@Name": "Image", 
                        "#text": "C:\\Windows\\System32\\svchost.exe"
                    }, 
                    {
                        "@Name": "User", 
                        "#text": "NT AUTHORITY\\NETWORK SERVICE"
                    }, 
                    {
                        "@Name": "Protocol", 
                        "#text": "udp"
                    }, 
                    {
                        "@Name": "Initiated", 
                        "#text": "false"
                    }, 
                    {
                        "@Name": "SourceIsIpv6", 
                        "#text": "true"
                    }, 
                    {
                        "@Name": "SourceIp", 
                        "#text": "fe80:0:0:0:44b:4009:faa8:193d"
                    }, 
                    {
                        "@Name": "SourceHostname", 
                        "#text": "VlDRQgxYf"
                    }, 
                    {
                        "@Name": "SourcePort", 
                        "#text": "50447"
                    }, 
                    {
                        "@Name": "SourcePortName"
                    }, 
                    {
                        "@Name": "DestinationIsIpv6", 
                        "#text": "true"
                    }, 
                    {
                        "@Name": "DestinationIp", 
                        "#text": "fe80:0:0:0:1824:20ba:98b7:e4bc"
                    }, 
                    {
                        "@Name": "DestinationHostname", 
                        "#text": "ILaDiGZTnWiEh"
                    }, 
                    {
                        "@Name": "DestinationPort", 
                        "#text": "5355"
                    }, 
                    {
                        "@Name": "DestinationPortName", 
                        "#text": "llmnr"
                    }
                ]
            }
        }, 
        {
            "@xmlns": "http://schemas.microsoft.com/win/2004/08/events/event", 
            "System": {
                "Provider": {
                    "@Name": "Microsoft-Windows-Sysmon", 
                    "@Guid": "{5770385F-C22A-43E0-BF4C-06F5698FFBD9}"
                }, 
                "EventID": "5", 
                "Version": "3", 
                "Level": "4", 
                "Task": "5", 
                "Opcode": "0", 
                "Keywords": "0x8000000000000000", 
                "TimeCreated": {
                    "@SystemTime": "2022-03-20T00:06:02.927500000Z"
                }, 
                "EventRecordID": "9978", 
                "Correlation": null, 
                "Execution": {
                    "@ProcessID": "1220", 
                    "@ThreadID": "1860"
                }, 
                "Channel": "Microsoft-Windows-Sysmon/Operational", 
                "Computer": "ILaDiGZTnWiEh", 
                "Security": {
                    "@UserID": "S-1-5-18"
                }
            }, 
            "EventData": {
                "Data": [
                    {
                        "@Name": "RuleName"
                    }, 
                    {
                        "@Name": "UtcTime", 
                        "#text": "2022-03-19 16:06:07.046"
                    }, 
                    {
                        "@Name": "ProcessGuid", 
                        "#text": "{7EA2F8B5-FF6F-6235-0000-0010DDF10201}"
                    }, 
                    {
                        "@Name": "ProcessId", 
                        "#text": "2804"
                    }, 
                    {
                        "@Name": "Image", 
                        "#text": "C:\\tmp2zg5xi\\bin\\is32bit.exe"
                    }
                ]
            }
        }, 
        {
            "@xmlns": "http://schemas.microsoft.com/win/2004/08/events/event", 
            "System": {
                "Provider": {
                    "@Name": "Microsoft-Windows-Sysmon", 
                    "@Guid": "{5770385F-C22A-43E0-BF4C-06F5698FFBD9}"
                }, 
                "EventID": "1", 
                "Version": "5", 
                "Level": "4", 
                "Task": "1", 
                "Opcode": "0", 
                "Keywords": "0x8000000000000000", 
                "TimeCreated": {
                    "@SystemTime": "2022-03-20T00:06:02.880625000Z"
                }, 
                "EventRecordID": "9976", 
                "Correlation": null, 
                "Execution": {
                    "@ProcessID": "1220", 
                    "@ThreadID": "1860"
                }, 
                "Channel": "Microsoft-Windows-Sysmon/Operational", 
                "Computer": "ILaDiGZTnWiEh", 
                "Security": {
                    "@UserID": "S-1-5-18"
                }
            }, 
            "EventData": {
                "Data": [
                    {
                        "@Name": "RuleName"
                    }, 
                    {
                        "@Name": "UtcTime", 
                        "#text": "2022-03-19 16:06:07.015"
                    }, 
                    {
                        "@Name": "ProcessGuid", 
                        "#text": "{7EA2F8B5-FF6F-6235-0000-001058F10201}"
                    }, 
                    {
                        "@Name": "ProcessId", 
                        "#text": "888"
                    }, 
                    {
                        "@Name": "Image", 
                        "#text": "C:\\Windows\\System32\\conhost.exe"
                    }, 
                    {
                        "@Name": "FileVersion", 
                        "#text": "6.1.7600.16385 (win7_rtm.090713-1255)"
                    }, 
                    {
                        "@Name": "Description", 
                        "#text": "Console Window Host"
                    }, 
                    {
                        "@Name": "Product", 
                        "#text": "Microsoft\u00ae Windows\u00ae Operating System"
                    }, 
                    {
                        "@Name": "Company", 
                        "#text": "Microsoft Corporation"
                    }, 
                    {
                        "@Name": "CommandLine", 
                        "#text": "\\??\\C:\\Windows\\system32\\conhost.exe \"-2055285769-1350091576620564782-942242761-410305717224484661016369054-2006767122\""
                    }, 
                    {
                        "@Name": "CurrentDirectory", 
                        "#text": "C:\\Windows\\system32\\"
                    }, 
                    {
                        "@Name": "User", 
                        "#text": "ILADIGZTNWIEH\\Administrator"
                    }, 
                    {
                        "@Name": "LogonGuid", 
                        "#text": "{7EA2F8B5-6F6A-5EE8-0000-00207D2F0100}"
                    }, 
                    {
                        "@Name": "LogonId", 
                        "#text": "0x12f7d"
                    }, 
                    {
                        "@Name": "TerminalSessionId", 
                        "#text": "1"
                    }, 
                    {
                        "@Name": "IntegrityLevel", 
                        "#text": "High"
                    }, 
                    {
                        "@Name": "Hashes", 
                        "#text": "SHA1=D836FCE5EE3175E5178DADD40E1FEC98A83FBCE9"
                    }, 
                    {
                        "@Name": "ParentProcessGuid", 
                        "#text": "{7EA2F8B5-6F68-5EE8-0000-0010E34F0000}"
                    }, 
                    {
                        "@Name": "ParentProcessId", 
                        "#text": "416"
                    }, 
                    {
                        "@Name": "ParentImage", 
                        "#text": "C:\\Windows\\System32\\csrss.exe"
                    }, 
                    {
                        "@Name": "ParentCommandLine", 
                        "#text": "%SystemRoot%\\system32\\csrss.exe ObjectDirectory=\\Windows SharedSection=1024,20480,768 Windows=On SubSystemType=Windows ServerDll=basesrv,1 ServerDll=winsrv:UserServerDllInitialization,3 ServerDll=winsrv:ConServerDllInitialization,2 ServerDll=sxssrv,4 ProfileControl=Off MaxRequestThreads=16"
                    }
                ]
            }
        }, 
        {
            "@xmlns": "http://schemas.microsoft.com/win/2004/08/events/event", 
            "System": {
                "Provider": {
                    "@Name": "Microsoft-Windows-Sysmon", 
                    "@Guid": "{5770385F-C22A-43E0-BF4C-06F5698FFBD9}"
                }, 
                "EventID": "5", 
                "Version": "3", 
                "Level": "4", 
                "Task": "5", 
                "Opcode": "0", 
                "Keywords": "0x8000000000000000", 
                "TimeCreated": {
                    "@SystemTime": "2022-03-20T00:06:02.880625000Z"
                }, 
                "EventRecordID": "9975", 
                "Correlation": null, 
                "Execution": {
                    "@ProcessID": "1220", 
                    "@ThreadID": "1860"
                }, 
                "Channel": "Microsoft-Windows-Sysmon/Operational", 
                "Computer": "ILaDiGZTnWiEh", 
                "Security": {
                    "@UserID": "S-1-5-18"
                }
            }, 
            "EventData": {
                "Data": [
                    {
                        "@Name": "RuleName"
                    }, 
                    {
                        "@Name": "UtcTime", 
                        "#text": "2022-03-19 16:06:07.015"
                    }, 
                    {
                        "@Name": "ProcessGuid", 
                        "#text": "{7EA2F8B5-FF6F-6235-0000-001092E90201}"
                    }, 
                    {
                        "@Name": "ProcessId", 
                        "#text": "1984"
                    }, 
                    {
                        "@Name": "Image", 
                        "#text": "C:\\tmp2zg5xi\\bin\\inject-x64.exe"
                    }
                ]
            }
        }, 
        {
            "@xmlns": "http://schemas.microsoft.com/win/2004/08/events/event", 
            "System": {
                "Provider": {
                    "@Name": "Microsoft-Windows-Sysmon", 
                    "@Guid": "{5770385F-C22A-43E0-BF4C-06F5698FFBD9}"
                }, 
                "EventID": "1", 
                "Version": "5", 
                "Level": "4", 
                "Task": "1", 
                "Opcode": "0", 
                "Keywords": "0x8000000000000000", 
                "TimeCreated": {
                    "@SystemTime": "2022-03-20T00:06:02.880625000Z"
                }, 
                "EventRecordID": "9974", 
                "Correlation": null, 
                "Execution": {
                    "@ProcessID": "1220", 
                    "@ThreadID": "1860"
                }, 
                "Channel": "Microsoft-Windows-Sysmon/Operational", 
                "Computer": "ILaDiGZTnWiEh", 
                "Security": {
                    "@UserID": "S-1-5-18"
                }
            }, 
            "EventData": {
                "Data": [
                    {
                        "@Name": "RuleName"
                    }, 
                    {
                        "@Name": "UtcTime", 
                        "#text": "2022-03-19 16:06:07.015"
                    }, 
                    {
                        "@Name": "ProcessGuid", 
                        "#text": "{7EA2F8B5-FF6F-6235-0000-001020F00201}"
                    }, 
                    {
                        "@Name": "ProcessId", 
                        "#text": "2872"
                    }, 
                    {
                        "@Name": "Image", 
                        "#text": "C:\\Windows\\System32\\cmd.exe"
                    }, 
                    {
                        "@Name": "FileVersion", 
                        "#text": "6.1.7601.17514 (win7sp1_rtm.101119-1850)"
                    }, 
                    {
                        "@Name": "Description", 
                        "#text": "Windows Command Processor"
                    }, 
                    {
                        "@Name": "Product", 
                        "#text": "Microsoft\u00ae Windows\u00ae Operating System"
                    }, 
                    {
                        "@Name": "Company", 
                        "#text": "Microsoft Corporation"
                    }, 
                    {
                        "@Name": "CommandLine", 
                        "#text": "\"C:\\Windows\\System32\\cmd.exe\" /c start /wait \"rUwZCQZDrQnf\" \"C:\\Users\\ADMINI~1\\AppData\\Local\\Temp\\extension_2_3_2_0 (1).crx\""
                    }, 
                    {
                        "@Name": "CurrentDirectory", 
                        "#text": "C:\\Users\\Administrator\\AppData\\Local\\Temp\\"
                    }, 
                    {
                        "@Name": "User", 
                        "#text": "ILADIGZTNWIEH\\Administrator"
                    }, 
                    {
                        "@Name": "LogonGuid", 
                        "#text": "{7EA2F8B5-6F6A-5EE8-0000-00207D2F0100}"
                    }, 
                    {
                        "@Name": "LogonId", 
                        "#text": "0x12f7d"
                    }, 
                    {
                        "@Name": "TerminalSessionId", 
                        "#text": "1"
                    }, 
                    {
                        "@Name": "IntegrityLevel", 
                        "#text": "High"
                    }, 
                    {
                        "@Name": "Hashes", 
                        "#text": "SHA1=0F3C4FF28F354AEDE202D54E9D1C5529A3BF87D8"
                    }, 
                    {
                        "@Name": "ParentProcessGuid", 
                        "#text": "{00000000-0000-0000-0000-000000000000}"
                    }, 
                    {
                        "@Name": "ParentProcessId", 
                        "#text": "1984"
                    }, 
                    {
                        "@Name": "ParentImage", 
                        "#text": "?"
                    }, 
                    {
                        "@Name": "ParentCommandLine", 
                        "#text": "?"
                    }
                ]
            }
        }, 
