{
    "info": {
        "added": 1647712088.899114, 
        "started": 1647727619.246501, 
        "duration": 698, 
        "ended": 1647728317.84287, 
        "owner": null, 
        "score": 0.1, 
        "id": 2870088, 
        "category": "file", 
        "git": {
            "head": "", 
            "fetch_head": ""
        }, 
        "monitor": null, 
        "package": "", 
        "route": "internet", 
        "custom": null, 
        "machine": {
            "status": "stopped", 
            "name": "win7x6410", 
            "label": "win7x6410", 
            "platform": "windows", 
            "manager": "VirtualBox", 
            "started_on": "2022-03-19 22:07:02", 
            "shutdown_on": "2022-03-19 22:18:37"
        }, 
        "platform": null, 
        "version": "2.0.7", 
        "options": "procmemdump=yes,route=internet"
    }, 
    "extracted": [
        {
            "category": "script", 
            "yara": [], 
            "info": {}, 
            "pid": 1928, 
            "raw": "/srv/cuckoo/cwd/storage/analyses/2870088/extracted/0.bat", 
            "program": "cmd", 
            "first_seen": 1647712089.296875
        }
    ], 
    "signatures": [
        {
            "families": [], 
            "description": "Checks if process is being debugged by a debugger", 
            "severity": 1, 
            "ttp": {}, 
            "markcount": 1, 
            "references": [], 
            "marks": [
                {
                    "call": {
                        "category": "system", 
                        "status": 0, 
                        "stacktrace": [], 
                        "last_error": 0, 
                        "nt_status": -1073741685, 
                        "api": "IsDebuggerPresent", 
                        "return_value": 0, 
                        "arguments": {}, 
                        "time": 1647711667.285021, 
                        "tid": 884, 
                        "flags": {}
                    }, 
                    "pid": 2692, 
                    "type": "call", 
                    "cid": 27
                }
            ], 
            "name": "checks_debugger"
        }
    ], 
    "target": {
        "category": "file", 
        "file": {
            "mimetype": "application/x-chrome-extension", 
            "yara": [], 
            "sha1": "e9ab1b27a8eab400cb647b3b7c9099cfbf9eaa03", 
            "name": "extension_1_4_6_0 (1).crx", 
            "type": "Google Chrome extension, version 3", 
            "sha256": "1ce8ca1047fc6fbf0c1cbc41500acdae40e3b639e583777c8fffe74573d1ce8a", 
            "urls": [], 
            "crc32": "C75220B8", 
            "path": "/srv/cuckoo/cwd/storage/binaries/1ce8ca1047fc6fbf0c1cbc41500acdae40e3b639e583777c8fffe74573d1ce8a", 
            "ssdeep": null, 
            "size": 146263, 
            "sha512": "19f90c77b2eae65bccb9c71941c2c07c27542f42aee00bc5379eb0ab27fc2c6f882c0a51b89191318f32e1651072cd76de6ef7c3b56819acb3a9e76a074088d5", 
            "md5": "cf03e608eb1a4ad3b0e298c880a5b0a2"
        }, 
        "custom": null
    }, 
    "irma": {
        "status": 0, 
        "probes_finished": 16, 
        "scan_id": "3e80036a-1c7a-4456-8b60-a0114f9a449e", 
        "parent_file_sha256": null, 
        "probes_total": 16, 
        "scan_date": 1647721119, 
        "name": "1ce8ca1047fc6fbf0c1cbc41500acdae40e3b639e583777c8fffe74573d1ce8a", 
        "other_results": [], 
        "submitter": "cli", 
        "file_infos": {
            "mimetype": "Google Chrome extension, version 3", 
            "sha1": "e9ab1b27a8eab400cb647b3b7c9099cfbf9eaa03", 
            "tags": [], 
            "timestamp_first_scan": 1647405670.67, 
            "timestamp_last_scan": 1647721128.43, 
            "sha256": "1ce8ca1047fc6fbf0c1cbc41500acdae40e3b639e583777c8fffe74573d1ce8a", 
            "md5": "cf03e608eb1a4ad3b0e298c880a5b0a2", 
            "size": 146263
        }, 
        "probe_results": {
            "antivirus": {
                "Avast Core Security (Linux)": {
                    "status": 0, 
                    "duration": 0.04, 
                    "version": "3.0.3", 
                    "results": null, 
                    "virus_database_version": "unavailable"
                }, 
                "F-Secure Antivirus (Linux)": {
                    "status": 0, 
                    "duration": 0.49, 
                    "version": "11.10", 
                    "results": null, 
                    "virus_database_version": "2022-02-04_03"
                }, 
                "Windows Defender (Windows)": {
                    "status": 0, 
                    "duration": 0.39, 
                    "version": "1.1.18900.3", 
                    "results": null, 
                    "virus_database_version": "1.359.1348.0"
                }, 
                "Comodo Antivirus (Linux)": {
                    "status": 0, 
                    "duration": 2.12, 
                    "version": "1.1.268025.1", 
                    "results": null, 
                    "virus_database_version": "2021-12-31"
                }, 
                "Kaspersky Antivirus (Win)": {
                    "status": 0, 
                    "duration": 4.41, 
                    "version": "21.3", 
                    "results": null, 
                    "virus_database_version": "2022-03-11 01:06:00 (full)"
                }, 
                "ESET NOD32 Antivirus (Linux)": {
                    "status": 0, 
                    "duration": 4.69, 
                    "version": "4.0.96", 
                    "results": null, 
                    "virus_database_version": "61ad92b8-1e6f6 (2022-02-04)"
                }, 
                "GData (Windows)": {
                    "status": 0, 
                    "duration": 0.39, 
                    "version": "5.5.20197.1358", 
                    "results": null, 
                    "virus_database_version": "unavailable"
                }, 
                "Forticlient (Linux)": {
                    "status": 0, 
                    "duration": 3.04, 
                    "version": "unavailable", 
                    "results": null, 
                    "virus_database_version": "unavailable"
                }, 
                "Avira (Windows)": {
                    "status": 0, 
                    "duration": 4.3, 
                    "version": "8.3.64.66", 
                    "results": null, 
                    "virus_database_version": "8.19.1.122"
                }, 
                "eScan Antivirus (Linux)": {
                    "status": 0, 
                    "duration": 4.21, 
                    "version": "7.0.21", 
                    "results": null, 
                    "virus_database_version": "7.91093 (04/02/2022)"
                }, 
                "McAfee CLI scanner (Linux)": {
                    "status": 0, 
                    "duration": 4.57, 
                    "version": "6.0.6.653", 
                    "results": null, 
                    "virus_database_version": "10247"
                }, 
                "Sophos Anti-Virus (Linux)": {
                    "status": 0, 
                    "duration": 6.47, 
                    "version": "5.85.0", 
                    "results": null, 
                    "virus_database_version": "5.90 (01 February 2022)"
                }, 
                "DrWeb Antivirus (Linux)": {
                    "status": 0, 
                    "duration": 0.33, 
                    "version": "11.1.11.2110182032", 
                    "results": null, 
                    "virus_database_version": "unavailable"
                }, 
                "ClamAV (Linux)": {
                    "status": 0, 
                    "duration": 0.05, 
                    "version": "0.103.5", 
                    "results": null, 
                    "virus_database_version": "26474"
                }, 
                "Bitdefender Antivirus (Linux)": {
                    "status": 0, 
                    "duration": 6.27, 
                    "version": "7.90123", 
                    "results": null, 
                    "virus_database_version": null
                }, 
                "Emsisoft Commandline Scanner (Windows)": {
                    "status": 0, 
                    "duration": 0.81, 
                    "version": "2021.10.0.11201", 
                    "results": null, 
                    "virus_database_version": "unavailable"
                }
            }
        }, 
        "path": "", 
        "result_id": "3649af68-3774-42e3-80da-4dfaa249006a", 
        "file_sha256": "1ce8ca1047fc6fbf0c1cbc41500acdae40e3b639e583777c8fffe74573d1ce8a"
    }, 
    "suricata": {
        "tls": [], 
        "files": [], 
        "alerts": [], 
        "http": [
            {
                "status": "200", 
                "timestamp": "2022-03-19T22:12:09.774789+0200", 
                "referer": null, 
                "content_type": "application/vnd.ms-cab-compressed", 
                "src_port": 49235, 
                "url": "/msdownload/update/v3/static/trustedr/en/authrootstl.cab", 
                "hostname": "www.download.windowsupdate.com", 
                "src_ip": "192.168.168.210", 
                "length": 60992, 
                "dst_port": 80, 
                "dst_ip": "8.253.24.238", 
                "method": "GET", 
                "user_agent": "Microsoft-CryptoAPI/6.1"
            }, 
            {
                "status": "304", 
                "timestamp": "2022-03-19T22:12:10.752281+0200", 
                "referer": null, 
                "content_type": null, 
                "src_port": 49235, 
                "url": "/msdownload/update/v3/static/trustedr/en/authrootstl.cab", 
                "hostname": "www.download.windowsupdate.com", 
                "src_ip": "192.168.168.210", 
                "length": 0, 
                "dst_port": 80, 
                "dst_ip": "8.253.24.238", 
                "method": "GET", 
                "user_agent": "Microsoft-CryptoAPI/6.1"
            }, 
            {
                "status": "304", 
                "timestamp": "2022-03-19T22:12:11.501749+0200", 
                "referer": null, 
                "content_type": null, 
                "src_port": 49235, 
                "url": "/msdownload/update/v3/static/trustedr/en/authrootstl.cab", 
                "hostname": "www.download.windowsupdate.com", 
                "src_ip": "192.168.168.210", 
                "length": 0, 
                "dst_port": 80, 
                "dst_ip": "8.253.24.238", 
                "method": "GET", 
                "user_agent": "Microsoft-CryptoAPI/6.1"
            }, 
            {
                "status": "304", 
                "timestamp": "2022-03-19T22:12:16.751980+0200", 
                "referer": null, 
                "content_type": null, 
                "src_port": 49235, 
                "url": "/msdownload/update/v3/static/trustedr/en/authrootstl.cab", 
                "hostname": "www.download.windowsupdate.com", 
                "src_ip": "192.168.168.210", 
                "length": 0, 
                "dst_port": 80, 
                "dst_ip": "8.253.24.238", 
                "method": "GET", 
                "user_agent": "Microsoft-CryptoAPI/6.1"
            }, 
            {
                "status": "304", 
                "timestamp": "2022-03-19T22:12:22.158111+0200", 
                "referer": null, 
                "content_type": null, 
                "src_port": 49235, 
                "url": "/msdownload/update/v3/static/trustedr/en/authrootstl.cab", 
                "hostname": "www.download.windowsupdate.com", 
                "src_ip": "192.168.168.210", 
                "length": 0, 
                "dst_port": 80, 
                "dst_ip": "8.253.24.238", 
                "method": "GET", 
                "user_agent": "Microsoft-CryptoAPI/6.1"
            }, 
            {
                "status": "304", 
                "timestamp": "2022-03-19T22:12:27.345464+0200", 
                "referer": null, 
                "content_type": null, 
                "src_port": 49235, 
                "url": "/msdownload/update/v3/static/trustedr/en/authrootstl.cab", 
                "hostname": "www.download.windowsupdate.com", 
                "src_ip": "192.168.168.210", 
                "length": 0, 
                "dst_port": 80, 
                "dst_ip": "8.253.24.238", 
                "method": "GET", 
                "user_agent": "Microsoft-CryptoAPI/6.1"
            }, 
            {
                "status": "200", 
                "timestamp": "2022-03-19T22:12:32.611820+0200", 
                "referer": null, 
                "content_type": "application/pkix-crl", 
                "src_port": 49242, 
                "url": "/pki/crl/products/microsoftrootcert.crl", 
                "hostname": "crl.microsoft.com", 
                "src_ip": "192.168.168.210", 
                "length": 767, 
                "dst_port": 80, 
                "dst_ip": "83.255.218.17", 
                "method": "GET", 
                "user_agent": "Microsoft-CryptoAPI/6.1"
            }, 
            {
                "status": "200", 
                "timestamp": "2022-03-19T22:12:37.767365+0200", 
                "referer": null, 
                "content_type": "application/octet-stream", 
                "src_port": 49242, 
                "url": "/pki/crl/products/MicrosoftTimeStampPCA.crl", 
                "hostname": "crl.microsoft.com", 
                "src_ip": "192.168.168.210", 
                "length": 519, 
                "dst_port": 80, 
                "dst_ip": "83.255.218.17", 
                "method": "GET", 
                "user_agent": "Microsoft-CryptoAPI/6.1"
            }, 
            {
                "status": "200", 
                "timestamp": "2022-03-19T22:12:45.064455+0200", 
                "referer": null, 
                "content_type": "application/octet-stream", 
                "src_port": 49242, 
                "url": "/pki/crl/products/MicCodSigPCA_08-31-2010.crl", 
                "hostname": "crl.microsoft.com", 
                "src_ip": "192.168.168.210", 
                "length": 564, 
                "dst_port": 80, 
                "dst_ip": "83.255.218.17", 
                "method": "GET", 
                "user_agent": "Microsoft-CryptoAPI/6.1"
            }, 
            {
                "status": "200", 
                "timestamp": "2022-03-19T22:13:04.918177+0200", 
                "referer": null, 
                "content_type": "application/ocsp-response", 
                "src_port": 49243, 
                "url": "/MFEwTzBNMEswSTAJBgUrDgMCGgUABBT3xL4LQLXDRDM9P665TW442vrsUQQUReuir%2FSSy4IxLVGLp6chnfNtyA8CEA%2BoSQYV1wCgviF2%2FcXsbb0%3D", 
                "hostname": "ocsp.digicert.com", 
                "src_ip": "192.168.168.210", 
                "length": 471, 
                "dst_port": 80, 
                "dst_ip": "93.184.220.29", 
                "method": "GET", 
                "user_agent": "Microsoft-CryptoAPI/6.1"
            }, 
            {
                "status": "304", 
                "timestamp": "2022-03-19T22:13:07.923802+0200", 
                "referer": null, 
                "content_type": null, 
                "src_port": 49244, 
                "url": "/MFEwTzBNMEswSTAJBgUrDgMCGgUABBT3xL4LQLXDRDM9P665TW442vrsUQQUReuir%2FSSy4IxLVGLp6chnfNtyA8CEA%2BoSQYV1wCgviF2%2FcXsbb0%3D", 
                "hostname": "ocsp.digicert.com", 
                "src_ip": "192.168.168.210", 
                "length": 0, 
                "dst_port": 80, 
                "dst_ip": "93.184.220.29", 
                "method": "GET", 
                "user_agent": "Microsoft-CryptoAPI/6.1"
            }, 
            {
                "status": "200", 
                "timestamp": "2022-03-19T22:13:10.064472+0200", 
                "referer": null, 
                "content_type": "application/ocsp-response", 
                "src_port": 49243, 
                "url": "/MFEwTzBNMEswSTAJBgUrDgMCGgUABBSYagvY3tfizDNoybzVSPFZmSEm0wQUe2jOKarAF75JeuHlP9an90WPNTICEAUR6vhXniZivmIt5a4M1Ag%3D", 
                "hostname": "ocsp.digicert.com", 
                "src_ip": "192.168.168.210", 
                "length": 471, 
                "dst_port": 80, 
                "dst_ip": "93.184.220.29", 
                "method": "GET", 
                "user_agent": "Microsoft-CryptoAPI/6.1"
            }, 
            {
                "status": "304", 
                "timestamp": "2022-03-19T22:13:13.079913+0200", 
                "referer": null, 
                "content_type": null, 
                "src_port": 49244, 
                "url": "/MFEwTzBNMEswSTAJBgUrDgMCGgUABBSYagvY3tfizDNoybzVSPFZmSEm0wQUe2jOKarAF75JeuHlP9an90WPNTICEAUR6vhXniZivmIt5a4M1Ag%3D", 
                "hostname": "ocsp.digicert.com", 
                "src_ip": "192.168.168.210", 
                "length": 0, 
                "dst_port": 80, 
                "dst_ip": "93.184.220.29", 
                "method": "GET", 
                "user_agent": "Microsoft-CryptoAPI/6.1"
            }, 
            {
                "status": "200", 
                "timestamp": "2022-03-19T22:13:16.389913+0200", 
                "referer": null, 
                "content_type": "application/pkix-crl", 
                "src_port": 49251, 
                "url": "/pca3.crl", 
                "hostname": "crl.verisign.com", 
                "src_ip": "192.168.168.210", 
                "length": 1482, 
                "dst_port": 80, 
                "dst_ip": "93.184.220.29", 
                "method": "GET", 
                "user_agent": "Microsoft-CryptoAPI/6.1"
            }
        ]
    }, 
    "virustotal": {
        "summary": {
            "error": "resource has not been scanned yet"
        }
    }, 
    "sysmon": [
        {
            "@xmlns": "http://schemas.microsoft.com/win/2004/08/events/event", 
            "System": {
                "Provider": {
                    "@Name": "Microsoft-Windows-Sysmon", 
                    "@Guid": "{5770385F-C22A-43E0-BF4C-06F5698FFBD9}"
                }, 
                "EventID": "3", 
                "Version": "5", 
                "Level": "4", 
                "Task": "3", 
                "Opcode": "0", 
                "Keywords": "0x8000000000000000", 
                "TimeCreated": {
                    "@SystemTime": "2022-03-19T20:13:12.839625000Z"
                }, 
                "EventRecordID": "10332", 
                "Correlation": null, 
                "Execution": {
                    "@ProcessID": "1220", 
                    "@ThreadID": "1872"
                }, 
                "Channel": "Microsoft-Windows-Sysmon/Operational", 
                "Computer": "ILaDiGZTnWiEh", 
                "Security": {
                    "@UserID": "S-1-5-18"
                }
            }, 
            "EventData": {
                "Data": [
                    {
                        "@Name": "RuleName"
                    }, 
                    {
                        "@Name": "UtcTime", 
                        "#text": "2020-06-16 07:16:43.428"
                    }, 
                    {
                        "@Name": "ProcessGuid", 
                        "#text": "{7EA2F8B5-6F6C-5EE8-0000-0010C58A0200}"
                    }, 
                    {
                        "@Name": "ProcessId", 
                        "#text": "1988"
                    }, 
                    {
                        "@Name": "Image", 
                        "#text": "C:\\Python27\\pythonw.exe"
                    }, 
                    {
                        "@Name": "User", 
                        "#text": "ILADIGZTNWIEH\\Administrator"
                    }, 
                    {
                        "@Name": "Protocol", 
                        "#text": "tcp"
                    }, 
                    {
                        "@Name": "Initiated", 
                        "#text": "false"
                    }, 
                    {
                        "@Name": "SourceIsIpv6", 
                        "#text": "false"
                    }, 
                    {
                        "@Name": "SourceIp", 
                        "#text": "192.168.168.210"
                    }, 
                    {
                        "@Name": "SourceHostname", 
                        "#text": "ILaDiGZTnWiEh"
                    }, 
                    {
                        "@Name": "SourcePort", 
                        "#text": "8000"
                    }, 
                    {
                        "@Name": "SourcePortName"
                    }, 
                    {
                        "@Name": "DestinationIsIpv6", 
                        "#text": "false"
                    }, 
                    {
                        "@Name": "DestinationIp", 
                        "#text": "192.168.168.1"
                    }, 
                    {
                        "@Name": "DestinationHostname"
                    }, 
                    {
                        "@Name": "DestinationPort", 
                        "#text": "53804"
                    }, 
                    {
                        "@Name": "DestinationPortName"
                    }
                ]
            }
        }, 
        {
            "@xmlns": "http://schemas.microsoft.com/win/2004/08/events/event", 
            "System": {
                "Provider": {
                    "@Name": "Microsoft-Windows-Sysmon", 
                    "@Guid": "{5770385F-C22A-43E0-BF4C-06F5698FFBD9}"
                }, 
                "EventID": "3", 
                "Version": "5", 
                "Level": "4", 
                "Task": "3", 
                "Opcode": "0", 
                "Keywords": "0x8000000000000000", 
                "TimeCreated": {
                    "@SystemTime": "2022-03-19T20:13:12.839625000Z"
                }, 
                "EventRecordID": "10331", 
                "Correlation": null, 
                "Execution": {
                    "@ProcessID": "1220", 
                    "@ThreadID": "1872"
                }, 
                "Channel": "Microsoft-Windows-Sysmon/Operational", 
                "Computer": "ILaDiGZTnWiEh", 
                "Security": {
                    "@UserID": "S-1-5-18"
                }
            }, 
            "EventData": {
                "Data": [
                    {
                        "@Name": "RuleName"
                    }, 
                    {
                        "@Name": "UtcTime", 
                        "#text": "2020-06-16 07:16:43.320"
                    }, 
                    {
                        "@Name": "ProcessGuid", 
                        "#text": "{7EA2F8B5-6F69-5EE8-0000-001004E40000}"
                    }, 
                    {
                        "@Name": "ProcessId", 
                        "#text": "352"
                    }, 
                    {
                        "@Name": "Image", 
                        "#text": "C:\\Windows\\System32\\svchost.exe"
                    }, 
                    {
                        "@Name": "User", 
                        "#text": "NT AUTHORITY\\NETWORK SERVICE"
                    }, 
                    {
                        "@Name": "Protocol", 
                        "#text": "udp"
                    }, 
                    {
                        "@Name": "Initiated", 
                        "#text": "false"
                    }, 
                    {
                        "@Name": "SourceIsIpv6", 
                        "#text": "true"
                    }, 
                    {
                        "@Name": "SourceIp", 
                        "#text": "ff02:0:0:0:0:0:1:3"
                    }, 
                    {
                        "@Name": "SourceHostname"
                    }, 
                    {
                        "@Name": "SourcePort", 
                        "#text": "5355"
                    }, 
                    {
                        "@Name": "SourcePortName", 
                        "#text": "llmnr"
                    }, 
                    {
                        "@Name": "DestinationIsIpv6", 
                        "#text": "true"
                    }, 
                    {
                        "@Name": "DestinationIp", 
                        "#text": "fe80:0:0:0:1824:20ba:98b7:e4bc"
                    }, 
                    {
                        "@Name": "DestinationHostname", 
                        "#text": "ILaDiGZTnWiEh"
                    }, 
                    {
                        "@Name": "DestinationPort", 
                        "#text": "53658"
                    }, 
                    {
                        "@Name": "DestinationPortName"
                    }
                ]
            }
        }, 
        {
            "@xmlns": "http://schemas.microsoft.com/win/2004/08/events/event", 
            "System": {
                "Provider": {
                    "@Name": "Microsoft-Windows-Sysmon", 
                    "@Guid": "{5770385F-C22A-43E0-BF4C-06F5698FFBD9}"
                }, 
                "EventID": "3", 
                "Version": "5", 
                "Level": "4", 
                "Task": "3", 
                "Opcode": "0", 
                "Keywords": "0x8000000000000000", 
                "TimeCreated": {
                    "@SystemTime": "2022-03-19T20:13:12.839625000Z"
                }, 
                "EventRecordID": "10330", 
                "Correlation": null, 
                "Execution": {
                    "@ProcessID": "1220", 
                    "@ThreadID": "1872"
                }, 
                "Channel": "Microsoft-Windows-Sysmon/Operational", 
                "Computer": "ILaDiGZTnWiEh", 
                "Security": {
                    "@UserID": "S-1-5-18"
                }
            }, 
            "EventData": {
                "Data": [
                    {
                        "@Name": "RuleName"
                    }, 
                    {
                        "@Name": "UtcTime", 
                        "#text": "2020-06-16 07:16:42.815"
                    }, 
                    {
                        "@Name": "ProcessGuid", 
                        "#text": "{7EA2F8B5-6F69-5EE8-0000-001004E40000}"
                    }, 
                    {
                        "@Name": "ProcessId", 
                        "#text": "352"
                    }, 
                    {
                        "@Name": "Image", 
                        "#text": "C:\\Windows\\System32\\svchost.exe"
                    }, 
                    {
                        "@Name": "User", 
                        "#text": "NT AUTHORITY\\NETWORK SERVICE"
                    }, 
                    {
                        "@Name": "Protocol", 
                        "#text": "udp"
                    }, 
                    {
                        "@Name": "Initiated", 
                        "#text": "false"
                    }, 
                    {
                        "@Name": "SourceIsIpv6", 
                        "#text": "false"
                    }, 
                    {
                        "@Name": "SourceIp", 
                        "#text": "224.0.0.252"
                    }, 
                    {
                        "@Name": "SourceHostname"
                    }, 
                    {
                        "@Name": "SourcePort", 
                        "#text": "5355"
                    }, 
                    {
                        "@Name": "SourcePortName", 
                        "#text": "llmnr"
                    }, 
                    {
                        "@Name": "DestinationIsIpv6", 
                        "#text": "false"
                    }, 
                    {
                        "@Name": "DestinationIp", 
                        "#text": "192.168.168.211"
                    }, 
                    {
                        "@Name": "DestinationHostname", 
                        "#text": "jmwNbVnAkwkMk"
                    }, 
                    {
                        "@Name": "DestinationPort", 
                        "#text": "57556"
                    }, 
                    {
                        "@Name": "DestinationPortName"
                    }
                ]
            }
        }, 
        {
            "@xmlns": "http://schemas.microsoft.com/win/2004/08/events/event", 
            "System": {
                "Provider": {
                    "@Name": "Microsoft-Windows-Sysmon", 
                    "@Guid": "{5770385F-C22A-43E0-BF4C-06F5698FFBD9}"
                }, 
                "EventID": "3", 
                "Version": "5", 
                "Level": "4", 
                "Task": "3", 
                "Opcode": "0", 
                "Keywords": "0x8000000000000000", 
                "TimeCreated": {
                    "@SystemTime": "2022-03-19T20:13:12.839625000Z"
                }, 
                "EventRecordID": "10329", 
                "Correlation": null, 
                "Execution": {
                    "@ProcessID": "1220", 
                    "@ThreadID": "1872"
                }, 
                "Channel": "Microsoft-Windows-Sysmon/Operational", 
                "Computer": "ILaDiGZTnWiEh", 
                "Security": {
                    "@UserID": "S-1-5-18"
                }
            }, 
            "EventData": {
                "Data": [
                    {
                        "@Name": "RuleName"
                    }, 
                    {
                        "@Name": "UtcTime", 
                        "#text": "2020-06-16 07:16:42.815"
                    }, 
                    {
                        "@Name": "ProcessGuid", 
                        "#text": "{7EA2F8B5-6F69-5EE8-0000-001004E40000}"
                    }, 
                    {
                        "@Name": "ProcessId", 
                        "#text": "352"
                    }, 
                    {
                        "@Name": "Image", 
                        "#text": "C:\\Windows\\System32\\svchost.exe"
                    }, 
                    {
                        "@Name": "User", 
                        "#text": "NT AUTHORITY\\NETWORK SERVICE"
                    }, 
                    {
                        "@Name": "Protocol", 
                        "#text": "udp"
                    }, 
                    {
                        "@Name": "Initiated", 
                        "#text": "false"
                    }, 
                    {
                        "@Name": "SourceIsIpv6", 
                        "#text": "true"
                    }, 
                    {
                        "@Name": "SourceIp", 
                        "#text": "ff02:0:0:0:0:0:1:3"
                    }, 
                    {
                        "@Name": "SourceHostname"
                    }, 
                    {
                        "@Name": "SourcePort", 
                        "#text": "5355"
                    }, 
                    {
                        "@Name": "SourcePortName", 
                        "#text": "llmnr"
                    }, 
                    {
                        "@Name": "DestinationIsIpv6", 
                        "#text": "true"
                    }, 
                    {
                        "@Name": "DestinationIp", 
                        "#text": "fe80:0:0:0:f871:aaf5:aef6:a446"
                    }, 
                    {
                        "@Name": "DestinationHostname", 
                        "#text": "jmwNbVnAkwkMk"
                    }, 
                    {
                        "@Name": "DestinationPort", 
                        "#text": "58113"
                    }, 
                    {
                        "@Name": "DestinationPortName"
                    }
                ]
            }
        }, 
        {
            "@xmlns": "http://schemas.microsoft.com/win/2004/08/events/event", 
            "System": {
                "Provider": {
                    "@Name": "Microsoft-Windows-Sysmon", 
                    "@Guid": "{5770385F-C22A-43E0-BF4C-06F5698FFBD9}"
                }, 
                "EventID": "3", 
                "Version": "5", 
                "Level": "4", 
                "Task": "3", 
                "Opcode": "0", 
                "Keywords": "0x8000000000000000", 
                "TimeCreated": {
                    "@SystemTime": "2022-03-19T20:13:11.839625000Z"
                }, 
                "EventRecordID": "10328", 
                "Correlation": null, 
                "Execution": {
                    "@ProcessID": "1220", 
                    "@ThreadID": "1872"
                }, 
                "Channel": "Microsoft-Windows-Sysmon/Operational", 
                "Computer": "ILaDiGZTnWiEh", 
                "Security": {
                    "@UserID": "S-1-5-18"
                }
            }, 
            "EventData": {
                "Data": [
                    {
                        "@Name": "RuleName"
                    }, 
                    {
                        "@Name": "UtcTime", 
                        "#text": "2020-06-16 07:16:42.399"
                    }, 
                    {
                        "@Name": "ProcessGuid", 
                        "#text": "{7EA2F8B5-6F69-5EE8-0000-001004E40000}"
                    }, 
                    {
                        "@Name": "ProcessId", 
                        "#text": "352"
                    }, 
                    {
                        "@Name": "Image", 
                        "#text": "C:\\Windows\\System32\\svchost.exe"
                    }, 
                    {
                        "@Name": "User", 
                        "#text": "NT AUTHORITY\\NETWORK SERVICE"
                    }, 
                    {
                        "@Name": "Protocol", 
                        "#text": "udp"
                    }, 
                    {
                        "@Name": "Initiated", 
                        "#text": "false"
                    }, 
                    {
                        "@Name": "SourceIsIpv6", 
                        "#text": "true"
                    }, 
                    {
                        "@Name": "SourceIp", 
                        "#text": "ff02:0:0:0:0:0:1:3"
                    }, 
                    {
                        "@Name": "SourceHostname"
                    }, 
                    {
                        "@Name": "SourcePort", 
                        "#text": "5355"
                    }, 
                    {
                        "@Name": "SourcePortName", 
                        "#text": "llmnr"
                    }, 
                    {
                        "@Name": "DestinationIsIpv6", 
                        "#text": "true"
                    }, 
                    {
                        "@Name": "DestinationIp", 
                        "#text": "fe80:0:0:0:1824:20ba:98b7:e4bc"
                    }, 
                    {
                        "@Name": "DestinationHostname", 
                        "#text": "ILaDiGZTnWiEh"
                    }, 
                    {
                        "@Name": "DestinationPort", 
                        "#text": "61722"
                    }, 
                    {
                        "@Name": "DestinationPortName"
                    }
                ]
            }
        }, 
        {
            "@xmlns": "http://schemas.microsoft.com/win/2004/08/events/event", 
            "System": {
                "Provider": {
                    "@Name": "Microsoft-Windows-Sysmon", 
                    "@Guid": "{5770385F-C22A-43E0-BF4C-06F5698FFBD9}"
                }, 
                "EventID": "3", 
                "Version": "5", 
                "Level": "4", 
                "Task": "3", 
                "Opcode": "0", 
                "Keywords": "0x8000000000000000", 
                "TimeCreated": {
                    "@SystemTime": "2022-03-19T20:13:10.839625000Z"
                }, 
                "EventRecordID": "10327", 
                "Correlation": null, 
                "Execution": {
                    "@ProcessID": "1220", 
                    "@ThreadID": "1872"
                }, 
                "Channel": "Microsoft-Windows-Sysmon/Operational", 
                "Computer": "ILaDiGZTnWiEh", 
                "Security": {
                    "@UserID": "S-1-5-18"
                }
            }, 
            "EventData": {
                "Data": [
                    {
                        "@Name": "RuleName"
                    }, 
                    {
                        "@Name": "UtcTime", 
                        "#text": "2020-06-16 07:16:41.586"
                    }, 
                    {
                        "@Name": "ProcessGuid", 
                        "#text": "{7EA2F8B5-6F69-5EE8-0000-001004E40000}"
                    }, 
                    {
                        "@Name": "ProcessId", 
                        "#text": "352"
                    }, 
                    {
                        "@Name": "Image", 
                        "#text": "C:\\Windows\\System32\\svchost.exe"
                    }, 
                    {
                        "@Name": "User", 
                        "#text": "NT AUTHORITY\\NETWORK SERVICE"
                    }, 
                    {
                        "@Name": "Protocol", 
                        "#text": "udp"
                    }, 
                    {
                        "@Name": "Initiated", 
                        "#text": "false"
                    }, 
                    {
                        "@Name": "SourceIsIpv6", 
                        "#text": "false"
                    }, 
                    {
                        "@Name": "SourceIp", 
                        "#text": "224.0.0.252"
                    }, 
                    {
                        "@Name": "SourceHostname"
                    }, 
                    {
                        "@Name": "SourcePort", 
                        "#text": "5355"
                    }, 
                    {
                        "@Name": "SourcePortName", 
                        "#text": "llmnr"
                    }, 
                    {
                        "@Name": "DestinationIsIpv6", 
                        "#text": "false"
                    }, 
                    {
                        "@Name": "DestinationIp", 
                        "#text": "192.168.168.228"
                    }, 
                    {
                        "@Name": "DestinationHostname", 
                        "#text": "mWjmzDkfPG"
                    }, 
                    {
                        "@Name": "DestinationPort", 
                        "#text": "53943"
                    }, 
                    {
                        "@Name": "DestinationPortName"
                    }
                ]
            }
        }, 
        {
            "@xmlns": "http://schemas.microsoft.com/win/2004/08/events/event", 
            "System": {
                "Provider": {
                    "@Name": "Microsoft-Windows-Sysmon", 
                    "@Guid": "{5770385F-C22A-43E0-BF4C-06F5698FFBD9}"
                }, 
                "EventID": "3", 
                "Version": "5", 
                "Level": "4", 
                "Task": "3", 
                "Opcode": "0", 
                "Keywords": "0x8000000000000000", 
                "TimeCreated": {
                    "@SystemTime": "2022-03-19T20:13:10.839625000Z"
                }, 
                "EventRecordID": "10326", 
                "Correlation": null, 
                "Execution": {
                    "@ProcessID": "1220", 
                    "@ThreadID": "1872"
                }, 
                "Channel": "Microsoft-Windows-Sysmon/Operational", 
                "Computer": "ILaDiGZTnWiEh", 
                "Security": {
                    "@UserID": "S-1-5-18"
                }
            }, 
            "EventData": {
                "Data": [
                    {
                        "@Name": "RuleName"
                    }, 
                    {
                        "@Name": "UtcTime", 
                        "#text": "2020-06-16 07:16:41.586"
                    }, 
                    {
                        "@Name": "ProcessGuid", 
                        "#text": "{7EA2F8B5-6F69-5EE8-0000-001004E40000}"
                    }, 
                    {
                        "@Name": "ProcessId", 
                        "#text": "352"
                    }, 
                    {
                        "@Name": "Image", 
                        "#text": "C:\\Windows\\System32\\svchost.exe"
                    }, 
                    {
                        "@Name": "User", 
                        "#text": "NT AUTHORITY\\NETWORK SERVICE"
                    }, 
                    {
                        "@Name": "Protocol", 
                        "#text": "udp"
                    }, 
                    {
                        "@Name": "Initiated", 
                        "#text": "false"
                    }, 
                    {
                        "@Name": "SourceIsIpv6", 
                        "#text": "true"
                    }, 
                    {
                        "@Name": "SourceIp", 
                        "#text": "ff02:0:0:0:0:0:1:3"
                    }, 
                    {
                        "@Name": "SourceHostname"
                    }, 
                    {
                        "@Name": "SourcePort", 
                        "#text": "5355"
                    }, 
                    {
                        "@Name": "SourcePortName", 
                        "#text": "llmnr"
                    }, 
                    {
                        "@Name": "DestinationIsIpv6", 
                        "#text": "true"
                    }, 
                    {
                        "@Name": "DestinationIp", 
                        "#text": "fe80:0:0:0:3cc1:44c2:3e5a:daf3"
                    }, 
                    {
                        "@Name": "DestinationHostname", 
                        "#text": "mWjmzDkfPG"
                    }, 
                    {
                        "@Name": "DestinationPort", 
                        "#text": "49670"
                    }, 
                    {
                        "@Name": "DestinationPortName"
                    }
                ]
            }
        }, 
        {
            "@xmlns": "http://schemas.microsoft.com/win/2004/08/events/event", 
            "System": {
                "Provider": {
                    "@Name": "Microsoft-Windows-Sysmon", 
                    "@Guid": "{5770385F-C22A-43E0-BF4C-06F5698FFBD9}"
                }, 
                "EventID": "3", 
                "Version": "5", 
                "Level": "4", 
                "Task": "3", 
                "Opcode": "0", 
                "Keywords": "0x8000000000000000", 
                "TimeCreated": {
                    "@SystemTime": "2022-03-19T20:13:09.839625000Z"
                }, 
                "EventRecordID": "10325", 
                "Correlation": null, 
                "Execution": {
                    "@ProcessID": "1220", 
                    "@ThreadID": "1872"
                }, 
                "Channel": "Microsoft-Windows-Sysmon/Operational", 
                "Computer": "ILaDiGZTnWiEh", 
                "Security": {
                    "@UserID": "S-1-5-18"
                }
            }, 
            "EventData": {
                "Data": [
                    {
                        "@Name": "RuleName"
                    }, 
                    {
                        "@Name": "UtcTime", 
                        "#text": "2020-06-16 07:16:40.412"
                    }, 
                    {
                        "@Name": "ProcessGuid", 
                        "#text": "{7EA2F8B5-6F6C-5EE8-0000-0010C58A0200}"
                    }, 
                    {
                        "@Name": "ProcessId", 
                        "#text": "1988"
                    }, 
                    {
                        "@Name": "Image", 
                        "#text": "C:\\Python27\\pythonw.exe"
                    }, 
                    {
                        "@Name": "User", 
                        "#text": "ILADIGZTNWIEH\\Administrator"
                    }, 
                    {
                        "@Name": "Protocol", 
                        "#text": "tcp"
                    }, 
                    {
                        "@Name": "Initiated", 
                        "#text": "false"
                    }, 
                    {
                        "@Name": "SourceIsIpv6", 
                        "#text": "false"
                    }, 
                    {
                        "@Name": "SourceIp", 
                        "#text": "192.168.168.210"
                    }, 
                    {
                        "@Name": "SourceHostname", 
                        "#text": "ILaDiGZTnWiEh"
                    }, 
                    {
                        "@Name": "SourcePort", 
                        "#text": "8000"
                    }, 
                    {
                        "@Name": "SourcePortName"
                    }, 
                    {
                        "@Name": "DestinationIsIpv6", 
                        "#text": "false"
                    }, 
                    {
                        "@Name": "DestinationIp", 
                        "#text": "192.168.168.1"
                    }, 
                    {
                        "@Name": "DestinationHostname"
                    }, 
                    {
                        "@Name": "DestinationPort", 
                        "#text": "53802"
                    }, 
                    {
                        "@Name": "DestinationPortName"
                    }
                ]
            }
        }, 
